<?xml version="1.0" encoding="UTF-8" standalone="no"?>
<?xml-stylesheet type="text/xsl" href="../../jgenhtml.xsl"?><coverage branch-rate="NaN" branches-covered="0" branches-valid="0" complexity="0" date="2023-05-13" filename="batch_operation_replace.dart" function-rate="NaN" functions-covered="0" functions-valid="0" line-rate="1.0" lines-covered="2" lines-valid="2" package="/batch/operations" testname="lcov.info" version="1.5">
<lines>
<line>
<code>import '../../base_document.dart';</code>
</line>
<line>
<code>import '../../partition/partition_key.dart';</code>
</line>
<line>
<code>import '../../partition/partition_key_spec.dart';</code>
</line>
<line>
<code>import '../batch_operation.dart';</code>
</line>
<line>
<code>import '../batch_operation_type.dart';</code>
</line>
<line>
<code/>
</line>
<line>
<code>/// Batch operation for replacing a document in the target container.</code>
</line>
<line>
<code>class BatchOperationReplace&lt;T extends BaseDocument&gt;</code>
</line>
<line>
<code>    extends BatchOperationOnItem&lt;T&gt; {</code>
</line>
<line>
<code>  /// Creates a batch operation for replacing document [item].</code>
</line>
<line hits="2">
<code>  BatchOperationReplace(T item,</code>
<hit count="2" name="&lt;unnamed&gt;"/>
</line>
<line>
<code>      {PartitionKeySpec? partitionKeySpec, PartitionKey? partitionKey})</code>
</line>
<line hits="1">
<code>      : super(item,</code>
<hit count="1" name="&lt;unnamed&gt;"/>
</line>
<line>
<code>            partitionKeySpec: partitionKeySpec, partitionKey: partitionKey);</code>
</line>
<line>
<code/>
</line>
<line>
<code>  @override</code>
</line>
<line>
<code>  final BatchOperationType type = BatchOperationType.replace;</code>
</line>
<line>
<code>}</code>
</line>
</lines>
<config branch-coverage="true" description-file="false" function-coverage="true" genhtml_hi_limit="90" genhtml_med_limit="75" legend="false" no-sort="false" no-source="false"/>
<base href="../../"/>
<base href="../../"/>
</coverage>
