<?xml version="1.0" encoding="UTF-8" standalone="no"?>
<?xml-stylesheet type="text/xsl" href="../../jgenhtml.xsl"?><coverage branch-rate="NaN" branches-covered="0" branches-valid="0" complexity="0" date="2023-06-08" filename="batch_operation_delete.dart" function-rate="NaN" functions-covered="0" functions-valid="0" line-rate="1.0" lines-covered="7" lines-valid="7" package="/batch/operations" testname="lcov.info" version="1.5">
<lines>
<line>
<code>import '../../partition/partition_key.dart';</code>
</line>
<line>
<code>import '../batch_operation.dart';</code>
</line>
<line>
<code>import '../batch_operation_type.dart';</code>
</line>
<line>
<code/>
</line>
<line>
<code>/// Batch operation for deleting a document from the target container.</code>
</line>
<line>
<code>class BatchOperationDelete extends BatchOperation {</code>
</line>
<line>
<code>  /// Creates a batch operation for deleting document with [id] and [partitionKey].</code>
</line>
<line hits="2">
<code>  BatchOperationDelete(this.id, {PartitionKey? partitionKey})</code>
<hit count="2" name="&lt;unnamed&gt;"/>
</line>
<line hits="1">
<code>      : super(partitionKey: partitionKey);</code>
<hit count="1" name="&lt;unnamed&gt;"/>
</line>
<line>
<code/>
</line>
<line>
<code>  @override</code>
</line>
<line>
<code>  final BatchOperationType type = BatchOperationType.delete;</code>
</line>
<line>
<code/>
</line>
<line>
<code>  /// The target document [id].</code>
</line>
<line>
<code>  final String id;</code>
</line>
<line>
<code/>
</line>
<line hits="1">
<code>  @override</code>
<hit count="1" name="&lt;unnamed&gt;"/>
</line>
<line hits="2">
<code>  Map&lt;String, dynamic&gt; toJson() =&gt; super.toJson()</code>
<hit count="2" name="&lt;unnamed&gt;"/>
</line>
<line hits="3">
<code>    ..addAll({</code>
<hit count="3" name="&lt;unnamed&gt;"/>
</line>
<line hits="2">
<code>      'id': id,</code>
<hit count="2" name="&lt;unnamed&gt;"/>
</line>
<line hits="1">
<code>    });</code>
<hit count="1" name="&lt;unnamed&gt;"/>
</line>
<line>
<code>}</code>
</line>
</lines>
<config branch-coverage="true" description-file="false" function-coverage="true" genhtml_hi_limit="90" genhtml_med_limit="75" legend="false" no-sort="false" no-source="false"/>
<base href="../../"/>
<base href="../../"/>
</coverage>
