<?xml version="1.0" encoding="UTF-8" standalone="no"?>
<?xml-stylesheet type="text/xsl" href="../jgenhtml.xsl"?><coverage branch-rate="NaN" branches-covered="0" branches-valid="0" complexity="0" date="2025-01-06" filename="base_document.dart" function-rate="NaN" functions-covered="0" functions-valid="0" line-rate="1.0" lines-covered="2" lines-valid="2" package="src" testname="lcov.info" version="1.6">
<lines>
<line number="1">
<code>/// Function definition to hydrate (deserialize) CosmosDB documents.</code>
</line>
<line number="2">
<code>typedef DocumentBuilder&lt;T extends BaseDocument&gt; = T Function(Map json);</code>
</line>
<line number="3">
<code/>
</line>
<line number="4">
<code>/// Base class for CosmosDB documents.</code>
</line>
<line number="5">
<code>abstract class BaseDocument {</code>
</line>
<line number="6">
<code>  /// The document's [id].</code>
</line>
<line number="7">
<code>  dynamic get id;</code>
</line>
<line number="8">
<code/>
</line>
<line number="9">
<code>  /// Serializes this instance to a JSON object.</code>
</line>
<line number="10">
<code>  dynamic toJson();</code>
</line>
<line number="11">
<code>}</code>
</line>
<line number="12">
<code/>
</line>
<line number="13">
<code>/// Base class for CosmosDB documents including the `etag` property.</code>
</line>
<line number="14">
<code>abstract class BaseDocumentWithEtag extends BaseDocument with EtagMixin {}</code>
</line>
<line number="15">
<code/>
</line>
<line number="16">
<code>/// Base class for CosmosDB documents including the `etag` property.</code>
</line>
<line number="17">
<code>mixin EtagMixin on BaseDocument {</code>
</line>
<line number="18">
<code>  /// The document's `etag` property.</code>
</line>
<line hits="2" number="19">
<code>  String get etag =&gt; _etag ?? '';</code>
<hit count="2" name="&lt;unnamed&gt;"/>
</line>
<line number="20">
<code>  String? _etag;</code>
</line>
<line number="21">
<code/>
</line>
<line number="22">
<code>  /// Set `etag` from a JSON map; to be called by [DocumentBuilder] methods.</code>
</line>
<line hits="9" number="23">
<code>  void setEtag(Map json) =&gt; _etag = json['_etag'];</code>
<hit count="9" name="&lt;unnamed&gt;"/>
</line>
<line number="24">
<code>}</code>
</line>
<line number="25">
<code/>
</line>
<line number="26">
<code>/// Internal use: base class for query/patch/batch requests.</code>
</line>
<line number="27">
<code>abstract class SpecialDocument implements BaseDocument {</code>
</line>
<line number="28">
<code>  @override</code>
</line>
<line number="29">
<code>  final String id = '';</code>
</line>
<line number="30">
<code>}</code>
</line>
</lines>
<config branch-coverage="true" description-file="false" function-coverage="true" genhtml_hi_limit="90" genhtml_med_limit="75" legend="false" no-sort="false" no-source="false" show-details="false"/>
<base href="../"/>
<base href="../"/>
</coverage>
