<?xml version="1.0" encoding="UTF-8" standalone="no"?>
<?xml-stylesheet type="text/xsl" href="../jgenhtml.xsl"?><coverage branch-rate="NaN" branches-covered="0" branches-valid="0" complexity="0" date="2023-01-11" filename="base_document.dart" function-rate="NaN" functions-covered="0" functions-valid="0" line-rate="0.8333333" lines-covered="5" lines-valid="6" package="/src" testname="lcov.info" version="1.5">
<lines>
<line>
<code>/// Function definition to hydrate (deserialize) CosmosDB documents.</code>
</line>
<line>
<code>typedef DocumentBuilder&lt;T extends BaseDocument&gt; = T Function(Map json);</code>
</line>
<line>
<code/>
</line>
<line>
<code>/// Base class for CosmosDB documents.</code>
</line>
<line>
<code>abstract class BaseDocument {</code>
</line>
<line>
<code>  /// The document's [id].</code>
</line>
<line>
<code>  dynamic get id;</code>
</line>
<line>
<code/>
</line>
<line>
<code>  /// Serialization to a JSON map.</code>
</line>
<line>
<code>  dynamic toJson();</code>
</line>
<line>
<code>}</code>
</line>
<line>
<code/>
</line>
<line>
<code>/// Base class for query/patch documents.</code>
</line>
<line>
<code>abstract class SpecialDocument implements BaseDocument {</code>
</line>
<line hits="0">
<code>  @override</code>
</line>
<line>
<code>  String get id =&gt; '';</code>
</line>
<line>
<code>}</code>
</line>
<line>
<code/>
</line>
<line>
<code>/// Base class for a document with an id.</code>
</line>
<line>
<code>class DocumentWithId implements BaseDocument {</code>
</line>
<line hits="2">
<code>  DocumentWithId(this.id);</code>
<hit count="2" name="&lt;unnamed&gt;"/>
</line>
<line>
<code/>
</line>
<line>
<code>  @override</code>
</line>
<line>
<code>  final dynamic id;</code>
</line>
<line>
<code/>
</line>
<line hits="1">
<code>  @override</code>
<hit count="1" name="&lt;unnamed&gt;"/>
</line>
<line hits="3">
<code>  dynamic toJson() =&gt; {'id': id};</code>
<hit count="3" name="&lt;unnamed&gt;"/>
</line>
<line>
<code>}</code>
</line>
<line>
<code/>
</line>
<line>
<code>/// Base class for CosmosDB documents including the `etag` property.</code>
</line>
<line>
<code>abstract class BaseDocumentWithEtag extends BaseDocument with EtagMixin {}</code>
</line>
<line>
<code/>
</line>
<line>
<code>/// Base class for CosmosDB documents including the `etag` property.</code>
</line>
<line>
<code>mixin EtagMixin on BaseDocument {</code>
</line>
<line>
<code>  /// The document's `etag` property.</code>
</line>
<line hits="3">
<code>  String get etag =&gt; _etag ?? '';</code>
<hit count="3" name="&lt;unnamed&gt;"/>
</line>
<line>
<code>  String? _etag;</code>
</line>
<line>
<code/>
</line>
<line>
<code>  /// Set `etag` from a JSON map; to be called by [DocumentBuilder] methods.</code>
</line>
<line hits="10">
<code>  void setEtag(Map json) =&gt; _etag = json['_etag'];</code>
<hit count="10" name="&lt;unnamed&gt;"/>
</line>
<line>
<code>}</code>
</line>
</lines>
<config branch-coverage="true" description-file="false" function-coverage="true" genhtml_hi_limit="90" genhtml_med_limit="75" legend="false" no-sort="false" no-source="false"/>
<base href="../"/>
<base href="../"/>
</coverage>
