<?xml version="1.0" encoding="UTF-8" standalone="no"?>
<?xml-stylesheet type="text/xsl" href="../jgenhtml.xsl"?><coverage branch-rate="NaN" branches-covered="0" branches-valid="0" complexity="0" date="2023-01-04" filename="cosmos_db_collection.dart" function-rate="NaN" functions-covered="0" functions-valid="0" line-rate="0.35915494" lines-covered="51" lines-valid="142" package="/src" testname="lcov.info" version="1.5">
<lines>
<line>
<code>import '_internal/_http_header.dart';</code>
</line>
<line>
<code>import 'base_document.dart';</code>
</line>
<line>
<code>import 'batch/transactional_batch.dart';</code>
</line>
<line>
<code>import 'client/_client.dart';</code>
</line>
<line>
<code>import 'client/_context.dart';</code>
</line>
<line>
<code>import 'cosmos_db_database.dart';</code>
</line>
<line>
<code>import 'cosmos_db_exceptions.dart';</code>
</line>
<line>
<code>import 'indexing/geospatial_config.dart';</code>
</line>
<line>
<code>import 'indexing/indexing_policy.dart';</code>
</line>
<line>
<code>import 'partition/partition_key.dart';</code>
</line>
<line>
<code>import 'partition/partition_key_range.dart';</code>
</line>
<line>
<code>import 'partition/partition_key_spec.dart';</code>
</line>
<line>
<code>import 'patch/patch.dart';</code>
</line>
<line>
<code>import 'permissions/cosmos_db_permission.dart';</code>
</line>
<line>
<code>import 'queries/query.dart';</code>
</line>
<line>
<code>import 'cosmos_db_server.dart';</code>
</line>
<line>
<code/>
</line>
<line>
<code>/// Class representing a CosmosDB collection.</code>
</line>
<line>
<code>class CosmosDbCollection extends BaseDocument {</code>
</line>
<line hits="1">
<code>  CosmosDbCollection(this.database, this.id,</code>
<hit count="1" name="&lt;unnamed&gt;"/>
</line>
<line>
<code>      {PartitionKeySpec? partitionKeySpec,</code>
</line>
<line>
<code>      IndexingPolicy? indexingPolicy,</code>
</line>
<line>
<code>      GeospatialConfig? geospatialConfig})</code>
</line>
<line hits="2">
<code>      : url = '${database.url}/colls/$id',</code>
<hit count="2" name="&lt;unnamed&gt;"/>
</line>
<line hits="1">
<code>        partitionKeySpec = partitionKeySpec ?? PartitionKeySpec.id,</code>
<hit count="1" name="&lt;unnamed&gt;"/>
</line>
<line>
<code>        _indexingPolicy = indexingPolicy,</code>
</line>
<line>
<code>        _geospatialConfig = geospatialConfig;</code>
</line>
<line>
<code/>
</line>
<line>
<code>  /// The collection's parent [CosmosDbDatabase].</code>
</line>
<line>
<code>  final CosmosDbDatabase database;</code>
</line>
<line>
<code/>
</line>
<line>
<code>  /// The collection's base [url].</code>
</line>
<line>
<code>  final String url;</code>
</line>
<line>
<code/>
</line>
<line>
<code>  /// Flag indicating whether the collection exists in CosmosDB.</code>
</line>
<line>
<code>  /// `null` if no check has been made yet.</code>
</line>
<line hits="2">
<code>  bool? get exists =&gt; _exists;</code>
<hit count="2" name="&lt;unnamed&gt;"/>
</line>
<line>
<code>  bool? _exists;</code>
</line>
<line>
<code/>
</line>
<line>
<code>  @override</code>
</line>
<line>
<code>  final String id;</code>
</line>
<line>
<code/>
</line>
<line>
<code>  /// The collection's partition key specification.</code>
</line>
<line>
<code>  final PartitionKeySpec partitionKeySpec;</code>
</line>
<line>
<code/>
</line>
<line>
<code>  /// The collection's indexing policy.</code>
</line>
<line hits="0">
<code>  IndexingPolicy? get indexingPolicy =&gt; _indexingPolicy;</code>
</line>
<line>
<code>  IndexingPolicy? _indexingPolicy;</code>
</line>
<line>
<code/>
</line>
<line>
<code>  /// The collection's indexing policy.</code>
</line>
<line hits="1">
<code>  GeospatialConfig? get geospatialConfig =&gt;</code>
<hit count="1" name="&lt;unnamed&gt;"/>
</line>
<line hits="3">
<code>      _geospatialConfig ?? GeospatialConfig.forPolicy(_indexingPolicy);</code>
<hit count="3" name="&lt;unnamed&gt;"/>
</line>
<line>
<code>  GeospatialConfig? _geospatialConfig;</code>
</line>
<line>
<code/>
</line>
<line hits="1">
<code>  @override</code>
<hit count="1" name="&lt;unnamed&gt;"/>
</line>
<line hits="1">
<code>  Map&lt;String, dynamic&gt; toJson() =&gt; {</code>
<hit count="1" name="&lt;unnamed&gt;"/>
</line>
<line hits="2">
<code>        'id': id,</code>
<hit count="2" name="&lt;unnamed&gt;"/>
</line>
<line hits="3">
<code>        'partitionKey': partitionKeySpec.toJson(),</code>
<hit count="3" name="&lt;unnamed&gt;"/>
</line>
<line hits="1">
<code>        if (_indexingPolicy != null)</code>
<hit count="1" name="&lt;unnamed&gt;"/>
</line>
<line hits="3">
<code>          'indexingPolicy': _indexingPolicy!.toJson(),</code>
<hit count="3" name="&lt;unnamed&gt;"/>
</line>
<line hits="1">
<code>        if (geospatialConfig != null)</code>
<hit count="1" name="&lt;unnamed&gt;"/>
</line>
<line hits="3">
<code>          'geospatialConfig': geospatialConfig!.toJson(),</code>
<hit count="3" name="&lt;unnamed&gt;"/>
</line>
<line>
<code>      };</code>
</line>
<line>
<code/>
</line>
<line>
<code>  /// Use this [CosmosDbPermission] when invoking the CosmosDB API. Using</code>
</line>
<line>
<code>  /// [CosmosDbPermission] is a way to avoid disclosing the master key in</code>
</line>
<line>
<code>  /// client applications; to retrieve or create a permission, you should</code>
</line>
<line>
<code>  /// implement some additional API to be used by your client app. This API</code>
</line>
<line>
<code>  /// will protect your master keys. Most methods from [CosmosDbCollection]</code>
</line>
<line>
<code>  /// support an optional [permission] argument, to allow for overriding</code>
</line>
<line>
<code>  /// this collection-wide [permission].</code>
</line>
<line hits="1">
<code>  void usePermission(CosmosDbPermission permission) {</code>
<hit count="1" name="&lt;unnamed&gt;"/>
</line>
<line hits="2">
<code>    _token = permission.token;</code>
<hit count="2" name="&lt;unnamed&gt;"/>
</line>
<line>
<code>  }</code>
</line>
<line>
<code/>
</line>
<line>
<code>  /// Clear the collection-wide permission.</code>
</line>
<line hits="0">
<code>  void clearPermission() {</code>
</line>
<line hits="0">
<code>    _token = null;</code>
</line>
<line>
<code>  }</code>
</line>
<line>
<code/>
</line>
<line>
<code>  /// Callback to refresh a permission. When the collection-wide</code>
</line>
<line>
<code>  /// [CosmosDbPermission] expires and a CosmosDB API replies with</code>
</line>
<line>
<code>  /// a [ForbiddenException] (HTTP error 403), this callback will</code>
</line>
<line>
<code>  /// be invoked to obtain a new, valid [CosmosDbPermission] that</code>
</line>
<line>
<code>  /// will replace the expired one.</code>
</line>
<line>
<code>  FutureCallback&lt;CosmosDbPermission?&gt;? onForbidden;</code>
</line>
<line>
<code/>
</line>
<line>
<code>  String? _token;</code>
</line>
<line>
<code/>
</line>
<line hits="1">
<code>  Future&lt;CosmosDbPermission?&gt; _refreshPermission() async {</code>
<hit count="1" name="&lt;unnamed&gt;"/>
</line>
<line>
<code>    CosmosDbPermission? permission;</code>
</line>
<line hits="1">
<code>    final callback = onForbidden;</code>
<hit count="1" name="&lt;unnamed&gt;"/>
</line>
<line hits="1">
<code>    if (_token != null &amp;&amp; callback != null) {</code>
<hit count="1" name="&lt;unnamed&gt;"/>
</line>
<line hits="1">
<code>      permission = await callback();</code>
<hit count="1" name="&lt;unnamed&gt;"/>
</line>
<line>
<code>      if (permission != null) {</code>
</line>
<line hits="2">
<code>        _token = permission.token;</code>
<hit count="2" name="&lt;unnamed&gt;"/>
</line>
<line>
<code>      }</code>
</line>
<line>
<code>    }</code>
</line>
<line>
<code>    return permission;</code>
</line>
<line>
<code>  }</code>
</line>
<line>
<code/>
</line>
<line>
<code>  /// Register a [DocumentBuilder] for specified type `T`.</code>
</line>
<line hits="0">
<code>  void registerBuilder&lt;T extends BaseDocument&gt;(DocumentBuilder&lt;T&gt; builder) =&gt;</code>
</line>
<line hits="0">
<code>      database.registerBuilder&lt;T&gt;(builder);</code>
</line>
<line>
<code/>
</line>
<line>
<code>  /// Gets information for this [CosmosDbCollection].</code>
</line>
<line hits="1">
<code>  Future&lt;CosmosDbCollection&gt; getInfo({CosmosDbPermission? permission}) async {</code>
<hit count="1" name="&lt;unnamed&gt;"/>
</line>
<line hits="2">
<code>    final coll = await client.get&lt;CosmosDbCollection&gt;(</code>
<hit count="2" name="&lt;unnamed&gt;"/>
</line>
<line hits="1">
<code>        url,</code>
<hit count="1" name="&lt;unnamed&gt;"/>
</line>
<line hits="1">
<code>        Context(</code>
<hit count="1" name="&lt;unnamed&gt;"/>
</line>
<line>
<code>          type: 'colls',</code>
</line>
<line hits="1">
<code>          token: permission?.token ?? _token,</code>
<hit count="1" name="&lt;unnamed&gt;"/>
</line>
<line>
<code>          throwOnNotFound: true,</code>
</line>
<line hits="3">
<code>          builder: database.collections.fromJson,</code>
<hit count="3" name="&lt;unnamed&gt;"/>
</line>
<line>
<code>        ));</code>
</line>
<line>
<code>    return coll!;</code>
</line>
<line>
<code>  }</code>
</line>
<line>
<code/>
</line>
<line hits="1">
<code>  Future&lt;Iterable&lt;PartitionKeyRange&gt;&gt; getPkRanges(</code>
<hit count="1" name="&lt;unnamed&gt;"/>
</line>
<line>
<code>          {CosmosDbPermission? permission}) =&gt;</code>
</line>
<line hits="2">
<code>      client.getMany&lt;PartitionKeyRange&gt;(</code>
<hit count="2" name="&lt;unnamed&gt;"/>
</line>
<line hits="2">
<code>          '$url/pkranges',</code>
<hit count="2" name="&lt;unnamed&gt;"/>
</line>
<line>
<code>          'PartitionKeyRanges',</code>
</line>
<line hits="1">
<code>          Context(</code>
<hit count="1" name="&lt;unnamed&gt;"/>
</line>
<line hits="1">
<code>              resId: url,</code>
<hit count="1" name="&lt;unnamed&gt;"/>
</line>
<line>
<code>              type: 'pkranges',</code>
</line>
<line hits="1">
<code>              token: permission?.token ?? _token,</code>
<hit count="1" name="&lt;unnamed&gt;"/>
</line>
<line>
<code>              throwOnNotFound: true,</code>
</line>
<line>
<code>              builder: PartitionKeyRange.fromJson));</code>
</line>
<line>
<code/>
</line>
<line>
<code>  /// Gets information for this [CosmosDbCollection].</code>
</line>
<line hits="0">
<code>  Future&lt;void&gt; setIndexingPolicy(IndexingPolicy indexingPolicy,</code>
</line>
<line>
<code>      {GeospatialConfig? geospatialConfig,</code>
</line>
<line>
<code>      CosmosDbPermission? permission}) async {</code>
</line>
<line hits="0">
<code>    final prevIndexingPolicy = _indexingPolicy;</code>
</line>
<line hits="0">
<code>    final prevGeospatialConfig = _geospatialConfig;</code>
</line>
<line hits="0">
<code>    _indexingPolicy = indexingPolicy;</code>
</line>
<line>
<code>    if (geospatialConfig != null) {</code>
</line>
<line hits="0">
<code>      _geospatialConfig = geospatialConfig;</code>
</line>
<line>
<code>    }</code>
</line>
<line>
<code>    try {</code>
</line>
<line hits="0">
<code>      await client.put&lt;CosmosDbCollection&gt;(</code>
</line>
<line hits="0">
<code>          url,</code>
</line>
<line>
<code>          this,</code>
</line>
<line hits="0">
<code>          Context(</code>
</line>
<line>
<code>            type: 'colls',</code>
</line>
<line hits="0">
<code>            token: permission?.token ?? _token,</code>
</line>
<line hits="0">
<code>            builder: database.collections.fromJson,</code>
</line>
<line>
<code>          ));</code>
</line>
<line>
<code>    } catch (ex) {</code>
</line>
<line hits="0">
<code>      _indexingPolicy = prevIndexingPolicy;</code>
</line>
<line hits="0">
<code>      _geospatialConfig = prevGeospatialConfig;</code>
</line>
<line>
<code>      rethrow;</code>
</line>
<line>
<code>    }</code>
</line>
<line>
<code>  }</code>
</line>
<line>
<code/>
</line>
<line>
<code>  /// Finds the document with [id] in this collection. If the document does not exist,</code>
</line>
<line>
<code>  /// this method returns `null` by default. If [throwOnNotFound] is set to `true`, it</code>
</line>
<line>
<code>  /// will instead throw a [NotFoundException].</code>
</line>
<line hits="1">
<code>  Future&lt;T?&gt; find&lt;T extends BaseDocument&gt;(dynamic id,</code>
<hit count="1" name="&lt;unnamed&gt;"/>
</line>
<line>
<code>      {bool throwOnNotFound = false,</code>
</line>
<line>
<code>      PartitionKey? partitionKey,</code>
</line>
<line>
<code>      CosmosDbPermission? permission}) {</code>
</line>
<line hits="1">
<code>    final document = DocumentWithId(id);</code>
<hit count="1" name="&lt;unnamed&gt;"/>
</line>
<line hits="2">
<code>    return client.get&lt;T&gt;(</code>
<hit count="2" name="&lt;unnamed&gt;"/>
</line>
<line hits="3">
<code>      '$url/docs/${document.id}',</code>
<hit count="3" name="&lt;unnamed&gt;"/>
</line>
<line hits="1">
<code>      Context(</code>
<hit count="1" name="&lt;unnamed&gt;"/>
</line>
<line>
<code>        type: 'docs',</code>
</line>
<line>
<code>        throwOnNotFound: throwOnNotFound,</code>
</line>
<line>
<code>        partitionKey:</code>
</line>
<line hits="2">
<code>            partitionKey ?? partitionKeySpec.from(document) ?? PartitionKey.all,</code>
<hit count="2" name="&lt;unnamed&gt;"/>
</line>
<line hits="1">
<code>        token: permission?.token ?? _token,</code>
<hit count="1" name="&lt;unnamed&gt;"/>
</line>
<line hits="1">
<code>        onForbidden: _refreshPermission,</code>
<hit count="1" name="&lt;unnamed&gt;"/>
</line>
<line>
<code>      ),</code>
</line>
<line>
<code>    );</code>
</line>
<line>
<code>  }</code>
</line>
<line>
<code/>
</line>
<line>
<code>  /// Returns the latest version of the document.</code>
</line>
<line hits="0">
<code>  Future&lt;T?&gt; get&lt;T extends BaseDocument&gt;(T document,</code>
</line>
<line>
<code>          {bool throwOnNotFound = false,</code>
</line>
<line>
<code>          PartitionKey? partitionKey,</code>
</line>
<line>
<code>          CosmosDbPermission? permission}) =&gt;</code>
</line>
<line hits="0">
<code>      client</code>
</line>
<line hits="0">
<code>          .get&lt;T&gt;(</code>
</line>
<line hits="0">
<code>            '$url/docs/${document.id}',</code>
</line>
<line hits="0">
<code>            Context(</code>
</line>
<line>
<code>              type: 'docs',</code>
</line>
<line>
<code>              throwOnNotFound: throwOnNotFound,</code>
</line>
<line hits="0">
<code>              headers: (document is EtagMixin)</code>
</line>
<line hits="0">
<code>                  ? {HttpHeader.ifNoneMatch: document.etag}</code>
</line>
<line>
<code>                  : null,</code>
</line>
<line>
<code>              partitionKey: partitionKey ??</code>
</line>
<line hits="0">
<code>                  partitionKeySpec.from(document) ??</code>
</line>
<line>
<code>                  PartitionKey.all,</code>
</line>
<line hits="0">
<code>              token: permission?.token ?? _token,</code>
</line>
<line hits="0">
<code>              onForbidden: _refreshPermission,</code>
</line>
<line>
<code>            ),</code>
</line>
<line>
<code>          )</code>
</line>
<line hits="0">
<code>          .onError&lt;NotModifiedException&gt;((error, stackTrace) =&gt; document);</code>
</line>
<line>
<code/>
</line>
<line>
<code>  /// Lists all documents from this collection.</code>
</line>
<line hits="0">
<code>  Future&lt;Iterable&lt;T&gt;&gt; list&lt;T extends BaseDocument&gt;(</code>
</line>
<line>
<code>          {PartitionKey? partitionKey, CosmosDbPermission? permission}) =&gt;</code>
</line>
<line hits="0">
<code>      client.getMany&lt;T&gt;(</code>
</line>
<line hits="0">
<code>        '$url/docs',</code>
</line>
<line>
<code>        'Documents',</code>
</line>
<line hits="0">
<code>        Context(</code>
</line>
<line>
<code>          type: 'docs',</code>
</line>
<line hits="0">
<code>          resId: url,</code>
</line>
<line>
<code>          partitionKey: partitionKey ?? PartitionKey.all,</code>
</line>
<line hits="0">
<code>          token: permission?.token ?? _token,</code>
</line>
<line hits="0">
<code>          onForbidden: _refreshPermission,</code>
</line>
<line>
<code>        ),</code>
</line>
<line>
<code>      );</code>
</line>
<line>
<code/>
</line>
<line>
<code>  /// Loads documents from this collection matching the provided [query].</code>
</line>
<line hits="0">
<code>  Future&lt;Iterable&lt;T&gt;&gt; query&lt;T extends BaseDocument&gt;(Query query,</code>
</line>
<line>
<code>          {CosmosDbPermission? permission}) =&gt;</code>
</line>
<line hits="0">
<code>      client.query&lt;T&gt;(</code>
</line>
<line hits="0">
<code>        '$url/docs',</code>
</line>
<line>
<code>        query,</code>
</line>
<line>
<code>        'Documents',</code>
</line>
<line hits="0">
<code>        Context(</code>
</line>
<line>
<code>          type: 'docs',</code>
</line>
<line hits="0">
<code>          resId: url,</code>
</line>
<line hits="0">
<code>          token: permission?.token ?? _token,</code>
</line>
<line hits="0">
<code>          onForbidden: _refreshPermission,</code>
</line>
<line>
<code>        ),</code>
</line>
<line>
<code>      );</code>
</line>
<line>
<code/>
</line>
<line>
<code>  /// Loads documents from this collection matching the provided [query].</code>
</line>
<line hits="0">
<code>  Future&lt;dynamic&gt; rawQuery(Query query, {CosmosDbPermission? permission}) =&gt;</code>
</line>
<line hits="0">
<code>      client.rawQuery(</code>
</line>
<line hits="0">
<code>        '$url/docs',</code>
</line>
<line>
<code>        query,</code>
</line>
<line>
<code>        'Documents',</code>
</line>
<line hits="0">
<code>        Context(</code>
</line>
<line>
<code>          type: 'docs',</code>
</line>
<line hits="0">
<code>          resId: url,</code>
</line>
<line hits="0">
<code>          token: permission?.token ?? _token,</code>
</line>
<line hits="0">
<code>          onForbidden: _refreshPermission,</code>
</line>
<line>
<code>        ),</code>
</line>
<line>
<code>      );</code>
</line>
<line>
<code/>
</line>
<line>
<code>  /// Adds a new [batch] to this collection.</code>
</line>
<line hits="0">
<code>  Future&lt;dynamic&gt; execute(TransactionalBatch batch,</code>
</line>
<line>
<code>          {CosmosDbPermission? permission}) =&gt;</code>
</line>
<line hits="0">
<code>      client.batch(</code>
</line>
<line hits="0">
<code>        '$url/docs',</code>
</line>
<line>
<code>        batch,</code>
</line>
<line hits="0">
<code>        Context(</code>
</line>
<line>
<code>          type: 'docs',</code>
</line>
<line hits="0">
<code>          resId: url,</code>
</line>
<line hits="0">
<code>          token: permission?.token ?? _token,</code>
</line>
<line hits="0">
<code>          onForbidden: _refreshPermission,</code>
</line>
<line>
<code>        ),</code>
</line>
<line>
<code>      );</code>
</line>
<line>
<code/>
</line>
<line>
<code>  /// Adds a new [document] to this collection.</code>
</line>
<line hits="1">
<code>  Future&lt;T&gt; add&lt;T extends BaseDocument&gt;(T document,</code>
<hit count="1" name="&lt;unnamed&gt;"/>
</line>
<line>
<code>          {PartitionKey? partitionKey, CosmosDbPermission? permission}) =&gt;</code>
</line>
<line hits="2">
<code>      client.post(</code>
<hit count="2" name="&lt;unnamed&gt;"/>
</line>
<line hits="2">
<code>        '$url/docs',</code>
<hit count="2" name="&lt;unnamed&gt;"/>
</line>
<line>
<code>        document,</code>
</line>
<line hits="1">
<code>        Context(</code>
<hit count="1" name="&lt;unnamed&gt;"/>
</line>
<line>
<code>          type: 'docs',</code>
</line>
<line hits="1">
<code>          resId: url,</code>
<hit count="1" name="&lt;unnamed&gt;"/>
</line>
<line hits="2">
<code>          partitionKey: partitionKey ?? partitionKeySpec.from(document),</code>
<hit count="2" name="&lt;unnamed&gt;"/>
</line>
<line hits="1">
<code>          token: permission?.token ?? _token,</code>
<hit count="1" name="&lt;unnamed&gt;"/>
</line>
<line hits="1">
<code>          onForbidden: _refreshPermission,</code>
<hit count="1" name="&lt;unnamed&gt;"/>
</line>
<line>
<code>        ),</code>
</line>
<line>
<code>      );</code>
</line>
<line>
<code/>
</line>
<line>
<code>  /// Adds or updates (replaces) a [document] in this collection.</code>
</line>
<line hits="0">
<code>  Future&lt;T&gt; upsert&lt;T extends BaseDocument&gt;(T document,</code>
</line>
<line>
<code>          {PartitionKey? partitionKey, CosmosDbPermission? permission}) =&gt;</code>
</line>
<line hits="0">
<code>      client.post(</code>
</line>
<line hits="0">
<code>        '$url/docs',</code>
</line>
<line>
<code>        document,</code>
</line>
<line hits="0">
<code>        Context(</code>
</line>
<line>
<code>          type: 'docs',</code>
</line>
<line hits="0">
<code>          resId: url,</code>
</line>
<line>
<code>          headers: HttpHeader.isUpsert,</code>
</line>
<line hits="0">
<code>          partitionKey: partitionKey ?? partitionKeySpec.from(document),</code>
</line>
<line hits="0">
<code>          token: permission?.token ?? _token,</code>
</line>
<line hits="0">
<code>          onForbidden: _refreshPermission,</code>
</line>
<line>
<code>        ),</code>
</line>
<line>
<code>      );</code>
</line>
<line>
<code/>
</line>
<line>
<code>  /// Updates (replaces) a [document] in this collection. If the [document] has</code>
</line>
<line>
<code>  /// [EtagMixin], its [EtagMixin.etag] must be known.</code>
</line>
<line hits="0">
<code>  Future&lt;T&gt; replace&lt;T extends BaseDocument&gt;(T document,</code>
</line>
<line>
<code>          {bool checkEtag = true,</code>
</line>
<line>
<code>          PartitionKey? partitionKey,</code>
</line>
<line>
<code>          CosmosDbPermission? permission}) =&gt;</code>
</line>
<line hits="0">
<code>      client.put(</code>
</line>
<line hits="0">
<code>        '$url/docs/${document.id}',</code>
</line>
<line>
<code>        document,</code>
</line>
<line hits="0">
<code>        Context(</code>
</line>
<line>
<code>          type: 'docs',</code>
</line>
<line hits="0">
<code>          headers: (document is EtagMixin &amp;&amp; checkEtag)</code>
</line>
<line hits="0">
<code>              ? {HttpHeader.ifMatch: document.etag}</code>
</line>
<line>
<code>              : null,</code>
</line>
<line hits="0">
<code>          partitionKey: partitionKey ?? partitionKeySpec.from(document),</code>
</line>
<line hits="0">
<code>          token: permission?.token ?? _token,</code>
</line>
<line hits="0">
<code>          onForbidden: _refreshPermission,</code>
</line>
<line>
<code>        ),</code>
</line>
<line>
<code>      );</code>
</line>
<line>
<code/>
</line>
<line>
<code>  /// Updates (patches) a [document] in this collection by applying the [patch]</code>
</line>
<line>
<code>  /// operations.</code>
</line>
<line hits="0">
<code>  Future&lt;T&gt; patch&lt;T extends BaseDocument&gt;(T document, Patch patch,</code>
</line>
<line>
<code>          {PartitionKey? partitionKey, CosmosDbPermission? permission}) =&gt;</code>
</line>
<line hits="0">
<code>      client.patch(</code>
</line>
<line hits="0">
<code>        '$url/docs/${document.id}',</code>
</line>
<line>
<code>        patch,</code>
</line>
<line hits="0">
<code>        Context(</code>
</line>
<line>
<code>          type: 'docs',</code>
</line>
<line>
<code>          headers: HttpHeader.patchPayload,</code>
</line>
<line>
<code>          partitionKey: partitionKey ??</code>
</line>
<line hits="0">
<code>              partitionKeySpec.from(document) ??</code>
</line>
<line>
<code>              PartitionKey.all,</code>
</line>
<line hits="0">
<code>          token: permission?.token ?? _token,</code>
</line>
<line hits="0">
<code>          onForbidden: _refreshPermission,</code>
</line>
<line>
<code>        ),</code>
</line>
<line>
<code>      );</code>
</line>
<line>
<code/>
</line>
<line>
<code>  /// Deletes the document from this collection. If the document does not exist,</code>
</line>
<line>
<code>  /// this method returns `true` by default. If [throwOnNotFound] is set to</code>
</line>
<line>
<code>  /// `true`, it will instead throw a [NotFoundException]. If the [document] is</code>
</line>
<line>
<code>  /// provided, its attributes take over the [id] value. If it has [EtagMixin],</code>
</line>
<line>
<code>  /// its [EtagMixin.etag] must be known.</code>
</line>
<line hits="0">
<code>  Future&lt;bool&gt; delete(</code>
</line>
<line>
<code>      {String? id,</code>
</line>
<line>
<code>      BaseDocument? document,</code>
</line>
<line>
<code>      bool throwOnNotFound = false,</code>
</line>
<line>
<code>      bool checkEtag = true,</code>
</line>
<line>
<code>      PartitionKey? partitionKey,</code>
</line>
<line>
<code>      CosmosDbPermission? permission}) {</code>
</line>
<line>
<code>    if (document == null &amp;&amp; id == null) {</code>
</line>
<line hits="0">
<code>      throw Exception();</code>
</line>
<line>
<code>    }</code>
</line>
<line hits="0">
<code>    document ??= DocumentWithId(id);</code>
</line>
<line hits="0">
<code>    return client.delete(</code>
</line>
<line hits="0">
<code>      '$url/docs/${document.id}',</code>
</line>
<line hits="0">
<code>      Context(</code>
</line>
<line>
<code>        type: 'docs',</code>
</line>
<line>
<code>        throwOnNotFound: throwOnNotFound,</code>
</line>
<line hits="0">
<code>        headers: (document is EtagMixin &amp;&amp; checkEtag)</code>
</line>
<line hits="0">
<code>            ? {HttpHeader.ifMatch: document.etag}</code>
</line>
<line>
<code>            : null,</code>
</line>
<line hits="0">
<code>        partitionKey: partitionKey ?? partitionKeySpec.from(document),</code>
</line>
<line hits="0">
<code>        token: permission?.token ?? _token,</code>
</line>
<line hits="0">
<code>        onForbidden: _refreshPermission,</code>
</line>
<line>
<code>      ),</code>
</line>
<line>
<code>    );</code>
</line>
<line>
<code>  }</code>
</line>
<line>
<code>}</code>
</line>
<line>
<code/>
</line>
<line>
<code>// internal use</code>
</line>
<line>
<code>extension CollectionExt on CosmosDbCollection {</code>
</line>
<line hits="2">
<code>  void setExists(bool exists) =&gt; _exists = exists;</code>
<hit count="2" name="&lt;unnamed&gt;"/>
</line>
<line>
<code/>
</line>
<line hits="3">
<code>  Client get client =&gt; database.client;</code>
<hit count="3" name="&lt;unnamed&gt;"/>
</line>
<line>
<code>}</code>
</line>
</lines>
<config branch-coverage="true" description-file="false" function-coverage="true" genhtml_hi_limit="90" genhtml_med_limit="75" legend="false" no-sort="false" no-source="false"/>
<base href="../"/>
<base href="../"/>
</coverage>
