<?xml version="1.0" encoding="UTF-8" standalone="no"?>
<?xml-stylesheet type="text/xsl" href="../jgenhtml.xsl"?><coverage branch-rate="NaN" branches-covered="0" branches-valid="0" complexity="0" date="2022-12-08" filename="cosmos_db_exceptions.dart" function-rate="NaN" functions-covered="0" functions-valid="0" line-rate="0.9019608" lines-covered="46" lines-valid="51" package="/src" testname="lcov.info" version="1.5">
<lines>
<line>
<code>import '_internal/_http_status_codes.dart';</code>
</line>
<line>
<code/>
</line>
<line>
<code>abstract class InternalException implements Exception {</code>
</line>
<line hits="1">
<code>  InternalException._(String? message) : message = message ?? '';</code>
<hit count="1" name="&lt;unnamed&gt;"/>
</line>
<line>
<code/>
</line>
<line>
<code>  final String message;</code>
</line>
<line>
<code/>
</line>
<line hits="1">
<code>  @override</code>
<hit count="1" name="&lt;unnamed&gt;"/>
</line>
<line hits="1">
<code>  String toString() =&gt;</code>
<hit count="1" name="&lt;unnamed&gt;"/>
</line>
<line hits="6">
<code>      message.isNotEmpty ? '$runtimeType: $message' : runtimeType.toString();</code>
<hit count="6" name="&lt;unnamed&gt;"/>
</line>
<line>
<code>}</code>
</line>
<line>
<code/>
</line>
<line>
<code>abstract class ContextualizedException extends InternalException {</code>
</line>
<line hits="1">
<code>  ContextualizedException._(String method, this.url, String? message)</code>
<hit count="1" name="&lt;unnamed&gt;"/>
</line>
<line hits="2">
<code>      : method = method.toUpperCase(),</code>
<hit count="2" name="&lt;unnamed&gt;"/>
</line>
<line hits="1">
<code>        super._(message);</code>
<hit count="1" name="&lt;unnamed&gt;"/>
</line>
<line>
<code/>
</line>
<line>
<code>  ContextualizedException withContext(String method, String url);</code>
</line>
<line>
<code/>
</line>
<line>
<code>  final String method;</code>
</line>
<line>
<code>  final String url;</code>
</line>
<line>
<code/>
</line>
<line hits="4">
<code>  bool get hasContext =&gt; method.isNotEmpty &amp;&amp; url.isNotEmpty;</code>
<hit count="4" name="&lt;unnamed&gt;"/>
</line>
<line>
<code/>
</line>
<line hits="1">
<code>  @override</code>
<hit count="1" name="&lt;unnamed&gt;"/>
</line>
<line hits="1">
<code>  String toString() =&gt;</code>
<hit count="1" name="&lt;unnamed&gt;"/>
</line>
<line hits="3">
<code>      hasContext ? '$method $url: ${super.toString()}' : super.toString();</code>
<hit count="3" name="&lt;unnamed&gt;"/>
</line>
<line>
<code>}</code>
</line>
<line>
<code/>
</line>
<line>
<code>/// Base [CosmosDbException] class for CosmosDB errors.</code>
</line>
<line>
<code>class CosmosDbException extends ContextualizedException {</code>
</line>
<line hits="2">
<code>  CosmosDbException._(</code>
<hit count="2" name="&lt;unnamed&gt;"/>
</line>
<line>
<code>      String method, String url, this.statusCode, String? message)</code>
</line>
<line hits="2">
<code>      : super._(method, url, message ?? 'Error $statusCode');</code>
<hit count="2" name="&lt;unnamed&gt;"/>
</line>
<line>
<code/>
</line>
<line hits="2">
<code>  factory CosmosDbException._internal(String method, String url, int statusCode,</code>
<hit count="2" name="&lt;unnamed&gt;"/>
</line>
<line>
<code>      [String? message]) {</code>
</line>
<line hits="1">
<code>    message ??= 'Error $statusCode';</code>
<hit count="1" name="&lt;unnamed&gt;"/>
</line>
<line hits="1">
<code>    switch (statusCode) {</code>
<hit count="1" name="&lt;unnamed&gt;"/>
</line>
<line hits="1">
<code>      case HttpStatusCode.unauthorized:</code>
<hit count="1" name="&lt;unnamed&gt;"/>
</line>
<line hits="2">
<code>        return UnauthorizedException._('', '', message);</code>
<hit count="2" name="&lt;unnamed&gt;"/>
</line>
<line hits="1">
<code>      case HttpStatusCode.forbidden:</code>
<hit count="1" name="&lt;unnamed&gt;"/>
</line>
<line hits="2">
<code>        return ForbiddenException._('', '', message);</code>
<hit count="2" name="&lt;unnamed&gt;"/>
</line>
<line hits="1">
<code>      case HttpStatusCode.notFound:</code>
<hit count="1" name="&lt;unnamed&gt;"/>
</line>
<line hits="2">
<code>        return NotFoundException._('', '', message);</code>
<hit count="2" name="&lt;unnamed&gt;"/>
</line>
<line hits="1">
<code>      case HttpStatusCode.conflict:</code>
<hit count="1" name="&lt;unnamed&gt;"/>
</line>
<line hits="2">
<code>        return ConflictException._('', '', message);</code>
<hit count="2" name="&lt;unnamed&gt;"/>
</line>
<line>
<code>      default:</code>
</line>
<line hits="2">
<code>        return CosmosDbException._('', '', statusCode, message);</code>
<hit count="2" name="&lt;unnamed&gt;"/>
</line>
<line>
<code>    }</code>
</line>
<line hits="1">
<code>  }</code>
<hit count="1" name="&lt;unnamed&gt;"/>
</line>
<line>
<code/>
</line>
<line hits="2">
<code>  factory CosmosDbException(int statusCode, [String? message]) =&gt;</code>
<hit count="2" name="&lt;unnamed&gt;"/>
</line>
<line hits="2">
<code>      CosmosDbException._internal('', '', statusCode, message);</code>
<hit count="2" name="&lt;unnamed&gt;"/>
</line>
<line>
<code/>
</line>
<line hits="1">
<code>  @override</code>
<hit count="1" name="&lt;unnamed&gt;"/>
</line>
<line hits="1">
<code>  CosmosDbException withContext(String method, String url) =&gt;</code>
<hit count="1" name="&lt;unnamed&gt;"/>
</line>
<line hits="4">
<code>      CosmosDbException._internal(method, url, statusCode, message);</code>
<hit count="4" name="&lt;unnamed&gt;"/>
</line>
<line>
<code/>
</line>
<line>
<code>  final int statusCode;</code>
</line>
<line>
<code>}</code>
</line>
<line>
<code/>
</line>
<line>
<code>class UnauthorizedException extends CosmosDbException {</code>
</line>
<line hits="2">
<code>  UnauthorizedException._(String method, String url, [String? message])</code>
<hit count="2" name="&lt;unnamed&gt;"/>
</line>
<line hits="1">
<code>      : super._(method, url, HttpStatusCode.unauthorized, message);</code>
<hit count="1" name="&lt;unnamed&gt;"/>
</line>
<line>
<code>}</code>
</line>
<line>
<code/>
</line>
<line>
<code>class ForbiddenException extends CosmosDbException {</code>
</line>
<line hits="2">
<code>  ForbiddenException._(String method, String url, [String? message])</code>
<hit count="2" name="&lt;unnamed&gt;"/>
</line>
<line hits="1">
<code>      : super._(method, url, HttpStatusCode.forbidden, message);</code>
<hit count="1" name="&lt;unnamed&gt;"/>
</line>
<line>
<code>}</code>
</line>
<line>
<code/>
</line>
<line>
<code>class ConflictException extends CosmosDbException {</code>
</line>
<line hits="2">
<code>  ConflictException._(String method, String url, [String? message])</code>
<hit count="2" name="&lt;unnamed&gt;"/>
</line>
<line hits="1">
<code>      : super._(method, url, HttpStatusCode.conflict, message);</code>
<hit count="1" name="&lt;unnamed&gt;"/>
</line>
<line>
<code>}</code>
</line>
<line>
<code/>
</line>
<line>
<code>class NotFoundException extends CosmosDbException {</code>
</line>
<line hits="2">
<code>  NotFoundException._(String method, String url, [String? message])</code>
<hit count="2" name="&lt;unnamed&gt;"/>
</line>
<line hits="1">
<code>      : super._(method, url, HttpStatusCode.notFound, message);</code>
<hit count="1" name="&lt;unnamed&gt;"/>
</line>
<line>
<code>}</code>
</line>
<line>
<code/>
</line>
<line>
<code>class UnknownDocumentTypeException extends ContextualizedException {</code>
</line>
<line hits="2">
<code>  UnknownDocumentTypeException._(String method, String url, this.docType)</code>
<hit count="2" name="&lt;unnamed&gt;"/>
</line>
<line hits="3">
<code>      : super._(method, url, 'Unknown document type $docType');</code>
<hit count="3" name="&lt;unnamed&gt;"/>
</line>
<line>
<code/>
</line>
<line hits="3">
<code>  UnknownDocumentTypeException(Type docType) : this._('', '', docType);</code>
<hit count="3" name="&lt;unnamed&gt;"/>
</line>
<line>
<code/>
</line>
<line hits="1">
<code>  @override</code>
<hit count="1" name="&lt;unnamed&gt;"/>
</line>
<line hits="1">
<code>  UnknownDocumentTypeException withContext(String method, String url) =&gt;</code>
<hit count="1" name="&lt;unnamed&gt;"/>
</line>
<line hits="3">
<code>      UnknownDocumentTypeException._(method, url, docType);</code>
<hit count="3" name="&lt;unnamed&gt;"/>
</line>
<line>
<code/>
</line>
<line>
<code>  final Type docType;</code>
</line>
<line>
<code>}</code>
</line>
<line>
<code/>
</line>
<line>
<code>class BadResponseException extends ContextualizedException {</code>
</line>
<line hits="0">
<code>  BadResponseException._(String method, String url, String message)</code>
</line>
<line hits="0">
<code>      : super._(method, url, message);</code>
</line>
<line>
<code/>
</line>
<line hits="0">
<code>  BadResponseException(String message) : this._('', '', message);</code>
</line>
<line>
<code/>
</line>
<line hits="0">
<code>  @override</code>
</line>
<line hits="0">
<code>  BadResponseException withContext(String method, String url) =&gt;</code>
</line>
<line hits="1">
<code>      BadResponseException._(method, url, message);</code>
<hit count="1" name="&lt;unnamed&gt;"/>
</line>
<line>
<code>}</code>
</line>
</lines>
<config branch-coverage="true" description-file="false" function-coverage="true" genhtml_hi_limit="90" genhtml_med_limit="75" legend="false" no-sort="false" no-source="false"/>
<base href="../"/>
<base href="../"/>
</coverage>
