<?xml version="1.0" encoding="UTF-8" standalone="no"?>
<?xml-stylesheet type="text/xsl" href="../jgenhtml.xsl"?><coverage branch-rate="NaN" branches-covered="0" branches-valid="0" complexity="0" date="2023-01-01" filename="cosmos_db_collections.dart" function-rate="NaN" functions-covered="0" functions-valid="0" line-rate="0.95454544" lines-covered="42" lines-valid="44" package="/src" testname="lcov.info" version="1.5">
<lines>
<line>
<code>import 'client/_context.dart';</code>
</line>
<line>
<code>import 'cosmos_db_collection.dart';</code>
</line>
<line>
<code>import 'cosmos_db_database.dart';</code>
</line>
<line>
<code>import 'cosmos_db_exceptions.dart';</code>
</line>
<line>
<code>import 'cosmos_db_throughput.dart';</code>
</line>
<line>
<code>import 'indexing/geospatial_config.dart';</code>
</line>
<line>
<code>import 'indexing/indexing_policy.dart';</code>
</line>
<line>
<code>import 'permissions/cosmos_db_permission.dart';</code>
</line>
<line>
<code/>
</line>
<line>
<code>@Deprecated('Use CosmosDbCollections instead.')</code>
</line>
<line>
<code>typedef Collections = CosmosDbCollections;</code>
</line>
<line>
<code/>
</line>
<line>
<code>/// Class used to manage [CosmosDbCollection]s in a [CosmosDbDatabase].</code>
</line>
<line>
<code>class CosmosDbCollections {</code>
</line>
<line hits="4">
<code>  CosmosDbCollections(this.database) : url = '${database.url}/colls';</code>
<hit count="4" name="&lt;unnamed&gt;"/>
</line>
<line>
<code/>
</line>
<line>
<code>  /// The owner [CosmosDbDatabase].</code>
</line>
<line>
<code>  final CosmosDbDatabase database;</code>
</line>
<line>
<code/>
</line>
<line>
<code>  final String url;</code>
</line>
<line>
<code/>
</line>
<line hits="2">
<code>  CosmosDbCollection fromJson(Map json) {</code>
<hit count="2" name="&lt;unnamed&gt;"/>
</line>
<line hits="4">
<code>    final coll = CosmosDbCollection(database, json['id'],</code>
<hit count="4" name="&lt;unnamed&gt;"/>
</line>
<line hits="5">
<code>        partitionKey: json['partitionKey']['paths']?.cast&lt;String&gt;().first);</code>
<hit count="5" name="&lt;unnamed&gt;"/>
</line>
<line hits="1">
<code>    coll.setExists(true);</code>
<hit count="1" name="&lt;unnamed&gt;"/>
</line>
<line hits="1">
<code>    return coll;</code>
<hit count="1" name="&lt;unnamed&gt;"/>
</line>
<line hits="1">
<code>  }</code>
<hit count="1" name="&lt;unnamed&gt;"/>
</line>
<line>
<code/>
</line>
<line>
<code>  /// Lists all collections from this [database].</code>
</line>
<line hits="2">
<code>  Future&lt;Iterable&lt;CosmosDbCollection&gt;&gt; list({CosmosDbPermission? permission}) =&gt;</code>
<hit count="2" name="&lt;unnamed&gt;"/>
</line>
<line hits="4">
<code>      database.client.getMany&lt;CosmosDbCollection&gt;(</code>
<hit count="4" name="&lt;unnamed&gt;"/>
</line>
<line hits="2">
<code>        url,</code>
<hit count="2" name="&lt;unnamed&gt;"/>
</line>
<line>
<code>        'DocumentCollections',</code>
</line>
<line hits="2">
<code>        Context(</code>
<hit count="2" name="&lt;unnamed&gt;"/>
</line>
<line>
<code>          type: 'colls',</code>
</line>
<line hits="3">
<code>          resId: database.url,</code>
<hit count="3" name="&lt;unnamed&gt;"/>
</line>
<line hits="2">
<code>          builder: fromJson,</code>
<hit count="2" name="&lt;unnamed&gt;"/>
</line>
<line hits="0">
<code>          token: permission?.token,</code>
</line>
<line>
<code>        ),</code>
</line>
<line hits="1">
<code>      );</code>
<hit count="1" name="&lt;unnamed&gt;"/>
</line>
<line>
<code/>
</line>
<line>
<code>  /// Deletes the specified [collection] from this [database]. All documents in this</code>
</line>
<line>
<code>  /// [collection] will be lost. If the [collection] does not exists, this method</code>
</line>
<line>
<code>  /// returns `true` by default. if [throwOnNotFound] is set to `true`, it will throw</code>
</line>
<line>
<code>  /// a [NotFoundException] instead. Upon success, the [CosmosDbCollection.exists] flag will</code>
</line>
<line>
<code>  /// be set to `false`.</code>
</line>
<line hits="2">
<code>  Future&lt;bool&gt; delete(CosmosDbCollection collection,</code>
<hit count="2" name="&lt;unnamed&gt;"/>
</line>
<line>
<code>          {bool throwOnNotFound = false, CosmosDbPermission? permission}) =&gt;</code>
</line>
<line hits="3">
<code>      database.client</code>
<hit count="3" name="&lt;unnamed&gt;"/>
</line>
<line hits="1">
<code>          .delete(</code>
<hit count="1" name="&lt;unnamed&gt;"/>
</line>
<line hits="4">
<code>        '$url/${collection.id}',</code>
<hit count="4" name="&lt;unnamed&gt;"/>
</line>
<line hits="2">
<code>        Context(</code>
<hit count="2" name="&lt;unnamed&gt;"/>
</line>
<line>
<code>          type: 'colls',</code>
</line>
<line>
<code>          throwOnNotFound: throwOnNotFound,</code>
</line>
<line hits="0">
<code>          token: permission?.token,</code>
</line>
<line>
<code>        ),</code>
</line>
<line>
<code>      )</code>
</line>
<line hits="3">
<code>          .then((value) {</code>
<hit count="3" name="&lt;unnamed&gt;"/>
</line>
<line hits="2">
<code>        collection.setExists(false);</code>
<hit count="2" name="&lt;unnamed&gt;"/>
</line>
<line hits="1">
<code>        return true;</code>
<hit count="1" name="&lt;unnamed&gt;"/>
</line>
<line hits="1">
<code>      });</code>
<hit count="1" name="&lt;unnamed&gt;"/>
</line>
<line>
<code/>
</line>
<line>
<code>  /// Creates a new [CosmosDbCollection] with the specified `name` and `partitionKeys`.</code>
</line>
<line hits="2">
<code>  Future&lt;CosmosDbCollection&gt; create(</code>
<hit count="2" name="&lt;unnamed&gt;"/>
</line>
<line>
<code>    String name, {</code>
</line>
<line>
<code>    @Deprecated('Use partitionKey instead.') List&lt;String&gt;? partitionKeys,</code>
</line>
<line>
<code>    String? partitionKey,</code>
</line>
<line>
<code>    IndexingPolicy? indexingPolicy,</code>
</line>
<line>
<code>    GeospatialConfig? geospatialConfig,</code>
</line>
<line>
<code>    CosmosDbPermission? permission,</code>
</line>
<line>
<code>    CosmosDbThroughput? throughput,</code>
</line>
<line>
<code>  }) =&gt;</code>
</line>
<line hits="4">
<code>      database.client.post&lt;CosmosDbCollection&gt;(</code>
<hit count="4" name="&lt;unnamed&gt;"/>
</line>
<line hits="2">
<code>        url,</code>
<hit count="2" name="&lt;unnamed&gt;"/>
</line>
<line hits="2">
<code>        CosmosDbCollection(</code>
<hit count="2" name="&lt;unnamed&gt;"/>
</line>
<line hits="1">
<code>          database,</code>
<hit count="1" name="&lt;unnamed&gt;"/>
</line>
<line>
<code>          name,</code>
</line>
<line hits="1">
<code>          partitionKeys: partitionKeys,</code>
<hit count="1" name="&lt;unnamed&gt;"/>
</line>
<line>
<code>          partitionKey: partitionKey,</code>
</line>
<line>
<code>          indexingPolicy: indexingPolicy,</code>
</line>
<line>
<code>          geospatialConfig: geospatialConfig,</code>
</line>
<line>
<code>        ),</code>
</line>
<line hits="2">
<code>        Context(</code>
<hit count="2" name="&lt;unnamed&gt;"/>
</line>
<line>
<code>          type: 'colls',</code>
</line>
<line hits="3">
<code>          resId: database.url,</code>
<hit count="3" name="&lt;unnamed&gt;"/>
</line>
<line hits="3">
<code>          headers: (throughput ?? CosmosDbThroughput.minimum).header,</code>
<hit count="3" name="&lt;unnamed&gt;"/>
</line>
<line hits="2">
<code>          builder: fromJson,</code>
<hit count="2" name="&lt;unnamed&gt;"/>
</line>
<line>
<code>        ),</code>
</line>
<line hits="1">
<code>      );</code>
<hit count="1" name="&lt;unnamed&gt;"/>
</line>
<line>
<code/>
</line>
<line>
<code>  /// Opens an existing [CosmosDbCollection] with id [name].</code>
</line>
<line hits="1">
<code>  Future&lt;CosmosDbCollection&gt; open(String name) =&gt;</code>
<hit count="1" name="&lt;unnamed&gt;"/>
</line>
<line hits="4">
<code>      CosmosDbCollection(database, name).getInfo();</code>
<hit count="4" name="&lt;unnamed&gt;"/>
</line>
<line>
<code/>
</line>
<line>
<code>  /// Opens or creates a [CosmosDbCollection] with id [name].</code>
</line>
<line hits="2">
<code>  Future&lt;CosmosDbCollection&gt; openOrCreate(</code>
<hit count="2" name="&lt;unnamed&gt;"/>
</line>
<line>
<code>    String name, {</code>
</line>
<line>
<code>    @Deprecated('Use partitionKey instead.') List&lt;String&gt;? partitionKeys,</code>
</line>
<line>
<code>    String? partitionKey,</code>
</line>
<line>
<code>    IndexingPolicy? indexingPolicy,</code>
</line>
<line>
<code>    GeospatialConfig? geospatialConfig,</code>
</line>
<line>
<code>    CosmosDbThroughput? throughput,</code>
</line>
<line>
<code>  }) async {</code>
</line>
<line hits="1">
<code>    try {</code>
<hit count="1" name="&lt;unnamed&gt;"/>
</line>
<line hits="2">
<code>      return await open(name);</code>
<hit count="2" name="&lt;unnamed&gt;"/>
</line>
<line hits="2">
<code>    } on NotFoundException {</code>
<hit count="2" name="&lt;unnamed&gt;"/>
</line>
<line hits="2">
<code>      return await create(</code>
<hit count="2" name="&lt;unnamed&gt;"/>
</line>
<line>
<code>        name,</code>
</line>
<line>
<code>        partitionKeys: partitionKeys,</code>
</line>
<line>
<code>        partitionKey: partitionKey,</code>
</line>
<line>
<code>        indexingPolicy: indexingPolicy,</code>
</line>
<line>
<code>        geospatialConfig: geospatialConfig,</code>
</line>
<line>
<code>        throughput: throughput,</code>
</line>
<line>
<code>      );</code>
</line>
<line>
<code>    }</code>
</line>
<line hits="1">
<code>  }</code>
<hit count="1" name="&lt;unnamed&gt;"/>
</line>
<line>
<code>}</code>
</line>
</lines>
<config branch-coverage="true" description-file="false" function-coverage="true" genhtml_hi_limit="90" genhtml_med_limit="75" legend="false" no-sort="false" no-source="false"/>
<base href="../"/>
<base href="../"/>
</coverage>
