<?xml version="1.0" encoding="UTF-8" standalone="no"?>
<?xml-stylesheet type="text/xsl" href="../jgenhtml.xsl"?><coverage branch-rate="NaN" branches-covered="0" branches-valid="0" complexity="0" date="2023-01-04" filename="index" function-rate="NaN" functions-covered="0" functions-valid="0" line-rate="0.6066066" lines-covered="202" lines-valid="333" package="/src" testname="lcov.info" version="1.5">
<sources>
<source branches-hit="0" branches-valid="0" filename="cosmos_db_server.dart" functions-hit="0" functions-valid="0" lines-hit="23" lines-valid="23" prefix="/a/azure_cosmosdb/azure_cosmosdb/lib">
<testCase branch-hit="0" function-hit="0" line-hit="23" name="&lt;unnamed&gt;"/>
</source>
<source branches-hit="0" branches-valid="0" filename="cosmos_db_throughput.dart" functions-hit="0" functions-valid="0" lines-hit="11" lines-valid="17" prefix="/a/azure_cosmosdb/azure_cosmosdb/lib">
<testCase branch-hit="0" function-hit="0" line-hit="11" name="&lt;unnamed&gt;"/>
</source>
<source branches-hit="0" branches-valid="0" filename="cosmos_db_collections.dart" functions-hit="0" functions-valid="0" lines-hit="33" lines-valid="35" prefix="/a/azure_cosmosdb/azure_cosmosdb/lib">
<testCase branch-hit="0" function-hit="0" line-hit="33" name="&lt;unnamed&gt;"/>
</source>
<source branches-hit="0" branches-valid="0" filename="cosmos_db_databases.dart" functions-hit="0" functions-valid="0" lines-hit="32" lines-valid="35" prefix="/a/azure_cosmosdb/azure_cosmosdb/lib">
<testCase branch-hit="0" function-hit="0" line-hit="32" name="&lt;unnamed&gt;"/>
</source>
<source branches-hit="0" branches-valid="0" filename="cosmos_db_collection.dart" functions-hit="0" functions-valid="0" lines-hit="51" lines-valid="142" prefix="/a/azure_cosmosdb/azure_cosmosdb/lib">
<testCase branch-hit="0" function-hit="0" line-hit="51" name="&lt;unnamed&gt;"/>
</source>
<source branches-hit="0" branches-valid="0" filename="base_document.dart" functions-hit="0" functions-valid="0" lines-hit="4" lines-valid="9" prefix="/a/azure_cosmosdb/azure_cosmosdb/lib">
<testCase branch-hit="0" function-hit="0" line-hit="4" name="&lt;unnamed&gt;"/>
</source>
<source branches-hit="0" branches-valid="0" filename="cosmos_db_exceptions.dart" functions-hit="0" functions-valid="0" lines-hit="35" lines-valid="58" prefix="/a/azure_cosmosdb/azure_cosmosdb/lib">
<testCase branch-hit="0" function-hit="0" line-hit="35" name="&lt;unnamed&gt;"/>
</source>
<source branches-hit="0" branches-valid="0" filename="cosmos_db_database.dart" functions-hit="0" functions-valid="0" lines-hit="13" lines-valid="14" prefix="/a/azure_cosmosdb/azure_cosmosdb/lib">
<testCase branch-hit="0" function-hit="0" line-hit="13" name="&lt;unnamed&gt;"/>
</source>
</sources>
<config branch-coverage="true" description-file="false" function-coverage="true" genhtml_hi_limit="90" genhtml_med_limit="75" legend="false" no-sort="false" no-source="false"/>
<base href="../"/>
<base href="../"/>
</coverage>
