<?xml version="1.0" encoding="UTF-8" standalone="no"?>
<?xml-stylesheet type="text/xsl" href="../jgenhtml.xsl"?><coverage branch-rate="NaN" branches-covered="0" branches-valid="0" complexity="0" date="2023-06-27" filename="query.dart" function-rate="NaN" functions-covered="0" functions-valid="0" line-rate="0.8947368" lines-covered="17" lines-valid="19" package="/queries" testname="lcov.info" version="1.5">
<lines>
<line>
<code>import '../base_document.dart';</code>
</line>
<line>
<code>import '../partition/partition_key.dart';</code>
</line>
<line>
<code>import 'paging.dart';</code>
</line>
<line>
<code/>
</line>
<line>
<code>/// Class representing CosmosDB SQL query.</code>
</line>
<line>
<code>class Query extends Paging implements SpecialDocument {</code>
</line>
<line>
<code>  /// Builds a new CosmosDB SQL query with [command] and [params].</code>
</line>
<line hits="2">
<code>  Query(this.command,</code>
<hit count="2" name="&lt;unnamed&gt;"/>
</line>
<line>
<code>      {int? maxCount, PartitionKey? partitionKey, Map&lt;String, dynamic&gt;? params})</code>
</line>
<line>
<code>      : _partitionKey = partitionKey,</code>
</line>
<line hits="2">
<code>        _params = (params == null) ? null : {...params},</code>
<hit count="2" name="&lt;unnamed&gt;"/>
</line>
<line hits="2">
<code>        super(maxCount);</code>
<hit count="2" name="&lt;unnamed&gt;"/>
</line>
<line>
<code/>
</line>
<line hits="0">
<code>  @override</code>
</line>
<line hits="0">
<code>  String get id =&gt; '';</code>
</line>
<line>
<code/>
</line>
<line>
<code>  /// The query's SQL [command].</code>
</line>
<line>
<code>  final String command;</code>
</line>
<line>
<code/>
</line>
<line hits="1">
<code>  late final Map&lt;String, dynamic&gt;? _params;</code>
<hit count="1" name="&lt;unnamed&gt;"/>
</line>
<line>
<code/>
</line>
<line>
<code>  /// The partition where the query should be executed; by default, the query</code>
</line>
<line>
<code>  /// will be executed against all partitions.</code>
</line>
<line hits="3">
<code>  PartitionKey get partitionKey =&gt; _partitionKey ?? PartitionKey.all;</code>
<hit count="3" name="&lt;unnamed&gt;"/>
</line>
<line>
<code>  PartitionKey? _partitionKey;</code>
</line>
<line>
<code/>
</line>
<line>
<code>  /// Force the query to execute in all partitions.</code>
</line>
<line hits="2">
<code>  void crossPartition() =&gt; _partitionKey = null;</code>
<hit count="2" name="&lt;unnamed&gt;"/>
</line>
<line>
<code/>
</line>
<line>
<code>  /// Restrict the query to the partition identified by [partitionKey].</code>
</line>
<line hits="2">
<code>  void onPartition(PartitionKey partitionKey) =&gt; _partitionKey = partitionKey;</code>
<hit count="2" name="&lt;unnamed&gt;"/>
</line>
<line>
<code/>
</line>
<line>
<code>  /// Registers a paramater/value to the query.</code>
</line>
<line hits="1">
<code>  void withParam(String name, dynamic value) =&gt;</code>
<hit count="1" name="&lt;unnamed&gt;"/>
</line>
<line hits="3">
<code>      (_params ??= &lt;String, dynamic&gt;{})[name] = value;</code>
<hit count="3" name="&lt;unnamed&gt;"/>
</line>
<line>
<code/>
</line>
<line hits="1">
<code>  @override</code>
<hit count="1" name="&lt;unnamed&gt;"/>
</line>
<line hits="2">
<code>  Map&lt;String, dynamic&gt; toJson() =&gt; {</code>
<hit count="2" name="&lt;unnamed&gt;"/>
</line>
<line hits="3">
<code>        'query': command,</code>
<hit count="3" name="&lt;unnamed&gt;"/>
</line>
<line hits="2">
<code>        if (_params != null)</code>
<hit count="2" name="&lt;unnamed&gt;"/>
</line>
<line hits="4">
<code>          'parameters': _params!.entries</code>
<hit count="4" name="&lt;unnamed&gt;"/>
</line>
<line hits="6">
<code>              .map((e) =&gt; {'name': e.key, 'value': e.value})</code>
<hit count="6" name="&lt;unnamed&gt;"/>
</line>
<line hits="2">
<code>              .toList()</code>
<hit count="2" name="&lt;unnamed&gt;"/>
</line>
<line hits="1">
<code>      };</code>
<hit count="1" name="&lt;unnamed&gt;"/>
</line>
<line>
<code>}</code>
</line>
</lines>
<config branch-coverage="true" description-file="false" function-coverage="true" genhtml_hi_limit="90" genhtml_med_limit="75" legend="false" no-sort="false" no-source="false"/>
<base href="../"/>
<base href="../"/>
</coverage>
