<?xml version="1.0" encoding="UTF-8" standalone="no"?>
<?xml-stylesheet type="text/xsl" href="../../jgenhtml.xsl"?><coverage branch-rate="NaN" branches-covered="0" branches-valid="0" complexity="0" date="2022-10-19" filename="_debug_http_overrides_vm.dart" function-rate="NaN" functions-covered="0" functions-valid="0" line-rate="0.6" lines-covered="6" lines-valid="10" package="/lib/src" testname="lcov.info" version="1.5">
<lines>
<line>
<code>import 'dart:developer' as dev;</code>
</line>
<line>
<code>import 'dart:io';</code>
</line>
<line>
<code/>
</line>
<line>
<code>class LocalhostHttpOverrides extends HttpOverrides {</code>
</line>
<line hits="1">
<code>  @override</code>
<hit count="1" name="&lt;unnamed&gt;"/>
</line>
<line>
<code>  HttpClient createHttpClient(SecurityContext? context) {</code>
</line>
<line hits="1">
<code>    final client = super.createHttpClient(context);</code>
<hit count="1" name="&lt;unnamed&gt;"/>
</line>
<line hits="2">
<code>    client.badCertificateCallback = handleBadCertificate;</code>
<hit count="2" name="&lt;unnamed&gt;"/>
</line>
<line>
<code>    return client;</code>
</line>
<line>
<code>  }</code>
</line>
<line>
<code/>
</line>
<line hits="0">
<code>  bool handleBadCertificate(X509Certificate cert, String host, int port) {</code>
</line>
<line hits="0">
<code>    dev.log('Bad certificate from $host');</code>
</line>
<line hits="0">
<code>    return host.toLowerCase().contains('localhost') ||</code>
</line>
<line hits="0">
<code>        host.contains('127.0.0.1');</code>
</line>
<line>
<code>  }</code>
</line>
<line>
<code>}</code>
</line>
<line>
<code/>
</line>
<line>
<code>var _installed = false;</code>
</line>
<line>
<code/>
</line>
<line hits="1">
<code>void allowSelfSignedCertificates() {</code>
<hit count="1" name="&lt;unnamed&gt;"/>
</line>
<line>
<code>  if (!_installed) {</code>
</line>
<line hits="1">
<code>    _installed == true;</code>
<hit count="1" name="&lt;unnamed&gt;"/>
</line>
<line hits="2">
<code>    HttpOverrides.global = LocalhostHttpOverrides();</code>
<hit count="2" name="&lt;unnamed&gt;"/>
</line>
<line>
<code>  }</code>
</line>
<line>
<code>}</code>
</line>
</lines>
<config branch-coverage="true" description-file="false" function-coverage="true" genhtml_hi_limit="90" genhtml_med_limit="75" legend="false" no-sort="false" no-source="false"/>
<base href="../../"/>
<base href="../../"/>
</coverage>
