<?xml version="1.0" encoding="UTF-8" standalone="no"?>
<?xml-stylesheet type="text/xsl" href="../../jgenhtml.xsl"?><coverage branch-rate="NaN" branches-covered="0" branches-valid="0" complexity="0" date="2022-10-12" filename="_extensions.dart" function-rate="NaN" functions-covered="0" functions-valid="0" line-rate="0.0" lines-covered="0" lines-valid="15" package="/lib/src" testname="lcov.info" version="1.5">
<lines>
<line>
<code>extension Linq&lt;T&gt; on Iterable&lt;T&gt; {</code>
</line>
<line hits="0">
<code>  T? firstOrDefault([bool Function(T)? predicate]) {</code>
</line>
<line hits="0">
<code>    if (isEmpty) return null;</code>
</line>
<line hits="0">
<code>    if (predicate == null) return first;</code>
</line>
<line hits="0">
<code>    for (var item in this) {</code>
</line>
<line hits="0">
<code>      if (predicate(item)) return item;</code>
</line>
<line>
<code>    }</code>
</line>
<line>
<code>    return null;</code>
</line>
<line>
<code>  }</code>
</line>
<line>
<code/>
</line>
<line hits="0">
<code>  T? singleOrDefault([bool Function(T)? predicate]) {</code>
</line>
<line hits="0">
<code>    if (isEmpty) return null;</code>
</line>
<line>
<code>    if (predicate == null) {</code>
</line>
<line hits="0">
<code>      if (length == 1) return first;</code>
</line>
<line hits="0">
<code>      throw Exception('Collection has more than one item');</code>
</line>
<line>
<code>    }</code>
</line>
<line>
<code>    T? found;</code>
</line>
<line hits="0">
<code>    for (var item in this) {</code>
</line>
<line hits="0">
<code>      if (predicate(item)) {</code>
</line>
<line hits="0">
<code>        if (found != null) {</code>
</line>
<line hits="0">
<code>          throw Exception(</code>
</line>
<line>
<code>              'Collection contains several items matching the predicate');</code>
</line>
<line>
<code>        }</code>
</line>
<line>
<code>        found = item;</code>
</line>
<line>
<code>      }</code>
</line>
<line>
<code>    }</code>
</line>
<line hits="0">
<code>    return found;</code>
</line>
<line hits="0">
<code>  }</code>
</line>
<line>
<code>}</code>
</line>
</lines>
<config branch-coverage="true" description-file="false" function-coverage="true" genhtml_hi_limit="90" genhtml_med_limit="75" legend="false" no-sort="false" no-source="false"/>
<base href="../../"/>
<base href="../../"/>
</coverage>
