<?xml version="1.0" encoding="UTF-8" standalone="no"?>
<?xml-stylesheet type="text/xsl" href="../../jgenhtml.xsl"?><coverage branch-rate="NaN" branches-covered="0" branches-valid="0" complexity="0" date="2022-06-21" filename="_imf_fixdate.dart" function-rate="NaN" functions-covered="0" functions-valid="0" line-rate="1.0" lines-covered="9" lines-valid="9" package="/lib/src" testname="lcov.info" version="1.5">
    <lines>
        <line>
            <code>const _days = [</code>
        </line>
        <line>
            <code>  'Mon',</code>
        </line>
        <line>
            <code>  'Tue',</code>
        </line>
        <line>
            <code>  'Wed',</code>
        </line>
        <line>
            <code>  'Thu',</code>
        </line>
        <line>
            <code>  'Fri',</code>
        </line>
        <line>
            <code>  'Sat',</code>
        </line>
        <line>
            <code>  'Sun',</code>
        </line>
        <line>
            <code>];</code>
        </line>
        <line>
            <code>const _months = [</code>
        </line>
        <line>
            <code>  'Jan',</code>
        </line>
        <line>
            <code>  'Feb',</code>
        </line>
        <line>
            <code>  'Mar',</code>
        </line>
        <line>
            <code>  'Apr',</code>
        </line>
        <line>
            <code>  'May',</code>
        </line>
        <line>
            <code>  'Jun',</code>
        </line>
        <line>
            <code>  'Jul',</code>
        </line>
        <line>
            <code>  'Aug',</code>
        </line>
        <line>
            <code>  'Sep',</code>
        </line>
        <line>
            <code>  'Oct',</code>
        </line>
        <line>
            <code>  'Nov',</code>
        </line>
        <line>
            <code>  'Dec'</code>
        </line>
        <line>
            <code>];</code>
        </line>
        <line>
            <code/>
        </line>
        <line>
            <code>extension FormatExt on DateTime {</code>
        </line>
        <line>
            <code>  // ignore: non_constant_identifier_names</code>
        </line>
        <line hits="5">
            <code>  static String _00(int n) =&gt; (n &lt; 10) ? '0$n' : n.toString();</code>
            <hit count="5" name="&lt;unnamed&gt;"/>
        </line>
        <line>
            <code/>
        </line>
        <line hits="8">
            <code>  String toTimeString() =&gt; '${_00(hour)}:${_00(minute)}:${_00(second)}';</code>
            <hit count="8" name="&lt;unnamed&gt;"/>
        </line>
        <line>
            <code/>
        </line>
        <line hits="2">
            <code>  String toImfFixedString() {</code>
            <hit count="2" name="&lt;unnamed&gt;"/>
        </line>
        <line hits="3">
            <code>    final date = isUtc ? this : toUtc();</code>
            <hit count="3" name="&lt;unnamed&gt;"/>
        </line>
        <line hits="4">
            <code>    final dayStr = _days[date.weekday - 1];</code>
            <hit count="4" name="&lt;unnamed&gt;"/>
        </line>
        <line hits="4">
            <code>    final monthStr = _months[date.month - 1];</code>
            <hit count="4" name="&lt;unnamed&gt;"/>
        </line>
        <line hits="1">
            <code>    final timeStr = date.toTimeString();</code>
            <hit count="1" name="&lt;unnamed&gt;"/>
        </line>
        <line hits="5">
            <code>    return '$dayStr, ${_00(date.day)} $monthStr ${date.year} $timeStr GMT';</code>
            <hit count="5" name="&lt;unnamed&gt;"/>
        </line>
        <line hits="1">
            <code>  }</code>
            <hit count="1" name="&lt;unnamed&gt;"/>
        </line>
        <line>
            <code>}</code>
        </line>
    </lines>
    <config branch-coverage="true" description-file="false" function-coverage="true" genhtml_hi_limit="90" genhtml_med_limit="75" legend="false" no-sort="false" no-source="false"/>
    <base href="../../"/>
    <base href="../../"/>
</coverage>
