<?xml version="1.0" encoding="UTF-8" standalone="no"?>
<?xml-stylesheet type="text/xsl" href="../../jgenhtml.xsl"?><coverage branch-rate="NaN" branches-covered="0" branches-valid="0" complexity="0" date="2022-10-18" filename="collections.dart" function-rate="NaN" functions-covered="0" functions-valid="0" line-rate="0.95555556" lines-covered="43" lines-valid="45" package="/lib/src" testname="lcov.info" version="1.5">
<lines>
<line>
<code>import '_context.dart';</code>
</line>
<line>
<code/>
</line>
<line>
<code>import 'collection.dart';</code>
</line>
<line>
<code>import 'database.dart';</code>
</line>
<line>
<code>import 'exceptions.dart';</code>
</line>
<line>
<code>import 'permission.dart';</code>
</line>
<line>
<code/>
</line>
<line>
<code>/// Class used to manage [Collection]s in a [Database].</code>
</line>
<line>
<code>class Collections {</code>
</line>
<line hits="4">
<code>  Collections(this.database) : url = '${database.url}/colls';</code>
<hit count="4" name="&lt;unnamed&gt;"/>
</line>
<line>
<code/>
</line>
<line>
<code>  /// The owner [Database].</code>
</line>
<line>
<code>  final Database database;</code>
</line>
<line>
<code/>
</line>
<line>
<code>  final String url;</code>
</line>
<line>
<code/>
</line>
<line hits="2">
<code>  Collection _build(Map json) {</code>
<hit count="2" name="&lt;unnamed&gt;"/>
</line>
<line hits="4">
<code>    final coll = Collection(database, json['id']);</code>
<hit count="4" name="&lt;unnamed&gt;"/>
</line>
<line hits="1">
<code>    coll.setExists(true);</code>
<hit count="1" name="&lt;unnamed&gt;"/>
</line>
<line hits="1">
<code>    return coll;</code>
<hit count="1" name="&lt;unnamed&gt;"/>
</line>
<line hits="1">
<code>  }</code>
<hit count="1" name="&lt;unnamed&gt;"/>
</line>
<line>
<code/>
</line>
<line>
<code>  /// Lists all collections from this [database].</code>
</line>
<line hits="2">
<code>  Future&lt;Iterable&lt;Collection&gt;&gt; list({Permission? permission}) =&gt;</code>
<hit count="2" name="&lt;unnamed&gt;"/>
</line>
<line hits="4">
<code>      database.client.getMany&lt;Collection&gt;(</code>
<hit count="4" name="&lt;unnamed&gt;"/>
</line>
<line hits="2">
<code>        url,</code>
<hit count="2" name="&lt;unnamed&gt;"/>
</line>
<line>
<code>        'DocumentCollections',</code>
</line>
<line hits="2">
<code>        Context(</code>
<hit count="2" name="&lt;unnamed&gt;"/>
</line>
<line>
<code>          type: 'colls',</code>
</line>
<line hits="3">
<code>          resId: database.url,</code>
<hit count="3" name="&lt;unnamed&gt;"/>
</line>
<line hits="2">
<code>          builder: _build,</code>
<hit count="2" name="&lt;unnamed&gt;"/>
</line>
<line hits="0">
<code>          token: permission?.token,</code>
</line>
<line>
<code>        ),</code>
</line>
<line hits="1">
<code>      );</code>
<hit count="1" name="&lt;unnamed&gt;"/>
</line>
<line>
<code/>
</line>
<line>
<code>  /// Deletes the specified [collection] from this [database]. All documents in this</code>
</line>
<line>
<code>  /// [collection] will be lost. If the [collection] does not exists, this method</code>
</line>
<line>
<code>  /// returns `true` by default. if [throwOnNotFound] is set to `true`, it will throw</code>
</line>
<line>
<code>  /// a [NotFoundException] instead. Upon success, the [Collection.exists] flag will</code>
</line>
<line>
<code>  /// be set to `false`.</code>
</line>
<line hits="2">
<code>  Future&lt;bool&gt; delete(Collection collection,</code>
<hit count="2" name="&lt;unnamed&gt;"/>
</line>
<line>
<code>          {bool throwOnNotFound = false, Permission? permission}) =&gt;</code>
</line>
<line hits="3">
<code>      database.client</code>
<hit count="3" name="&lt;unnamed&gt;"/>
</line>
<line hits="1">
<code>          .delete(</code>
<hit count="1" name="&lt;unnamed&gt;"/>
</line>
<line hits="4">
<code>        '$url/${collection.id}',</code>
<hit count="4" name="&lt;unnamed&gt;"/>
</line>
<line hits="2">
<code>        Context(</code>
<hit count="2" name="&lt;unnamed&gt;"/>
</line>
<line>
<code>          type: 'colls',</code>
</line>
<line>
<code>          throwOnNotFound: throwOnNotFound,</code>
</line>
<line hits="0">
<code>          token: permission?.token,</code>
</line>
<line>
<code>        ),</code>
</line>
<line>
<code>      )</code>
</line>
<line hits="3">
<code>          .then((value) {</code>
<hit count="3" name="&lt;unnamed&gt;"/>
</line>
<line hits="2">
<code>        collection.setExists(false);</code>
<hit count="2" name="&lt;unnamed&gt;"/>
</line>
<line hits="1">
<code>        return true;</code>
<hit count="1" name="&lt;unnamed&gt;"/>
</line>
<line hits="1">
<code>      });</code>
<hit count="1" name="&lt;unnamed&gt;"/>
</line>
<line>
<code/>
</line>
<line>
<code>  /// Creates a new [Collection] with the specified `name` and `partitionKeys`.</code>
</line>
<line hits="2">
<code>  Future&lt;Collection&gt; create(String name,</code>
<hit count="2" name="&lt;unnamed&gt;"/>
</line>
<line>
<code>          {List&lt;String&gt;? partitionKeys, Permission? permission}) =&gt;</code>
</line>
<line hits="4">
<code>      database.client.post&lt;Collection&gt;(</code>
<hit count="4" name="&lt;unnamed&gt;"/>
</line>
<line hits="2">
<code>        url,</code>
<hit count="2" name="&lt;unnamed&gt;"/>
</line>
<line hits="3">
<code>        Collection(database, name, partitionKeys: partitionKeys),</code>
<hit count="3" name="&lt;unnamed&gt;"/>
</line>
<line hits="2">
<code>        Context(</code>
<hit count="2" name="&lt;unnamed&gt;"/>
</line>
<line>
<code>          type: 'colls',</code>
</line>
<line hits="2">
<code>          resId: database.url,</code>
<hit count="2" name="&lt;unnamed&gt;"/>
</line>
<line hits="2">
<code>          headers: {</code>
<hit count="2" name="&lt;unnamed&gt;"/>
</line>
<line>
<code>            'x-ms-offer-throughput': '400',</code>
</line>
<line>
<code>          },</code>
</line>
<line hits="2">
<code>          builder: _build,</code>
<hit count="2" name="&lt;unnamed&gt;"/>
</line>
<line>
<code>        ),</code>
</line>
<line hits="1">
<code>      );</code>
<hit count="1" name="&lt;unnamed&gt;"/>
</line>
<line>
<code/>
</line>
<line>
<code>  /// Opens an existing [Collection] with id [name].</code>
</line>
<line hits="2">
<code>  Future&lt;Collection&gt; open(String name) async {</code>
<hit count="2" name="&lt;unnamed&gt;"/>
</line>
<line hits="3">
<code>    final coll = Collection(database, name);</code>
<hit count="3" name="&lt;unnamed&gt;"/>
</line>
<line hits="2">
<code>    await coll.getInfo();</code>
<hit count="2" name="&lt;unnamed&gt;"/>
</line>
<line hits="1">
<code>    coll.setExists(true);</code>
<hit count="1" name="&lt;unnamed&gt;"/>
</line>
<line hits="1">
<code>    return coll;</code>
<hit count="1" name="&lt;unnamed&gt;"/>
</line>
<line hits="1">
<code>  }</code>
<hit count="1" name="&lt;unnamed&gt;"/>
</line>
<line>
<code/>
</line>
<line>
<code>  /// Opens or creates a [Collection] with id [name].</code>
</line>
<line hits="2">
<code>  Future&lt;Collection&gt; openOrCreate(String name,</code>
<hit count="2" name="&lt;unnamed&gt;"/>
</line>
<line>
<code>      {List&lt;String&gt;? partitionKeys}) async {</code>
</line>
<line hits="1">
<code>    try {</code>
<hit count="1" name="&lt;unnamed&gt;"/>
</line>
<line hits="2">
<code>      return await open(name);</code>
<hit count="2" name="&lt;unnamed&gt;"/>
</line>
<line hits="2">
<code>    } on NotFoundException {</code>
<hit count="2" name="&lt;unnamed&gt;"/>
</line>
<line hits="2">
<code>      return await create(name, partitionKeys: partitionKeys);</code>
<hit count="2" name="&lt;unnamed&gt;"/>
</line>
<line>
<code>    }</code>
</line>
<line hits="1">
<code>  }</code>
<hit count="1" name="&lt;unnamed&gt;"/>
</line>
<line>
<code>}</code>
</line>
</lines>
<config branch-coverage="true" description-file="false" function-coverage="true" genhtml_hi_limit="90" genhtml_med_limit="75" legend="false" no-sort="false" no-source="false"/>
<base href="../../"/>
<base href="../../"/>
</coverage>
