<?xml version="1.0" encoding="UTF-8" standalone="no"?>
<?xml-stylesheet type="text/xsl" href="../../jgenhtml.xsl"?><coverage branch-rate="NaN" branches-covered="0" branches-valid="0" complexity="0" date="2022-10-12" filename="index" function-rate="NaN" functions-covered="0" functions-valid="0" line-rate="0.16696589" lines-covered="93" lines-valid="557" package="/lib/src" testname="lcov.info" version="1.5">
<sources>
<source branches-hit="0" branches-valid="0" filename="_extensions.dart" functions-hit="0" functions-valid="0" lines-hit="0" lines-valid="15" prefix="/a/azure_cosmosdb/azure_cosmosdb"/>
<source branches-hit="0" branches-valid="0" filename="server.dart" functions-hit="0" functions-valid="0" lines-hit="8" lines-valid="8" prefix="/a/azure_cosmosdb/azure_cosmosdb">
<testCase branch-hit="0" function-hit="0" line-hit="8" name="&lt;unnamed&gt;"/>
</source>
<source branches-hit="0" branches-valid="0" filename="permission.dart" functions-hit="0" functions-valid="0" lines-hit="2" lines-valid="22" prefix="/a/azure_cosmosdb/azure_cosmosdb">
<testCase branch-hit="0" function-hit="0" line-hit="2" name="&lt;unnamed&gt;"/>
</source>
<source branches-hit="0" branches-valid="0" filename="exceptions.dart" functions-hit="0" functions-valid="0" lines-hit="1" lines-valid="12" prefix="/a/azure_cosmosdb/azure_cosmosdb">
<testCase branch-hit="0" function-hit="0" line-hit="1" name="&lt;unnamed&gt;"/>
</source>
<source branches-hit="0" branches-valid="0" filename="partition.dart" functions-hit="0" functions-valid="0" lines-hit="0" lines-valid="5" prefix="/a/azure_cosmosdb/azure_cosmosdb"/>
<source branches-hit="0" branches-valid="0" filename="paging.dart" functions-hit="0" functions-valid="0" lines-hit="0" lines-valid="3" prefix="/a/azure_cosmosdb/azure_cosmosdb"/>
<source branches-hit="0" branches-valid="0" filename="base_document.dart" functions-hit="0" functions-valid="0" lines-hit="0" lines-valid="2" prefix="/a/azure_cosmosdb/azure_cosmosdb"/>
<source branches-hit="0" branches-valid="0" filename="permissions.dart" functions-hit="0" functions-valid="0" lines-hit="0" lines-valid="45" prefix="/a/azure_cosmosdb/azure_cosmosdb"/>
<source branches-hit="0" branches-valid="0" filename="query.dart" functions-hit="0" functions-valid="0" lines-hit="0" lines-valid="18" prefix="/a/azure_cosmosdb/azure_cosmosdb"/>
<source branches-hit="0" branches-valid="0" filename="users.dart" functions-hit="0" functions-valid="0" lines-hit="0" lines-valid="36" prefix="/a/azure_cosmosdb/azure_cosmosdb"/>
<source branches-hit="0" branches-valid="0" filename="_client.dart" functions-hit="0" functions-valid="0" lines-hit="27" lines-valid="91" prefix="/a/azure_cosmosdb/azure_cosmosdb">
<testCase branch-hit="0" function-hit="0" line-hit="27" name="&lt;unnamed&gt;"/>
</source>
<source branches-hit="0" branches-valid="0" filename="_debug_http_overrides_vm.dart" functions-hit="0" functions-valid="0" lines-hit="6" lines-valid="10" prefix="/a/azure_cosmosdb/azure_cosmosdb">
<testCase branch-hit="0" function-hit="0" line-hit="6" name="&lt;unnamed&gt;"/>
</source>
<source branches-hit="0" branches-valid="0" filename="_context.dart" functions-hit="0" functions-valid="0" lines-hit="12" lines-valid="36" prefix="/a/azure_cosmosdb/azure_cosmosdb">
<testCase branch-hit="0" function-hit="0" line-hit="12" name="&lt;unnamed&gt;"/>
</source>
<source branches-hit="0" branches-valid="0" filename="_imf_fixdate.dart" functions-hit="0" functions-valid="0" lines-hit="9" lines-valid="9" prefix="/a/azure_cosmosdb/azure_cosmosdb">
<testCase branch-hit="0" function-hit="0" line-hit="9" name="&lt;unnamed&gt;"/>
</source>
<source branches-hit="0" branches-valid="0" filename="collections.dart" functions-hit="0" functions-valid="0" lines-hit="0" lines-valid="45" prefix="/a/azure_cosmosdb/azure_cosmosdb"/>
<source branches-hit="0" branches-valid="0" filename="collection.dart" functions-hit="0" functions-valid="0" lines-hit="0" lines-valid="89" prefix="/a/azure_cosmosdb/azure_cosmosdb"/>
<source branches-hit="0" branches-valid="0" filename="debug_http_client.dart" functions-hit="0" functions-valid="0" lines-hit="9" lines-valid="27" prefix="/a/azure_cosmosdb/azure_cosmosdb">
<testCase branch-hit="0" function-hit="0" line-hit="9" name="&lt;unnamed&gt;"/>
</source>
<source branches-hit="0" branches-valid="0" filename="database.dart" functions-hit="0" functions-valid="0" lines-hit="1" lines-valid="15" prefix="/a/azure_cosmosdb/azure_cosmosdb">
<testCase branch-hit="0" function-hit="0" line-hit="1" name="&lt;unnamed&gt;"/>
</source>
<source branches-hit="0" branches-valid="0" filename="databases.dart" functions-hit="0" functions-valid="0" lines-hit="9" lines-valid="47" prefix="/a/azure_cosmosdb/azure_cosmosdb">
<testCase branch-hit="0" function-hit="0" line-hit="9" name="&lt;unnamed&gt;"/>
</source>
<source branches-hit="0" branches-valid="0" filename="_authorization.dart" functions-hit="0" functions-valid="0" lines-hit="8" lines-valid="13" prefix="/a/azure_cosmosdb/azure_cosmosdb">
<testCase branch-hit="0" function-hit="0" line-hit="8" name="&lt;unnamed&gt;"/>
</source>
<source branches-hit="0" branches-valid="0" filename="_http_status_codes.dart" functions-hit="0" functions-valid="0" lines-hit="0" lines-valid="1" prefix="/a/azure_cosmosdb/azure_cosmosdb"/>
<source branches-hit="0" branches-valid="0" filename="user.dart" functions-hit="0" functions-valid="0" lines-hit="1" lines-valid="8" prefix="/a/azure_cosmosdb/azure_cosmosdb">
<testCase branch-hit="0" function-hit="0" line-hit="1" name="&lt;unnamed&gt;"/>
</source>
</sources>
<config branch-coverage="true" description-file="false" function-coverage="true" genhtml_hi_limit="90" genhtml_med_limit="75" legend="false" no-sort="false" no-source="false"/>
<base href="../../"/>
<base href="../../"/>
</coverage>
