<?xml version="1.0" encoding="UTF-8" standalone="no"?>
<?xml-stylesheet type="text/xsl" href="../../jgenhtml.xsl"?><coverage branch-rate="NaN" branches-covered="0" branches-valid="0" complexity="0" date="2022-06-21" filename="partition.dart" function-rate="NaN" functions-covered="0" functions-valid="0" line-rate="0.0" lines-covered="0" lines-valid="5" package="/lib/src" testname="lcov.info" version="1.5">
    <lines>
        <line>
            <code>import 'dart:convert';</code>
        </line>
        <line>
            <code/>
        </line>
        <line>
            <code>class Partition {</code>
        </line>
        <line hits="0">
            <code>  Partition._(this.header);</code>
        </line>
        <line>
            <code/>
        </line>
        <line hits="0">
            <code>  Partition(String key)</code>
        </line>
        <line hits="0">
            <code>      : this._(MapEntry(</code>
        </line>
        <line>
            <code>          'x-ms-documentdb-partitionkey',</code>
        </line>
        <line hits="0">
            <code>          jsonEncode([key]),</code>
        </line>
        <line>
            <code>        ));</code>
        </line>
        <line>
            <code/>
        </line>
        <line hits="0">
            <code>  static final all = Partition._(MapEntry(</code>
        </line>
        <line>
            <code>    'x-ms-documentdb-query-enablecrosspartition',</code>
        </line>
        <line>
            <code>    'true',</code>
        </line>
        <line>
            <code>  ));</code>
        </line>
        <line>
            <code/>
        </line>
        <line>
            <code>  final MapEntry&lt;String, String&gt; header;</code>
        </line>
        <line>
            <code>}</code>
        </line>
    </lines>
    <config branch-coverage="true" description-file="false" function-coverage="true" genhtml_hi_limit="90" genhtml_med_limit="75" legend="false" no-sort="false" no-source="false"/>
    <base href="../../"/>
    <base href="../../"/>
</coverage>
