<?xml version="1.0" encoding="UTF-8" standalone="no"?>
<?xml-stylesheet type="text/xsl" href="../../jgenhtml.xsl"?><coverage branch-rate="NaN" branches-covered="0" branches-valid="0" complexity="0" date="2022-06-30" filename="permission.dart" function-rate="NaN" functions-covered="0" functions-valid="0" line-rate="0.95454544" lines-covered="21" lines-valid="22" package="/lib/src" testname="lcov.info" version="1.5">
<lines>
<line>
<code>import 'package:azure_cosmosdb/src/_http_status_codes.dart';</code>
</line>
<line>
<code/>
</line>
<line>
<code>import 'exceptions.dart' as errors;</code>
</line>
<line>
<code>import 'base_document.dart';</code>
</line>
<line>
<code/>
</line>
<line>
<code>/// Permission modes</code>
</line>
<line>
<code>class PermissionMode {</code>
</line>
<line hits="1">
<code>  const PermissionMode._(this.name);</code>
<hit count="1" name="&lt;unnamed&gt;"/>
</line>
<line>
<code/>
</line>
<line>
<code>  final String name;</code>
</line>
<line>
<code/>
</line>
<line>
<code>  static const read = PermissionMode._('Read');</code>
</line>
<line>
<code>  static const all = PermissionMode._('All');</code>
</line>
<line>
<code/>
</line>
<line hits="2">
<code>  static PermissionMode parse(String name) {</code>
<hit count="2" name="&lt;unnamed&gt;"/>
</line>
<line hits="3">
<code>    if (name == read.name) return read;</code>
<hit count="3" name="&lt;unnamed&gt;"/>
</line>
<line hits="3">
<code>    if (name == all.name) return all;</code>
<hit count="3" name="&lt;unnamed&gt;"/>
</line>
<line hits="0">
<code>    throw errors.Exception(</code>
</line>
<line>
<code>        '', '', HttpStatusCode.serverError, 'Unsupported permission mode');</code>
</line>
<line hits="1">
<code>  }</code>
<hit count="1" name="&lt;unnamed&gt;"/>
</line>
<line>
<code>}</code>
</line>
<line>
<code/>
</line>
<line>
<code>/// Class representing a CosmosDB permission.</code>
</line>
<line>
<code>class Permission extends BaseDocumentWithEtag {</code>
</line>
<line hits="2">
<code>  Permission(this.id, this.mode, this.resource, [this.token]);</code>
<hit count="2" name="&lt;unnamed&gt;"/>
</line>
<line>
<code/>
</line>
<line>
<code>  @override</code>
</line>
<line>
<code>  final String id;</code>
</line>
<line>
<code/>
</line>
<line>
<code>  /// The permission's mode (see [PermissionMode]).</code>
</line>
<line>
<code>  final PermissionMode mode;</code>
</line>
<line>
<code/>
</line>
<line>
<code>  /// The resource covered by this permission.</code>
</line>
<line>
<code>  final String resource;</code>
</line>
<line>
<code/>
</line>
<line>
<code>  /// The permission's token generated by CosmosDB.</code>
</line>
<line>
<code>  final String? token;</code>
</line>
<line>
<code/>
</line>
<line hits="1">
<code>  @override</code>
<hit count="1" name="&lt;unnamed&gt;"/>
</line>
<line hits="2">
<code>  Map&lt;String, dynamic&gt; toJson() =&gt; {</code>
<hit count="2" name="&lt;unnamed&gt;"/>
</line>
<line hits="2">
<code>        'id': id,</code>
<hit count="2" name="&lt;unnamed&gt;"/>
</line>
<line hits="3">
<code>        'permissionMode': mode.name,</code>
<hit count="3" name="&lt;unnamed&gt;"/>
</line>
<line hits="2">
<code>        'resource': resource,</code>
<hit count="2" name="&lt;unnamed&gt;"/>
</line>
<line hits="1">
<code>      };</code>
<hit count="1" name="&lt;unnamed&gt;"/>
</line>
<line>
<code/>
</line>
<line>
<code>  /// Builds a [Permission] from a CosmosDB JSON object.</code>
</line>
<line hits="2">
<code>  static Permission build(Map json) {</code>
<hit count="2" name="&lt;unnamed&gt;"/>
</line>
<line hits="1">
<code>    final permission = Permission(</code>
<hit count="1" name="&lt;unnamed&gt;"/>
</line>
<line hits="2">
<code>        json['id'],</code>
<hit count="2" name="&lt;unnamed&gt;"/>
</line>
<line hits="3">
<code>        PermissionMode.parse(json['permissionMode']),</code>
<hit count="3" name="&lt;unnamed&gt;"/>
</line>
<line hits="2">
<code>        json['resource'],</code>
<hit count="2" name="&lt;unnamed&gt;"/>
</line>
<line hits="2">
<code>        json['_token']);</code>
<hit count="2" name="&lt;unnamed&gt;"/>
</line>
<line hits="1">
<code>    permission.setEtag(json);</code>
<hit count="1" name="&lt;unnamed&gt;"/>
</line>
<line hits="1">
<code>    return permission;</code>
<hit count="1" name="&lt;unnamed&gt;"/>
</line>
<line hits="1">
<code>  }</code>
<hit count="1" name="&lt;unnamed&gt;"/>
</line>
<line>
<code>}</code>
</line>
</lines>
<config branch-coverage="true" description-file="false" function-coverage="true" genhtml_hi_limit="90" genhtml_med_limit="75" legend="false" no-sort="false" no-source="false"/>
<base href="../../"/>
<base href="../../"/>
</coverage>
