<?xml version="1.0" encoding="UTF-8" standalone="no"?>
<?xml-stylesheet type="text/xsl" href="../../jgenhtml.xsl"?><coverage branch-rate="NaN" branches-covered="0" branches-valid="0" complexity="0" date="2022-06-21" filename="permission.dart" function-rate="NaN" functions-covered="0" functions-valid="0" line-rate="0.0" lines-covered="0" lines-valid="7" package="/lib/src" testname="lcov.info" version="1.5">
    <lines>
        <line>
            <code>import 'base_document.dart';</code>
        </line>
        <line>
            <code/>
        </line>
        <line>
            <code>/// Class representing a CosmosDB permission.</code>
        </line>
        <line>
            <code>class Permission extends BaseDocumentWithEtag {</code>
        </line>
        <line hits="0">
            <code>  Permission(this.id, this.mode, this.resource, this.token);</code>
        </line>
        <line>
            <code/>
        </line>
        <line>
            <code>  @override</code>
        </line>
        <line>
            <code>  final String id;</code>
        </line>
        <line>
            <code/>
        </line>
        <line>
            <code>  /// The permission's mode (`Read` or `All`).</code>
        </line>
        <line>
            <code>  final String mode;</code>
        </line>
        <line>
            <code/>
        </line>
        <line>
            <code>  /// The resource covered by this permission.</code>
        </line>
        <line>
            <code>  final String resource;</code>
        </line>
        <line>
            <code/>
        </line>
        <line>
            <code>  /// The permission's token generated by CosmosDB.</code>
        </line>
        <line>
            <code>  final String? token;</code>
        </line>
        <line>
            <code/>
        </line>
        <line hits="0">
            <code>  @override</code>
        </line>
        <line>
            <code>  Map&lt;String, dynamic&gt; toJson() =&gt;</code>
        </line>
        <line hits="0">
            <code>      {'id': id, 'permissionMode': mode, 'resource': resource};</code>
        </line>
        <line>
            <code/>
        </line>
        <line>
            <code>  /// Builds a [Permission] from a CosmosDB JSON object.</code>
        </line>
        <line hits="0">
            <code>  static Permission build(Map json) {</code>
        </line>
        <line hits="0">
            <code>    final permission = Permission(</code>
        </line>
        <line hits="0">
            <code>        json['id'], json['permissionMode'], json['resource'], json['_token']);</code>
        </line>
        <line hits="0">
            <code>    permission.setEtag(json);</code>
        </line>
        <line>
            <code>    return permission;</code>
        </line>
        <line>
            <code>  }</code>
        </line>
        <line>
            <code>}</code>
        </line>
    </lines>
    <config branch-coverage="true" description-file="false" function-coverage="true" genhtml_hi_limit="90" genhtml_med_limit="75" legend="false" no-sort="false" no-source="false"/>
    <base href="../../"/>
    <base href="../../"/>
</coverage>
