<?xml version="1.0" encoding="UTF-8" standalone="no"?>
<?xml-stylesheet type="text/xsl" href="../../jgenhtml.xsl"?><coverage branch-rate="NaN" branches-covered="0" branches-valid="0" complexity="0" date="2022-10-19" filename="server.dart" function-rate="NaN" functions-covered="0" functions-valid="0" line-rate="1.0" lines-covered="8" lines-valid="8" package="/lib/src" testname="lcov.info" version="1.5">
<lines>
<line>
<code>import 'package:http/http.dart' as http;</code>
</line>
<line>
<code/>
</line>
<line>
<code>import '_client.dart';</code>
</line>
<line>
<code/>
</line>
<line>
<code>import 'databases.dart';</code>
</line>
<line>
<code/>
</line>
<line>
<code>typedef FutureCallback&lt;T&gt; = Future&lt;T&gt; Function();</code>
</line>
<line>
<code/>
</line>
<line>
<code>/// Class representing a CosmosDB instance</code>
</line>
<line>
<code>class Instance {</code>
</line>
<line>
<code>  /// Builds a new Cosmos DB [Instance] with the provided [urlOrAccount], [masterKey] and</code>
</line>
<line>
<code>  /// [httpClient]. [urlOrAccount] can be a full URL (eg. `https://localhost:8081/`) or the</code>
</line>
<line>
<code>  /// Azure CosmosDB account name, in which case the url will be constructed as</code>
</line>
<line>
<code>  /// `https://${urlOrAccount}.documents.azure.com/`. Passing the [masterKey] is discouraged</code>
</line>
<line>
<code>  /// in client apps to prevent from theft; instead, a proxy should be implemented for client</code>
</line>
<line>
<code>  /// apps, especially Web apps, in order to protect the master key.</code>
</line>
<line hits="1">
<code>  Instance(String urlOrAccount, {String? masterKey, http.Client? httpClient})</code>
<hit count="1" name="&lt;unnamed&gt;"/>
</line>
<line hits="1">
<code>      : _client = Client(</code>
<hit count="1" name="&lt;unnamed&gt;"/>
</line>
<line hits="1">
<code>          _buildUrl(urlOrAccount),</code>
<hit count="1" name="&lt;unnamed&gt;"/>
</line>
<line>
<code>          masterKey: masterKey,</code>
</line>
<line>
<code>          httpClient: httpClient,</code>
</line>
<line>
<code>        );</code>
</line>
<line>
<code/>
</line>
<line>
<code>  final Client _client;</code>
</line>
<line>
<code/>
</line>
<line>
<code>  /// Provides access to databases in this [Instance].</code>
</line>
<line hits="3">
<code>  late final Databases databases = Databases(this);</code>
<hit count="3" name="&lt;unnamed&gt;"/>
</line>
<line>
<code/>
</line>
<line hits="1">
<code>  static String _buildUrl(String url) {</code>
<hit count="1" name="&lt;unnamed&gt;"/>
</line>
<line hits="2">
<code>    if (!url.contains('://')) url = 'https://$url.documents.azure.com/';</code>
<hit count="2" name="&lt;unnamed&gt;"/>
</line>
<line hits="3">
<code>    if (!url.endsWith('/')) url += '/';</code>
<hit count="3" name="&lt;unnamed&gt;"/>
</line>
<line>
<code>    return url;</code>
</line>
<line>
<code>  }</code>
</line>
<line>
<code>}</code>
</line>
<line>
<code/>
</line>
<line>
<code>// internal use</code>
</line>
<line>
<code>extension InstanceExt on Instance {</code>
</line>
<line hits="3">
<code>  Client get client =&gt; _client;</code>
<hit count="3" name="&lt;unnamed&gt;"/>
</line>
<line>
<code>}</code>
</line>
</lines>
<config branch-coverage="true" description-file="false" function-coverage="true" genhtml_hi_limit="90" genhtml_med_limit="75" legend="false" no-sort="false" no-source="false"/>
<base href="../../"/>
<base href="../../"/>
</coverage>
