<?xml version="1.0" encoding="UTF-8" standalone="no"?>
<?xml-stylesheet type="text/xsl" href="../jgenhtml.xsl"?><coverage branch-rate="NaN" branches-covered="0" branches-valid="0" complexity="0" date="2023-01-24" filename="index" function-rate="NaN" functions-covered="0" functions-valid="0" line-rate="1.0" lines-covered="67" lines-valid="67" package="/_internal" testname="lcov.info" version="1.5">
<sources>
<source branches-hit="0" branches-valid="0" filename="_http_methods.dart" functions-hit="0" functions-valid="0" lines-hit="1" lines-valid="1" prefix="/a/azure_cosmosdb/azure_cosmosdb/lib/src">
<testCase branch-hit="0" function-hit="0" line-hit="1" name="&lt;unnamed&gt;"/>
</source>
<source branches-hit="0" branches-valid="0" filename="_linq_extensions.dart" functions-hit="0" functions-valid="0" lines-hit="29" lines-valid="29" prefix="/a/azure_cosmosdb/azure_cosmosdb/lib/src">
<testCase branch-hit="0" function-hit="0" line-hit="29" name="&lt;unnamed&gt;"/>
</source>
<source branches-hit="0" branches-valid="0" filename="_http_call.dart" functions-hit="0" functions-valid="0" lines-hit="16" lines-valid="16" prefix="/a/azure_cosmosdb/azure_cosmosdb/lib/src">
<testCase branch-hit="0" function-hit="0" line-hit="16" name="&lt;unnamed&gt;"/>
</source>
<source branches-hit="0" branches-valid="0" filename="_authorization.dart" functions-hit="0" functions-valid="0" lines-hit="12" lines-valid="12" prefix="/a/azure_cosmosdb/azure_cosmosdb/lib/src">
<testCase branch-hit="0" function-hit="0" line-hit="12" name="&lt;unnamed&gt;"/>
</source>
<source branches-hit="0" branches-valid="0" filename="_imf_fixdate.dart" functions-hit="0" functions-valid="0" lines-hit="9" lines-valid="9" prefix="/a/azure_cosmosdb/azure_cosmosdb/lib/src">
<testCase branch-hit="0" function-hit="0" line-hit="9" name="&lt;unnamed&gt;"/>
</source>
</sources>
<config branch-coverage="true" description-file="false" function-coverage="true" genhtml_hi_limit="90" genhtml_med_limit="75" legend="false" no-sort="false" no-source="false"/>
<base href="../"/>
<base href="../"/>
</coverage>
