<?xml version="1.0" encoding="UTF-8" standalone="no"?>
<?xml-stylesheet type="text/xsl" href="../jgenhtml.xsl"?><coverage branch-rate="NaN" branches-covered="0" branches-valid="0" complexity="0" date="2023-01-24" filename="cosmos_db_permission.dart" function-rate="NaN" functions-covered="0" functions-valid="0" line-rate="1.0" lines-covered="16" lines-valid="16" package="/permissions" testname="lcov.info" version="1.5">
<lines>
<line>
<code>import '../base_document.dart';</code>
</line>
<line>
<code>import 'permission_mode.dart';</code>
</line>
<line>
<code/>
</line>
<line>
<code>/// Class representing a CosmosDB permission.</code>
</line>
<line>
<code>class CosmosDbPermission extends BaseDocument with EtagMixin {</code>
</line>
<line hits="2">
<code>  CosmosDbPermission(this.id, this.mode, this.resource, [this.token]);</code>
<hit count="2" name="&lt;unnamed&gt;"/>
</line>
<line>
<code/>
</line>
<line>
<code>  @override</code>
</line>
<line>
<code>  final String id;</code>
</line>
<line>
<code/>
</line>
<line>
<code>  /// The permission's mode (see [PermissionMode]).</code>
</line>
<line>
<code>  final PermissionMode mode;</code>
</line>
<line>
<code/>
</line>
<line>
<code>  /// The resource covered by this permission.</code>
</line>
<line>
<code>  final String resource;</code>
</line>
<line>
<code/>
</line>
<line>
<code>  /// The permission's token generated by CosmosDB.</code>
</line>
<line>
<code>  final String? token;</code>
</line>
<line>
<code/>
</line>
<line hits="1">
<code>  @override</code>
<hit count="1" name="&lt;unnamed&gt;"/>
</line>
<line hits="2">
<code>  Map&lt;String, dynamic&gt; toJson() =&gt; {</code>
<hit count="2" name="&lt;unnamed&gt;"/>
</line>
<line hits="2">
<code>        'id': id,</code>
<hit count="2" name="&lt;unnamed&gt;"/>
</line>
<line hits="3">
<code>        'permissionMode': mode.name,</code>
<hit count="3" name="&lt;unnamed&gt;"/>
</line>
<line hits="2">
<code>        'resource': resource,</code>
<hit count="2" name="&lt;unnamed&gt;"/>
</line>
<line hits="1">
<code>      };</code>
<hit count="1" name="&lt;unnamed&gt;"/>
</line>
<line>
<code/>
</line>
<line>
<code>  /// Builds a [CosmosDbPermission] from a CosmosDB JSON object.</code>
</line>
<line hits="2">
<code>  static CosmosDbPermission build(Map json) {</code>
<hit count="2" name="&lt;unnamed&gt;"/>
</line>
<line hits="1">
<code>    final permission = CosmosDbPermission(</code>
<hit count="1" name="&lt;unnamed&gt;"/>
</line>
<line hits="2">
<code>        json['id'],</code>
<hit count="2" name="&lt;unnamed&gt;"/>
</line>
<line hits="3">
<code>        PermissionMode.parse(json['permissionMode']),</code>
<hit count="3" name="&lt;unnamed&gt;"/>
</line>
<line hits="2">
<code>        json['resource'],</code>
<hit count="2" name="&lt;unnamed&gt;"/>
</line>
<line hits="2">
<code>        json['_token']);</code>
<hit count="2" name="&lt;unnamed&gt;"/>
</line>
<line hits="1">
<code>    permission.setEtag(json);</code>
<hit count="1" name="&lt;unnamed&gt;"/>
</line>
<line hits="1">
<code>    return permission;</code>
<hit count="1" name="&lt;unnamed&gt;"/>
</line>
<line hits="1">
<code>  }</code>
<hit count="1" name="&lt;unnamed&gt;"/>
</line>
<line>
<code>}</code>
</line>
</lines>
<config branch-coverage="true" description-file="false" function-coverage="true" genhtml_hi_limit="90" genhtml_med_limit="75" legend="false" no-sort="false" no-source="false"/>
<base href="../"/>
<base href="../"/>
</coverage>
