<?xml version="1.0" encoding="UTF-8" standalone="no"?>
<?xml-stylesheet type="text/xsl" href="../jgenhtml.xsl"?><coverage branch-rate="NaN" branches-covered="0" branches-valid="0" complexity="0" date="2023-01-24" filename="cosmos_db_user.dart" function-rate="NaN" functions-covered="0" functions-valid="0" line-rate="1.0" lines-covered="8" lines-valid="8" package="/permissions" testname="lcov.info" version="1.5">
<lines>
<line>
<code>import '../base_document.dart';</code>
</line>
<line>
<code/>
</line>
<line>
<code>/// Class representing a CosmosDB user.</code>
</line>
<line>
<code>class CosmosDbUser extends BaseDocument with EtagMixin {</code>
</line>
<line hits="2">
<code>  CosmosDbUser(this.id);</code>
<hit count="2" name="&lt;unnamed&gt;"/>
</line>
<line>
<code/>
</line>
<line>
<code>  @override</code>
</line>
<line>
<code>  final String id;</code>
</line>
<line>
<code/>
</line>
<line hits="1">
<code>  @override</code>
<hit count="1" name="&lt;unnamed&gt;"/>
</line>
<line hits="3">
<code>  Map&lt;String, dynamic&gt; toJson() =&gt; {'id': id};</code>
<hit count="3" name="&lt;unnamed&gt;"/>
</line>
<line>
<code/>
</line>
<line>
<code>  /// Builds a [CosmosDbUser] from a CosmosDB JSON object.</code>
</line>
<line hits="2">
<code>  static CosmosDbUser build(Map json) {</code>
<hit count="2" name="&lt;unnamed&gt;"/>
</line>
<line hits="3">
<code>    final user = CosmosDbUser(json['id']);</code>
<hit count="3" name="&lt;unnamed&gt;"/>
</line>
<line hits="1">
<code>    user.setEtag(json);</code>
<hit count="1" name="&lt;unnamed&gt;"/>
</line>
<line hits="1">
<code>    return user;</code>
<hit count="1" name="&lt;unnamed&gt;"/>
</line>
<line hits="1">
<code>  }</code>
<hit count="1" name="&lt;unnamed&gt;"/>
</line>
<line>
<code>}</code>
</line>
</lines>
<config branch-coverage="true" description-file="false" function-coverage="true" genhtml_hi_limit="90" genhtml_med_limit="75" legend="false" no-sort="false" no-source="false"/>
<base href="../"/>
<base href="../"/>
</coverage>
