<?xml version="1.0" encoding="UTF-8" standalone="no"?>
<?xml-stylesheet type="text/xsl" href="../jgenhtml.xsl"?><coverage branch-rate="NaN" branches-covered="0" branches-valid="0" complexity="0" date="2023-10-12" filename="permission_mode.dart" function-rate="NaN" functions-covered="0" functions-valid="0" line-rate="0.8333333" lines-covered="5" lines-valid="6" package="/permissions" testname="lcov.info" version="1.5">
<lines>
<line>
<code>import '../cosmos_db_exceptions.dart';</code>
</line>
<line>
<code/>
</line>
<line>
<code>/// Constants for permission modes.</code>
</line>
<line>
<code>class PermissionMode {</code>
</line>
<line hits="1">
<code>  const PermissionMode._(this.name);</code>
<hit count="1" name="&lt;unnamed&gt;"/>
</line>
<line>
<code/>
</line>
<line>
<code>  /// The [name] of this instance.</code>
</line>
<line>
<code>  final String name;</code>
</line>
<line>
<code/>
</line>
<line>
<code>  /// `Read` permission.</code>
</line>
<line>
<code>  static const read = PermissionMode._('Read');</code>
</line>
<line>
<code/>
</line>
<line>
<code>  /// `All` permission.</code>
</line>
<line>
<code>  static const all = PermissionMode._('All');</code>
</line>
<line>
<code/>
</line>
<line>
<code>  /// Returns the [PermissionMode] corresponding to [name].</code>
</line>
<line hits="2">
<code>  static PermissionMode parse(String name) {</code>
<hit count="2" name="&lt;unnamed&gt;"/>
</line>
<line hits="3">
<code>    if (name == read.name) return read;</code>
<hit count="3" name="&lt;unnamed&gt;"/>
</line>
<line hits="3">
<code>    if (name == all.name) return all;</code>
<hit count="3" name="&lt;unnamed&gt;"/>
</line>
<line hits="0">
<code>    throw BadResponseException('Unsupported permission mode.');</code>
</line>
<line hits="1">
<code>  }</code>
<hit count="1" name="&lt;unnamed&gt;"/>
</line>
<line>
<code>}</code>
</line>
</lines>
<config branch-coverage="true" description-file="false" function-coverage="true" genhtml_hi_limit="90" genhtml_med_limit="75" legend="false" no-sort="false" no-source="false"/>
<base href="../"/>
<base href="../"/>
</coverage>
