<?xml version="1.0" encoding="UTF-8" standalone="no"?>
<?xml-stylesheet type="text/xsl" href="jgenhtml.xsl"?><coverage branch-rate="NaN" branches-covered="0" branches-valid="0" complexity="0" date="2022-12-17" filename="index" function-rate="NaN" functions-covered="0" functions-valid="0" line-rate="0.935743" lines-covered="1165" lines-valid="1245" testname="lcov.info" version="1.5">
<sources>
<source branches-hit="0" branches-valid="0" functions-hit="0" functions-valid="0" lines-hit="341" lines-valid="376" pathname="/src" prefix="/a/azure_cosmosdb/azure_cosmosdb/lib"/>
<source branches-hit="0" branches-valid="0" functions-hit="0" functions-valid="0" lines-hit="101" lines-valid="111" pathname="/src/permissions" prefix="/a/azure_cosmosdb/azure_cosmosdb/lib"/>
<source branches-hit="0" branches-valid="0" functions-hit="0" functions-valid="0" lines-hit="54" lines-valid="55" pathname="/src/_internal" prefix="/a/azure_cosmosdb/azure_cosmosdb/lib"/>
<source branches-hit="0" branches-valid="0" functions-hit="0" functions-valid="0" lines-hit="20" lines-valid="21" pathname="/src/queries" prefix="/a/azure_cosmosdb/azure_cosmosdb/lib"/>
<source branches-hit="0" branches-valid="0" functions-hit="0" functions-valid="0" lines-hit="245" lines-valid="265" pathname="/src/client" prefix="/a/azure_cosmosdb/azure_cosmosdb/lib"/>
<source branches-hit="0" branches-valid="0" functions-hit="0" functions-valid="0" lines-hit="57" lines-valid="57" pathname="/src/indexing" prefix="/a/azure_cosmosdb/azure_cosmosdb/lib"/>
<source branches-hit="0" branches-valid="0" functions-hit="0" functions-valid="0" lines-hit="177" lines-valid="179" pathname="/src/patch" prefix="/a/azure_cosmosdb/azure_cosmosdb/lib"/>
<source branches-hit="0" branches-valid="0" functions-hit="0" functions-valid="0" lines-hit="170" lines-valid="181" pathname="/src/spatial" prefix="/a/azure_cosmosdb/azure_cosmosdb/lib"/>
</sources>
<config branch-coverage="true" description-file="false" function-coverage="true" genhtml_hi_limit="90" genhtml_med_limit="75" legend="false" no-sort="false" no-source="false"/>
</coverage>
