<?xml version="1.0" encoding="UTF-8" standalone="no"?>
<?xml-stylesheet type="text/xsl" href="jgenhtml.xsl"?><coverage branch-rate="NaN" branches-covered="0" branches-valid="0" complexity="0" date="2023-01-07" filename="index" function-rate="NaN" functions-covered="0" functions-valid="0" line-rate="0.37041885" lines-covered="566" lines-valid="1528" testname="lcov.info" version="1.5">
<sources>
<source branches-hit="0" branches-valid="0" functions-hit="0" functions-valid="0" lines-hit="39" lines-valid="402" pathname="/src" prefix="/a/azure_cosmosdb/azure_cosmosdb/lib"/>
<source branches-hit="0" branches-valid="0" functions-hit="0" functions-valid="0" lines-hit="3" lines-valid="111" pathname="/src/permissions" prefix="/a/azure_cosmosdb/azure_cosmosdb/lib"/>
<source branches-hit="0" branches-valid="0" functions-hit="0" functions-valid="0" lines-hit="46" lines-valid="59" pathname="/src/_internal" prefix="/a/azure_cosmosdb/azure_cosmosdb/lib"/>
<source branches-hit="0" branches-valid="0" functions-hit="0" functions-valid="0" lines-hit="0" lines-valid="21" pathname="/src/queries" prefix="/a/azure_cosmosdb/azure_cosmosdb/lib"/>
<source branches-hit="0" branches-valid="0" functions-hit="0" functions-valid="0" lines-hit="11" lines-valid="53" pathname="/src/indexing" prefix="/a/azure_cosmosdb/azure_cosmosdb/lib"/>
<source branches-hit="0" branches-valid="0" functions-hit="0" functions-valid="0" lines-hit="116" lines-valid="285" pathname="/src/client" prefix="/a/azure_cosmosdb/azure_cosmosdb/lib"/>
<source branches-hit="0" branches-valid="0" functions-hit="0" functions-valid="0" lines-hit="77" lines-valid="146" pathname="/src/partition" prefix="/a/azure_cosmosdb/azure_cosmosdb/lib"/>
<source branches-hit="0" branches-valid="0" functions-hit="0" functions-valid="0" lines-hit="111" lines-valid="185" pathname="/src/patch" prefix="/a/azure_cosmosdb/azure_cosmosdb/lib"/>
<source branches-hit="0" branches-valid="0" functions-hit="0" functions-valid="0" lines-hit="160" lines-valid="181" pathname="/src/spatial" prefix="/a/azure_cosmosdb/azure_cosmosdb/lib"/>
<source branches-hit="0" branches-valid="0" functions-hit="0" functions-valid="0" lines-hit="3" lines-valid="85" pathname="/src/batch" prefix="/a/azure_cosmosdb/azure_cosmosdb/lib"/>
</sources>
<config branch-coverage="true" description-file="false" function-coverage="true" genhtml_hi_limit="90" genhtml_med_limit="75" legend="false" no-sort="false" no-source="false"/>
</coverage>
