<?xml version="1.0" encoding="UTF-8" standalone="no"?>
<?xml-stylesheet type="text/xsl" href="../../../../../jgenhtml.xsl"?><coverage branch-rate="NaN" branches-covered="0" branches-valid="0" complexity="0" date="2023-10-13" filename="index" function-rate="NaN" functions-covered="0" functions-valid="0" line-rate="0.9086651" lines-covered="388" lines-valid="427" package="/a/azure_cosmosdb/azure_cosmosdb/lib/src" testname="lcov.info" version="1.5">
<sources>
<source branches-hit="0" branches-valid="0" filename="cosmos_db_server.dart" functions-hit="0" functions-valid="0" lines-hit="27" lines-valid="28">
<testCase branch-hit="0" function-hit="0" line-hit="27" name="&lt;unnamed&gt;"/>
</source>
<source branches-hit="0" branches-valid="0" filename="cosmos_db_throughput.dart" functions-hit="0" functions-valid="0" lines-hit="20" lines-valid="21">
<testCase branch-hit="0" function-hit="0" line-hit="20" name="&lt;unnamed&gt;"/>
</source>
<source branches-hit="0" branches-valid="0" filename="cosmos_db_container.dart" functions-hit="0" functions-valid="0" lines-hit="185" lines-valid="200">
<testCase branch-hit="0" function-hit="0" line-hit="185" name="&lt;unnamed&gt;"/>
</source>
<source branches-hit="0" branches-valid="0" filename="cosmos_db_databases.dart" functions-hit="0" functions-valid="0" lines-hit="42" lines-valid="45">
<testCase branch-hit="0" function-hit="0" line-hit="42" name="&lt;unnamed&gt;"/>
</source>
<source branches-hit="0" branches-valid="0" filename="cosmos_db_containers.dart" functions-hit="0" functions-valid="0" lines-hit="42" lines-valid="46">
<testCase branch-hit="0" function-hit="0" line-hit="42" name="&lt;unnamed&gt;"/>
</source>
<source branches-hit="0" branches-valid="0" filename="base_document.dart" functions-hit="0" functions-valid="0" lines-hit="2" lines-valid="2">
<testCase branch-hit="0" function-hit="0" line-hit="2" name="&lt;unnamed&gt;"/>
</source>
<source branches-hit="0" branches-valid="0" filename="cosmos_db_exceptions.dart" functions-hit="0" functions-valid="0" lines-hit="59" lines-valid="73">
<testCase branch-hit="0" function-hit="0" line-hit="59" name="&lt;unnamed&gt;"/>
</source>
<source branches-hit="0" branches-valid="0" filename="cosmos_db_database.dart" functions-hit="0" functions-valid="0" lines-hit="11" lines-valid="12">
<testCase branch-hit="0" function-hit="0" line-hit="11" name="&lt;unnamed&gt;"/>
</source>
</sources>
<config branch-coverage="true" description-file="false" function-coverage="true" genhtml_hi_limit="90" genhtml_med_limit="75" legend="false" no-sort="false" no-source="false"/>
<base href="../../../../../"/>
<base href="../../../../../"/>
</coverage>
