<?xml version="1.0" encoding="UTF-8" standalone="no"?>
<?xml-stylesheet type="text/xsl" href="../../jgenhtml.xsl"?><coverage branch-rate="NaN" branches-covered="0" branches-valid="0" complexity="0" date="2022-12-05" filename="index" function-rate="NaN" functions-covered="0" functions-valid="0" line-rate="0.98888886" lines-covered="89" lines-valid="90" package="/src/spatial" testname="lcov.info" version="1.5">
<sources>
<source branches-hit="0" branches-valid="0" filename="line.dart" functions-hit="0" functions-valid="0" lines-hit="13" lines-valid="13" prefix="/a/azure_cosmosdb/azure_cosmosdb/lib">
<testCase branch-hit="0" function-hit="0" line-hit="13" name="&lt;unnamed&gt;"/>
</source>
<source branches-hit="0" branches-valid="0" filename="point.dart" functions-hit="0" functions-valid="0" lines-hit="16" lines-valid="17" prefix="/a/azure_cosmosdb/azure_cosmosdb/lib">
<testCase branch-hit="0" function-hit="0" line-hit="16" name="&lt;unnamed&gt;"/>
</source>
<source branches-hit="0" branches-valid="0" filename="distance_calculator_2d.dart" functions-hit="0" functions-valid="0" lines-hit="9" lines-valid="9" prefix="/a/azure_cosmosdb/azure_cosmosdb/lib">
<testCase branch-hit="0" function-hit="0" line-hit="9" name="&lt;unnamed&gt;"/>
</source>
<source branches-hit="0" branches-valid="0" filename="distance_calculator_haversine.dart" functions-hit="0" functions-valid="0" lines-hit="14" lines-valid="14" prefix="/a/azure_cosmosdb/azure_cosmosdb/lib">
<testCase branch-hit="0" function-hit="0" line-hit="14" name="&lt;unnamed&gt;"/>
</source>
<source branches-hit="0" branches-valid="0" filename="distance_calculator.dart" functions-hit="0" functions-valid="0" lines-hit="9" lines-valid="9" prefix="/a/azure_cosmosdb/azure_cosmosdb/lib">
<testCase branch-hit="0" function-hit="0" line-hit="9" name="&lt;unnamed&gt;"/>
</source>
<source branches-hit="0" branches-valid="0" filename="polygon.dart" functions-hit="0" functions-valid="0" lines-hit="8" lines-valid="8" prefix="/a/azure_cosmosdb/azure_cosmosdb/lib">
<testCase branch-hit="0" function-hit="0" line-hit="8" name="&lt;unnamed&gt;"/>
</source>
<source branches-hit="0" branches-valid="0" filename="multi_polygon.dart" functions-hit="0" functions-valid="0" lines-hit="8" lines-valid="8" prefix="/a/azure_cosmosdb/azure_cosmosdb/lib">
<testCase branch-hit="0" function-hit="0" line-hit="8" name="&lt;unnamed&gt;"/>
</source>
<source branches-hit="0" branches-valid="0" filename="distance_calculator_3d.dart" functions-hit="0" functions-valid="0" lines-hit="12" lines-valid="12" prefix="/a/azure_cosmosdb/azure_cosmosdb/lib">
<testCase branch-hit="0" function-hit="0" line-hit="12" name="&lt;unnamed&gt;"/>
</source>
</sources>
<config branch-coverage="true" description-file="false" function-coverage="true" genhtml_hi_limit="90" genhtml_med_limit="75" legend="false" no-sort="false" no-source="false"/>
<base href="../../"/>
<base href="../../"/>
</coverage>
