<?xml version="1.0" encoding="UTF-8" standalone="no"?>
<?xml-stylesheet type="text/xsl" href="../../jgenhtml.xsl"?><coverage branch-rate="NaN" branches-covered="0" branches-valid="0" complexity="0" date="2025-01-06" filename="multi_polygon.dart" function-rate="NaN" functions-covered="0" functions-valid="0" line-rate="0.8333333" lines-covered="15" lines-valid="18" package="src/spatial" testname="lcov.info" version="1.6">
<lines>
<line number="1">
<code>import '../_internal/_linq_extensions.dart';</code>
</line>
<line number="2">
<code>import '../indexing/data_type.dart';</code>
</line>
<line number="3">
<code>import '../indexing/geospatial_config.dart';</code>
</line>
<line number="4">
<code>import 'point.dart';</code>
</line>
<line number="5">
<code>import 'polygon.dart';</code>
</line>
<line number="6">
<code>import 'shape.dart';</code>
</line>
<line number="7">
<code/>
</line>
<line number="8">
<code>/// Class representing a list of polygons.</code>
</line>
<line number="9">
<code>class MultiPolygon extends Shape {</code>
</line>
<line number="10">
<code>  final _polygons = &lt;Polygon&gt;[];</code>
</line>
<line number="11">
<code/>
</line>
<line number="12">
<code>  @override</code>
</line>
<line number="13">
<code>  final type = DataType.multiPolygon;</code>
</line>
<line number="14">
<code/>
</line>
<line hits="1" number="15">
<code>  MultiPolygon();</code>
<hit count="1" name="&lt;unnamed&gt;"/>
</line>
<line number="16">
<code/>
</line>
<line hits="1" number="17">
<code>  @override</code>
<hit count="1" name="&lt;unnamed&gt;"/>
</line>
<line hits="5" number="18">
<code>  List get coordinates =&gt; polygons.map((p) =&gt; p.coordinates).toList();</code>
<hit count="5" name="&lt;unnamed&gt;"/>
</line>
<line number="19">
<code/>
</line>
<line number="20">
<code>  /// `true` iif the multi-polygon contains no polygon.</code>
</line>
<line hits="3" number="21">
<code>  bool get isEmpty =&gt; polygons.isEmpty;</code>
<hit count="3" name="&lt;unnamed&gt;"/>
</line>
<line number="22">
<code/>
</line>
<line number="23">
<code>  /// `true` iif the multi-polygon contains one or more polygons.</code>
</line>
<line hits="3" number="24">
<code>  bool get isNotEmpty =&gt; polygons.isNotEmpty;</code>
<hit count="3" name="&lt;unnamed&gt;"/>
</line>
<line number="25">
<code/>
</line>
<line hits="0" number="26">
<code>  @override</code>
</line>
<line hits="0" number="27">
<code>  Iterable&lt;Iterable&lt;Point&gt;&gt; get paths =&gt; polygons.expand((p) =&gt; p.paths);</code>
</line>
<line number="28">
<code/>
</line>
<line number="29">
<code>  /// The list of polygons.</code>
</line>
<line hits="3" number="30">
<code>  Iterable&lt;Polygon&gt; get polygons =&gt; _polygons.asIterable();</code>
<hit count="3" name="&lt;unnamed&gt;"/>
</line>
<line number="31">
<code/>
</line>
<line number="32">
<code>  /// Adds a polygon to the multi-polygon.</code>
</line>
<line hits="0" number="33">
<code>  void add(Polygon polygon) =&gt; _polygons.add(polygon);</code>
</line>
<line number="34">
<code/>
</line>
<line number="35">
<code>  /// Adds a set of polygons to the multi-polygon.</code>
</line>
<line hits="3" number="36">
<code>  void addAll(Iterable&lt;Polygon&gt; polygons) =&gt; _polygons.addAll(polygons);</code>
<hit count="3" name="&lt;unnamed&gt;"/>
</line>
<line number="37">
<code/>
</line>
<line hits="1" number="38">
<code>  static MultiPolygon fromGeoJson(Map geoJson, GeospatialConfig config) =&gt;</code>
<hit count="1" name="&lt;unnamed&gt;"/>
</line>
<line hits="1" number="39">
<code>      Shape.fromGeoJson&lt;MultiPolygon&gt;(geoJson, config);</code>
<hit count="1" name="&lt;unnamed&gt;"/>
</line>
<line number="40">
<code/>
</line>
<line hits="2" number="41">
<code>  static MultiPolygon loadGeographyCoords(Iterable coords) =&gt; MultiPolygon()</code>
<hit count="2" name="&lt;unnamed&gt;"/>
</line>
<line hits="1" number="42">
<code>    ..addAll(</code>
<hit count="1" name="&lt;unnamed&gt;"/>
</line>
<line hits="2" number="43">
<code>      coords.cast&lt;Iterable&gt;().map(Polygon.loadGeographyCoords),</code>
<hit count="2" name="&lt;unnamed&gt;"/>
</line>
<line number="44">
<code>    );</code>
</line>
<line number="45">
<code/>
</line>
<line hits="2" number="46">
<code>  static MultiPolygon loadGeometryCoords(Iterable coords) =&gt; MultiPolygon()</code>
<hit count="2" name="&lt;unnamed&gt;"/>
</line>
<line hits="1" number="47">
<code>    ..addAll(</code>
<hit count="1" name="&lt;unnamed&gt;"/>
</line>
<line hits="2" number="48">
<code>      coords.cast&lt;Iterable&gt;().map(Polygon.loadGeometryCoords),</code>
<hit count="2" name="&lt;unnamed&gt;"/>
</line>
<line number="49">
<code>    );</code>
</line>
<line number="50">
<code>}</code>
</line>
</lines>
<config branch-coverage="true" description-file="false" function-coverage="true" genhtml_hi_limit="90" genhtml_med_limit="75" legend="false" no-sort="false" no-source="false" show-details="false"/>
<base href="../../"/>
<base href="../../"/>
</coverage>
