<?xml version="1.0" encoding="UTF-8" standalone="no"?>
<?xml-stylesheet type="text/xsl" href="../../jgenhtml.xsl"?><coverage branch-rate="NaN" branches-covered="0" branches-valid="0" complexity="0" date="2022-12-04" filename="polygon.dart" function-rate="NaN" functions-covered="0" functions-valid="0" line-rate="1.0" lines-covered="8" lines-valid="8" package="/src/spatial" testname="lcov.info" version="1.5">
<lines>
<line>
<code>import '../indexing/data_type.dart';</code>
</line>
<line>
<code>import 'line.dart';</code>
</line>
<line>
<code>import 'point.dart';</code>
</line>
<line>
<code/>
</line>
<line>
<code>class Polygon extends Line {</code>
</line>
<line hits="1">
<code>  Polygon();</code>
<hit count="1" name="&lt;unnamed&gt;"/>
</line>
<line>
<code/>
</line>
<line>
<code>  /// List of points making up the polygon. The first point is automatically</code>
</line>
<line>
<code>  /// repeated at the end of the list.</code>
</line>
<line hits="1">
<code>  @override</code>
<hit count="1" name="&lt;unnamed&gt;"/>
</line>
<line hits="5">
<code>  Iterable&lt;Point&gt; get points =&gt; super.points.followedBy(super.points.take(1));</code>
<hit count="5" name="&lt;unnamed&gt;"/>
</line>
<line>
<code/>
</line>
<line hits="1">
<code>  @override</code>
<hit count="1" name="&lt;unnamed&gt;"/>
</line>
<line hits="2">
<code>  Map&lt;String, dynamic&gt; toJson() =&gt; {</code>
<hit count="2" name="&lt;unnamed&gt;"/>
</line>
<line hits="1">
<code>        'type': DataType.polygon.name,</code>
<hit count="1" name="&lt;unnamed&gt;"/>
</line>
<line hits="2">
<code>        'coordinates': coordinates,</code>
<hit count="2" name="&lt;unnamed&gt;"/>
</line>
<line hits="1">
<code>      };</code>
<hit count="1" name="&lt;unnamed&gt;"/>
</line>
<line>
<code>}</code>
</line>
</lines>
<config branch-coverage="true" description-file="false" function-coverage="true" genhtml_hi_limit="90" genhtml_med_limit="75" legend="false" no-sort="false" no-source="false"/>
<base href="../../"/>
<base href="../../"/>
</coverage>
