<?xml version="1.0" encoding="UTF-8" standalone="no"?>
<?xml-stylesheet type="text/xsl" href="../../jgenhtml.xsl"?><coverage branch-rate="NaN" branches-covered="0" branches-valid="0" complexity="0" date="2023-01-14" filename="batch_operation_result.dart" function-rate="NaN" functions-covered="0" functions-valid="0" line-rate="1.0" lines-covered="3" lines-valid="3" package="/src/batch" testname="lcov.info" version="1.5">
<lines>
<line>
<code>import '../base_document.dart';</code>
</line>
<line>
<code>import '../client/http_status_codes.dart';</code>
</line>
<line>
<code>import 'batch_operation.dart';</code>
</line>
<line>
<code/>
</line>
<line>
<code>class BatchOperationResult&lt;T extends BaseDocument&gt; {</code>
</line>
<line hits="2">
<code>  BatchOperationResult(this.operation, this.statusCode, this.item);</code>
<hit count="2" name="&lt;unnamed&gt;"/>
</line>
<line>
<code/>
</line>
<line hits="2">
<code>  BatchOperationResult.withoutItem(this.operation, this.statusCode)</code>
<hit count="2" name="&lt;unnamed&gt;"/>
</line>
<line>
<code>      : item = null;</code>
</line>
<line>
<code/>
</line>
<line>
<code>  final BatchOperation operation;</code>
</line>
<line>
<code>  final int statusCode;</code>
</line>
<line>
<code>  final T? item;</code>
</line>
<line>
<code/>
</line>
<line hits="4">
<code>  bool get isSuccess =&gt; HttpStatusCode.isSuccess(statusCode);</code>
<hit count="4" name="&lt;unnamed&gt;"/>
</line>
<line>
<code>}</code>
</line>
</lines>
<config branch-coverage="true" description-file="false" function-coverage="true" genhtml_hi_limit="90" genhtml_med_limit="75" legend="false" no-sort="false" no-source="false"/>
<base href="../../"/>
<base href="../../"/>
</coverage>
