<?xml version="1.0" encoding="UTF-8" standalone="no"?>
<?xml-stylesheet type="text/xsl" href="../../jgenhtml.xsl"?><coverage branch-rate="NaN" branches-covered="0" branches-valid="0" complexity="0" date="2023-01-11" filename="batch_operation_read.dart" function-rate="NaN" functions-covered="0" functions-valid="0" line-rate="1.0" lines-covered="9" lines-valid="9" package="/src/batch" testname="lcov.info" version="1.5">
<lines>
<line>
<code>import 'dart:convert';</code>
</line>
<line>
<code/>
</line>
<line>
<code>import '../base_document.dart';</code>
</line>
<line>
<code>import '../partition/partition_key.dart';</code>
</line>
<line>
<code>import '../partition/partition_key_spec.dart';</code>
</line>
<line>
<code>import 'batch_operation.dart';</code>
</line>
<line>
<code/>
</line>
<line>
<code>class BatchOperationRead extends BatchOperation {</code>
</line>
<line hits="2">
<code>  BatchOperationRead(this.id,</code>
<hit count="2" name="&lt;unnamed&gt;"/>
</line>
<line>
<code>      {PartitionKeySpec? partitionKeySpec, PartitionKey? partitionKey})</code>
</line>
<line hits="2">
<code>      : super(partitionKey: partitionKey, partitionKeySpec: partitionKeySpec);</code>
<hit count="2" name="&lt;unnamed&gt;"/>
</line>
<line>
<code/>
</line>
<line>
<code>  @override</code>
</line>
<line>
<code>  final BatchOperationType op = BatchOperationType.read;</code>
</line>
<line>
<code/>
</line>
<line>
<code>  final String id;</code>
</line>
<line>
<code/>
</line>
<line hits="1">
<code>  @override</code>
<hit count="1" name="&lt;unnamed&gt;"/>
</line>
<line hits="2">
<code>  Map&lt;String, dynamic&gt; toJson() =&gt; super.toJson()</code>
<hit count="2" name="&lt;unnamed&gt;"/>
</line>
<line hits="3">
<code>    ..addAll({</code>
<hit count="3" name="&lt;unnamed&gt;"/>
</line>
<line hits="2">
<code>      'id': id,</code>
<hit count="2" name="&lt;unnamed&gt;"/>
</line>
<line hits="1">
<code>      'partitionKey': jsonEncode(</code>
<hit count="1" name="&lt;unnamed&gt;"/>
</line>
<line hits="3">
<code>          (partitionKey ?? partitionKeySpec?.from(DocumentWithId(id)))?.values),</code>
<hit count="3" name="&lt;unnamed&gt;"/>
</line>
<line hits="1">
<code>    });</code>
<hit count="1" name="&lt;unnamed&gt;"/>
</line>
<line>
<code>}</code>
</line>
</lines>
<config branch-coverage="true" description-file="false" function-coverage="true" genhtml_hi_limit="90" genhtml_med_limit="75" legend="false" no-sort="false" no-source="false"/>
<base href="../../"/>
<base href="../../"/>
</coverage>
