<?xml version="1.0" encoding="UTF-8" standalone="no"?>
<?xml-stylesheet type="text/xsl" href="../../jgenhtml.xsl"?><coverage branch-rate="NaN" branches-covered="0" branches-valid="0" complexity="0" date="2023-01-04" filename="batch_operation_read.dart" function-rate="NaN" functions-covered="0" functions-valid="0" line-rate="0.0" lines-covered="0" lines-valid="6" package="/src/batch" testname="lcov.info" version="1.5">
<lines>
<line>
<code>import 'dart:convert';</code>
</line>
<line>
<code/>
</line>
<line>
<code>import '../partition/partition_key.dart';</code>
</line>
<line>
<code>import 'batch_operation.dart';</code>
</line>
<line>
<code/>
</line>
<line>
<code>class BatchOperationRead extends BatchOperation {</code>
</line>
<line hits="0">
<code>  BatchOperationRead(this.id, {this.partitionKey});</code>
</line>
<line>
<code/>
</line>
<line>
<code>  @override</code>
</line>
<line>
<code>  final BatchOperationType op = BatchOperationType.read;</code>
</line>
<line>
<code/>
</line>
<line>
<code>  final String id;</code>
</line>
<line>
<code>  final PartitionKey? partitionKey;</code>
</line>
<line>
<code/>
</line>
<line hits="0">
<code>  @override</code>
</line>
<line hits="0">
<code>  Map&lt;String, dynamic&gt; toJson() =&gt; super.toJson()</code>
</line>
<line hits="0">
<code>    ..addAll({</code>
</line>
<line hits="0">
<code>      'id': id,</code>
</line>
<line hits="0">
<code>      'partitionKey': jsonEncode(partitionKey?.values ?? [id]),</code>
</line>
<line>
<code>    });</code>
</line>
<line>
<code>}</code>
</line>
</lines>
<config branch-coverage="true" description-file="false" function-coverage="true" genhtml_hi_limit="90" genhtml_med_limit="75" legend="false" no-sort="false" no-source="false"/>
<base href="../../"/>
<base href="../../"/>
</coverage>
