<?xml version="1.0" encoding="UTF-8" standalone="no"?>
<?xml-stylesheet type="text/xsl" href="../../jgenhtml.xsl"?><coverage branch-rate="NaN" branches-covered="0" branches-valid="0" complexity="0" date="2025-01-06" filename="batch_operation_type.dart" function-rate="NaN" functions-covered="0" functions-valid="0" line-rate="1.0" lines-covered="1" lines-valid="1" package="src/batch" testname="lcov.info" version="1.6">
<lines>
<line number="1">
<code>/// Constants for batch operation types.</code>
</line>
<line number="2">
<code>class BatchOperationType {</code>
</line>
<line hits="1" number="3">
<code>  const BatchOperationType._(this.name);</code>
<hit count="1" name="&lt;unnamed&gt;"/>
</line>
<line number="4">
<code/>
</line>
<line number="5">
<code>  /// Name of the batch operation type.</code>
</line>
<line number="6">
<code>  final String name;</code>
</line>
<line number="7">
<code/>
</line>
<line number="8">
<code>  /// `Create` operation type.</code>
</line>
<line number="9">
<code>  static const create = BatchOperationType._('Create');</code>
</line>
<line number="10">
<code/>
</line>
<line number="11">
<code>  /// `Upsert` operation type.</code>
</line>
<line number="12">
<code>  static const upsert = BatchOperationType._('Upsert');</code>
</line>
<line number="13">
<code/>
</line>
<line number="14">
<code>  /// `Read` operation type.</code>
</line>
<line number="15">
<code>  static const read = BatchOperationType._('Read');</code>
</line>
<line number="16">
<code/>
</line>
<line number="17">
<code>  /// `Delete` operation type.</code>
</line>
<line number="18">
<code>  static const delete = BatchOperationType._('Delete');</code>
</line>
<line number="19">
<code/>
</line>
<line number="20">
<code>  /// `Replace` operation type.</code>
</line>
<line number="21">
<code>  static const replace = BatchOperationType._('Replace');</code>
</line>
<line number="22">
<code/>
</line>
<line number="23">
<code>  /// `Patch` operation type.</code>
</line>
<line number="24">
<code>  static const patch = BatchOperationType._('Patch');</code>
</line>
<line number="25">
<code>}</code>
</line>
</lines>
<config branch-coverage="true" description-file="false" function-coverage="true" genhtml_hi_limit="90" genhtml_med_limit="75" legend="false" no-sort="false" no-source="false" show-details="false"/>
<base href="../../"/>
<base href="../../"/>
</coverage>
