<?xml version="1.0" encoding="UTF-8" standalone="no"?>
<?xml-stylesheet type="text/xsl" href="../../jgenhtml.xsl"?><coverage branch-rate="NaN" branches-covered="0" branches-valid="0" complexity="0" date="2025-01-06" filename="cross_partition_batch.dart" function-rate="NaN" functions-covered="0" functions-valid="0" line-rate="0.90625" lines-covered="29" lines-valid="32" package="src/batch" testname="lcov.info" version="1.6">
<lines>
<line number="1">
<code>import '../_internal/_linq_extensions.dart';</code>
</line>
<line number="2">
<code>import '../authorizations/cosmos_db_permission.dart';</code>
</line>
<line number="3">
<code>import '../cosmos_db_container.dart';</code>
</line>
<line number="4">
<code>import '../cosmos_db_exceptions.dart';</code>
</line>
<line number="5">
<code>import '../partition/partition_key.dart';</code>
</line>
<line number="6">
<code>import 'batch.dart';</code>
</line>
<line number="7">
<code>import 'batch_operation.dart';</code>
</line>
<line number="8">
<code>import 'batch_response.dart';</code>
</line>
<line number="9">
<code>import 'transactional_batch.dart';</code>
</line>
<line number="10">
<code/>
</line>
<line number="11">
<code>/// A cross-partition transactional batch. This class can handle operations targetting</code>
</line>
<line number="12">
<code>/// multiple partition keys, and supports more than 100 operations. Atomic behavior is</code>
</line>
<line number="13">
<code>/// not possible with this class, and [isAtomic] will always be `false`. Stopping on</code>
</line>
<line number="14">
<code>/// error is also not possible with this implementation and [continueOnError] will</code>
</line>
<line number="15">
<code>/// always be `true`.</code>
</line>
<line number="16">
<code>class CrossPartitionBatch extends Batch {</code>
</line>
<line hits="1" number="17">
<code>  CrossPartitionBatch(CosmosDbContainer container, {PartitionKey? partitionKey})</code>
<hit count="1" name="&lt;unnamed&gt;"/>
</line>
<line hits="1" number="18">
<code>      : super(container, partitionKey);</code>
<hit count="1" name="&lt;unnamed&gt;"/>
</line>
<line number="19">
<code/>
</line>
<line number="20">
<code>  /// Cross-partition batches always have [continueOnError] = `true`.</code>
</line>
<line number="21">
<code>  @override</code>
</line>
<line number="22">
<code>  final bool continueOnError = true;</code>
</line>
<line number="23">
<code/>
</line>
<line number="24">
<code>  /// Cross-partition batches cannot be atomic and always have [isAtomic] = `false`.</code>
</line>
<line number="25">
<code>  @override</code>
</line>
<line number="26">
<code>  final bool isAtomic = false;</code>
</line>
<line number="27">
<code/>
</line>
<line number="28">
<code>  @override</code>
</line>
<line number="29">
<code>  final bool isCrossPartition = true;</code>
</line>
<line number="30">
<code/>
</line>
<line hits="1" number="31">
<code>  @override</code>
<hit count="1" name="&lt;unnamed&gt;"/>
</line>
<line hits="2" number="32">
<code>  int get length =&gt; _ops.length;</code>
<hit count="2" name="&lt;unnamed&gt;"/>
</line>
<line number="33">
<code/>
</line>
<line hits="1" number="34">
<code>  @override</code>
<hit count="1" name="&lt;unnamed&gt;"/>
</line>
<line hits="2" number="35">
<code>  Iterable&lt;BatchOperation&gt; get operations =&gt; _ops.asIterable();</code>
<hit count="2" name="&lt;unnamed&gt;"/>
</line>
<line number="36">
<code/>
</line>
<line number="37">
<code>  final _ops = &lt;BatchOperation&gt;[];</code>
</line>
<line number="38">
<code/>
</line>
<line number="39">
<code>  final _opsByPk = &lt;PartitionKey, TransactionalBatch&gt;{};</code>
</line>
<line number="40">
<code/>
</line>
<line hits="1" number="41">
<code>  @override</code>
<hit count="1" name="&lt;unnamed&gt;"/>
</line>
<line number="42">
<code>  void recycle() {</code>
</line>
<line hits="2" number="43">
<code>    _ops.clear();</code>
<hit count="2" name="&lt;unnamed&gt;"/>
</line>
<line hits="2" number="44">
<code>    _opsByPk.clear();</code>
<hit count="2" name="&lt;unnamed&gt;"/>
</line>
<line number="45">
<code>  }</code>
</line>
<line number="46">
<code/>
</line>
<line hits="1" number="47">
<code>  @override</code>
<hit count="1" name="&lt;unnamed&gt;"/>
</line>
<line number="48">
<code>  void add(BatchOperation op) {</code>
</line>
<line hits="1" number="49">
<code>    final pk = op.partitionKey ?? partitionKey;</code>
<hit count="1" name="&lt;unnamed&gt;"/>
</line>
<line number="50">
<code>    if (pk == null) {</code>
</line>
<line hits="0" number="51">
<code>      throw PartitionKeyException('Missing partition key.');</code>
</line>
<line number="52">
<code>    }</code>
</line>
<line number="53">
<code>    TransactionalBatch? batch;</code>
</line>
<line hits="5" number="54">
<code>    final key = _opsByPk.keys.singleOrDefault((k) =&gt; k == pk);</code>
<hit count="5" name="&lt;unnamed&gt;"/>
</line>
<line number="55">
<code>    if (key == null) {</code>
</line>
<line hits="1" number="56">
<code>      batch = TransactionalBatch(</code>
<hit count="1" name="&lt;unnamed&gt;"/>
</line>
<line hits="1" number="57">
<code>        container,</code>
<hit count="1" name="&lt;unnamed&gt;"/>
</line>
<line number="58">
<code>        continueOnError: true,</code>
</line>
<line hits="1" number="59">
<code>        partitionKey: partitionKey,</code>
<hit count="1" name="&lt;unnamed&gt;"/>
</line>
<line number="60">
<code>      );</code>
</line>
<line hits="2" number="61">
<code>      _opsByPk[pk] = batch;</code>
<hit count="2" name="&lt;unnamed&gt;"/>
</line>
<line number="62">
<code>    } else {</code>
</line>
<line hits="2" number="63">
<code>      batch = _opsByPk[key]!;</code>
<hit count="2" name="&lt;unnamed&gt;"/>
</line>
<line number="64">
<code>    }</code>
</line>
<line hits="1" number="65">
<code>    batch.add(op);</code>
<hit count="1" name="&lt;unnamed&gt;"/>
</line>
<line hits="2" number="66">
<code>    _ops.add(op);</code>
<hit count="2" name="&lt;unnamed&gt;"/>
</line>
<line number="67">
<code>  }</code>
</line>
<line number="68">
<code/>
</line>
<line number="69">
<code>  /// Executes the [BatchOperation]s registered in this batch instance. Operations are grouped</code>
</line>
<line number="70">
<code>  /// by partition keys and sent to Cosmos DB in chunks of 100 operations per partition key.</code>
</line>
<line hits="1" number="71">
<code>  @override</code>
<hit count="1" name="&lt;unnamed&gt;"/>
</line>
<line number="72">
<code>  Future&lt;BatchResponse&gt; execute({CosmosDbPermission? permission}) async {</code>
</line>
<line number="73">
<code>    var pending = 0;</code>
</line>
<line hits="1" number="74">
<code>    final futures = &lt;Future&gt;[];</code>
<hit count="1" name="&lt;unnamed&gt;"/>
</line>
<line hits="3" number="75">
<code>    for (var batch in _opsByPk.values) {</code>
<hit count="3" name="&lt;unnamed&gt;"/>
</line>
<line hits="1" number="76">
<code>      pending++;</code>
<hit count="1" name="&lt;unnamed&gt;"/>
</line>
<line hits="1" number="77">
<code>      futures.add(</code>
<hit count="1" name="&lt;unnamed&gt;"/>
</line>
<line hits="4" number="78">
<code>          batch.execute(permission: permission).whenComplete(() =&gt; pending--));</code>
<hit count="4" name="&lt;unnamed&gt;"/>
</line>
<line hits="1" number="79">
<code>      while (pending &gt; 2) {</code>
<hit count="1" name="&lt;unnamed&gt;"/>
</line>
<line number="80">
<code>        // throttle</code>
</line>
<line hits="1" number="81">
<code>        await Future.delayed(const Duration(milliseconds: 10));</code>
<hit count="1" name="&lt;unnamed&gt;"/>
</line>
<line number="82">
<code>      }</code>
</line>
<line number="83">
<code>    }</code>
</line>
<line hits="1" number="84">
<code>    await Future.wait(futures);</code>
<hit count="1" name="&lt;unnamed&gt;"/>
</line>
<line hits="6" number="85">
<code>    return BatchResponse()..addAll(_ops.map((o) =&gt; o.result!));</code>
<hit count="6" name="&lt;unnamed&gt;"/>
</line>
<line number="86">
<code>  }</code>
</line>
<line number="87">
<code/>
</line>
<line hits="0" number="88">
<code>  @override</code>
</line>
<line hits="0" number="89">
<code>  List&lt;dynamic&gt; toJson() =&gt; _ops.map((o) =&gt; o.toJson()).toList();</code>
</line>
<line number="90">
<code>}</code>
</line>
</lines>
<config branch-coverage="true" description-file="false" function-coverage="true" genhtml_hi_limit="90" genhtml_med_limit="75" legend="false" no-sort="false" no-source="false" show-details="false"/>
<base href="../../"/>
<base href="../../"/>
</coverage>
