<?xml version="1.0" encoding="UTF-8" standalone="no"?>
<?xml-stylesheet type="text/xsl" href="../../jgenhtml.xsl"?><coverage branch-rate="NaN" branches-covered="0" branches-valid="0" complexity="0" date="2025-01-06" filename="index" function-rate="NaN" functions-covered="0" functions-valid="0" line-rate="0.9509202" lines-covered="155" lines-valid="163" package="src/batch" testname="lcov.info" version="1.6">
<sources>
<source branches-hit="0" branches-valid="0" filename="cross_partition_batch.dart" functions-hit="0" functions-valid="0" lines-hit="29" lines-valid="32" prefix="/_Projects/github/azure_cosmosdb/lib/">
<testCase branches-hit="0" functions-hit="0" lines-hit="29" name="&lt;unnamed&gt;"/>
</source>
<source branches-hit="0" branches-valid="0" filename="batch_operation_type.dart" functions-hit="0" functions-valid="0" lines-hit="1" lines-valid="1" prefix="/_Projects/github/azure_cosmosdb/lib/">
<testCase branches-hit="0" functions-hit="0" lines-hit="1" name="&lt;unnamed&gt;"/>
</source>
<source branches-hit="0" branches-valid="0" filename="batch_response.dart" functions-hit="0" functions-valid="0" lines-hit="17" lines-valid="20" prefix="/_Projects/github/azure_cosmosdb/lib/">
<testCase branches-hit="0" functions-hit="0" lines-hit="17" name="&lt;unnamed&gt;"/>
</source>
<source branches-hit="0" branches-valid="0" filename="transactional_batch.dart" functions-hit="0" functions-valid="0" lines-hit="51" lines-valid="52" prefix="/_Projects/github/azure_cosmosdb/lib/">
<testCase branches-hit="0" functions-hit="0" lines-hit="51" name="&lt;unnamed&gt;"/>
</source>
<source branches-hit="0" branches-valid="0" filename="batch.dart" functions-hit="0" functions-valid="0" lines-hit="19" lines-valid="20" prefix="/_Projects/github/azure_cosmosdb/lib/">
<testCase branches-hit="0" functions-hit="0" lines-hit="19" name="&lt;unnamed&gt;"/>
</source>
<source branches-hit="0" branches-valid="0" filename="batch_operation_result.dart" functions-hit="0" functions-valid="0" lines-hit="3" lines-valid="3" prefix="/_Projects/github/azure_cosmosdb/lib/">
<testCase branches-hit="0" functions-hit="0" lines-hit="3" name="&lt;unnamed&gt;"/>
</source>
<source branches-hit="0" branches-valid="0" filename="batch_operation.dart" functions-hit="0" functions-valid="0" lines-hit="35" lines-valid="35" prefix="/_Projects/github/azure_cosmosdb/lib/">
<testCase branches-hit="0" functions-hit="0" lines-hit="35" name="&lt;unnamed&gt;"/>
</source>
</sources>
<config branch-coverage="true" description-file="false" function-coverage="true" genhtml_hi_limit="90" genhtml_med_limit="75" legend="false" no-sort="false" no-source="false" show-details="false"/>
<base href="../../"/>
<base href="../../"/>
</coverage>
