<?xml version="1.0" encoding="UTF-8" standalone="no"?>
<?xml-stylesheet type="text/xsl" href="../../../jgenhtml.xsl"?><coverage branch-rate="NaN" branches-covered="0" branches-valid="0" complexity="0" date="2025-01-06" filename="batch_operation_patch.dart" function-rate="NaN" functions-covered="0" functions-valid="0" line-rate="0.65217394" lines-covered="15" lines-valid="23" package="src/batch/operations" testname="lcov.info" version="1.6">
<lines>
<line number="1">
<code>import '../../base_document.dart';</code>
</line>
<line number="2">
<code>import '../../partition/partition_key.dart';</code>
</line>
<line number="3">
<code>import '../../patch/patch.dart';</code>
</line>
<line number="4">
<code>import '../batch_operation.dart';</code>
</line>
<line number="5">
<code>import '../batch_operation_type.dart';</code>
</line>
<line number="6">
<code/>
</line>
<line number="7">
<code>/// Batch operation for patching documents in the target container.</code>
</line>
<line number="8">
<code>class BatchOperationPatch&lt;T extends BaseDocument&gt;</code>
</line>
<line number="9">
<code>    extends BatchOperationOnType&lt;T&gt; implements Patch {</code>
</line>
<line number="10">
<code>  /// Creates a batch operation for patching document with [id].</code>
</line>
<line hits="1" number="11">
<code>  BatchOperationPatch(this.id, {PartitionKey? partitionKey})</code>
<hit count="1" name="&lt;unnamed&gt;"/>
</line>
<line hits="1" number="12">
<code>      : super(partitionKey: partitionKey);</code>
<hit count="1" name="&lt;unnamed&gt;"/>
</line>
<line number="13">
<code/>
</line>
<line number="14">
<code>  @override</code>
</line>
<line number="15">
<code>  final BatchOperationType type = BatchOperationType.patch;</code>
</line>
<line number="16">
<code/>
</line>
<line number="17">
<code>  /// The target document [id].</code>
</line>
<line number="18">
<code>  @override</code>
</line>
<line number="19">
<code>  final String id;</code>
</line>
<line number="20">
<code/>
</line>
<line number="21">
<code>  final Patch _patch = Patch();</code>
</line>
<line number="22">
<code/>
</line>
<line hits="1" number="23">
<code>  @override</code>
<hit count="1" name="&lt;unnamed&gt;"/>
</line>
<line hits="2" number="24">
<code>  void add(String path, value) =&gt; _patch.add(path, value);</code>
<hit count="2" name="&lt;unnamed&gt;"/>
</line>
<line number="25">
<code/>
</line>
<line hits="1" number="26">
<code>  @override</code>
<hit count="1" name="&lt;unnamed&gt;"/>
</line>
<line hits="2" number="27">
<code>  void decrement(String path, [num value = 1]) =&gt; _patch.decrement(path, value);</code>
<hit count="2" name="&lt;unnamed&gt;"/>
</line>
<line number="28">
<code/>
</line>
<line hits="1" number="29">
<code>  @override</code>
<hit count="1" name="&lt;unnamed&gt;"/>
</line>
<line hits="2" number="30">
<code>  void increment(String path, [num value = 1]) =&gt; _patch.increment(path, value);</code>
<hit count="2" name="&lt;unnamed&gt;"/>
</line>
<line number="31">
<code/>
</line>
<line hits="0" number="32">
<code>  @override</code>
</line>
<line hits="0" number="33">
<code>  void remove(String path) =&gt; _patch.remove(path);</code>
</line>
<line number="34">
<code/>
</line>
<line hits="0" number="35">
<code>  @override</code>
</line>
<line hits="0" number="36">
<code>  void replace(String path, value) =&gt; _patch.replace(path, value);</code>
</line>
<line number="37">
<code/>
</line>
<line hits="1" number="38">
<code>  @override</code>
<hit count="1" name="&lt;unnamed&gt;"/>
</line>
<line hits="2" number="39">
<code>  void set(String path, value) =&gt; _patch.set(path, value);</code>
<hit count="2" name="&lt;unnamed&gt;"/>
</line>
<line number="40">
<code/>
</line>
<line hits="0" number="41">
<code>  @override</code>
</line>
<line hits="0" number="42">
<code>  void setCondition(String condition) =&gt; _patch.setCondition(condition);</code>
</line>
<line number="43">
<code/>
</line>
<line hits="0" number="44">
<code>  @override</code>
</line>
<line hits="0" number="45">
<code>  void withParam(String name, value) =&gt; _patch.withParam(name, value);</code>
</line>
<line number="46">
<code/>
</line>
<line hits="1" number="47">
<code>  @override</code>
<hit count="1" name="&lt;unnamed&gt;"/>
</line>
<line hits="1" number="48">
<code>  Map&lt;String, dynamic&gt; toJson() =&gt; super.toJson()</code>
<hit count="1" name="&lt;unnamed&gt;"/>
</line>
<line hits="2" number="49">
<code>    ..addAll({</code>
<hit count="2" name="&lt;unnamed&gt;"/>
</line>
<line hits="1" number="50">
<code>      'id': id,</code>
<hit count="1" name="&lt;unnamed&gt;"/>
</line>
<line hits="2" number="51">
<code>      'resourceBody': _patch.toJson(),</code>
<hit count="2" name="&lt;unnamed&gt;"/>
</line>
<line number="52">
<code>    });</code>
</line>
<line number="53">
<code>}</code>
</line>
</lines>
<config branch-coverage="true" description-file="false" function-coverage="true" genhtml_hi_limit="90" genhtml_med_limit="75" legend="false" no-sort="false" no-source="false" show-details="false"/>
<base href="../../../"/>
<base href="../../../"/>
</coverage>
