<?xml version="1.0" encoding="UTF-8" standalone="no"?>
<?xml-stylesheet type="text/xsl" href="../../jgenhtml.xsl"?><coverage branch-rate="NaN" branches-covered="0" branches-valid="0" complexity="0" date="2025-01-06" filename="cosmos_db_permission.dart" function-rate="NaN" functions-covered="0" functions-valid="0" line-rate="1.0" lines-covered="13" lines-valid="13" package="src/authorizations" testname="lcov.info" version="1.6">
<lines>
<line number="1">
<code>import '../base_document.dart';</code>
</line>
<line number="2">
<code>import 'cosmos_db_access_control.dart';</code>
</line>
<line number="3">
<code>import 'permission_mode.dart';</code>
</line>
<line number="4">
<code/>
</line>
<line number="5">
<code>/// Class representing a CosmosDB permission.</code>
</line>
<line number="6">
<code>class CosmosDbPermission extends BaseDocument</code>
</line>
<line number="7">
<code>    with EtagMixin</code>
</line>
<line number="8">
<code>    implements CosmosDbAccessControl {</code>
</line>
<line hits="1" number="9">
<code>  CosmosDbPermission(this.id, this.mode, this.resource, [this.token]);</code>
<hit count="1" name="&lt;unnamed&gt;"/>
</line>
<line number="10">
<code/>
</line>
<line number="11">
<code>  @override</code>
</line>
<line number="12">
<code>  final String id;</code>
</line>
<line number="13">
<code/>
</line>
<line number="14">
<code>  /// The permission's mode (see [PermissionMode]).</code>
</line>
<line number="15">
<code>  final PermissionMode mode;</code>
</line>
<line number="16">
<code/>
</line>
<line number="17">
<code>  /// The resource covered by this permission.</code>
</line>
<line number="18">
<code>  final String resource;</code>
</line>
<line number="19">
<code/>
</line>
<line number="20">
<code>  /// The permission's token generated by CosmosDB.</code>
</line>
<line number="21">
<code>  final String? token;</code>
</line>
<line number="22">
<code/>
</line>
<line hits="1" number="23">
<code>  @override</code>
<hit count="1" name="&lt;unnamed&gt;"/>
</line>
<line hits="1" number="24">
<code>  Map&lt;String, dynamic&gt; toJson() =&gt; {</code>
<hit count="1" name="&lt;unnamed&gt;"/>
</line>
<line hits="1" number="25">
<code>        'id': id,</code>
<hit count="1" name="&lt;unnamed&gt;"/>
</line>
<line hits="2" number="26">
<code>        'permissionMode': mode.name,</code>
<hit count="2" name="&lt;unnamed&gt;"/>
</line>
<line hits="1" number="27">
<code>        'resource': resource,</code>
<hit count="1" name="&lt;unnamed&gt;"/>
</line>
<line number="28">
<code>      };</code>
</line>
<line number="29">
<code/>
</line>
<line number="30">
<code>  /// Builds a [CosmosDbPermission] from a CosmosDB JSON object.</code>
</line>
<line hits="1" number="31">
<code>  static CosmosDbPermission build(Map json) {</code>
<hit count="1" name="&lt;unnamed&gt;"/>
</line>
<line hits="1" number="32">
<code>    final permission = CosmosDbPermission(</code>
<hit count="1" name="&lt;unnamed&gt;"/>
</line>
<line hits="1" number="33">
<code>        json['id'],</code>
<hit count="1" name="&lt;unnamed&gt;"/>
</line>
<line hits="2" number="34">
<code>        PermissionMode.parse(json['permissionMode']),</code>
<hit count="2" name="&lt;unnamed&gt;"/>
</line>
<line hits="1" number="35">
<code>        json['resource'],</code>
<hit count="1" name="&lt;unnamed&gt;"/>
</line>
<line hits="1" number="36">
<code>        json['_token']);</code>
<hit count="1" name="&lt;unnamed&gt;"/>
</line>
<line hits="1" number="37">
<code>    permission.setEtag(json);</code>
<hit count="1" name="&lt;unnamed&gt;"/>
</line>
<line number="38">
<code>    return permission;</code>
</line>
<line number="39">
<code>  }</code>
</line>
<line number="40">
<code>}</code>
</line>
</lines>
<config branch-coverage="true" description-file="false" function-coverage="true" genhtml_hi_limit="90" genhtml_med_limit="75" legend="false" no-sort="false" no-source="false" show-details="false"/>
<base href="../../"/>
<base href="../../"/>
</coverage>
