<?xml version="1.0" encoding="UTF-8" standalone="no"?>
<?xml-stylesheet type="text/xsl" href="../jgenhtml.xsl"?><coverage branch-rate="NaN" branches-covered="0" branches-valid="0" complexity="0" date="2023-01-24" filename="_path_parser_state.dart" function-rate="NaN" functions-covered="0" functions-valid="0" line-rate="0.9512195" lines-covered="39" lines-valid="41" package="/partition" testname="lcov.info" version="1.5">
<lines>
<line>
<code>import '../cosmos_db_exceptions.dart';</code>
</line>
<line>
<code>import '_path_component.dart';</code>
</line>
<line>
<code/>
</line>
<line>
<code>class ParserState {</code>
</line>
<line hits="2">
<code>  ParserState(String path)</code>
<hit count="2" name="&lt;unnamed&gt;"/>
</line>
<line hits="6">
<code>      : _chars = path.runes.map((r) =&gt; String.fromCharCode(r)).toList();</code>
<hit count="6" name="&lt;unnamed&gt;"/>
</line>
<line>
<code/>
</line>
<line>
<code>  final List&lt;String&gt; _chars;</code>
</line>
<line>
<code>  int _pos = 0;</code>
</line>
<line>
<code/>
</line>
<line hits="9">
<code>  String get current =&gt; (_pos &lt; _chars.length) ? _chars[_pos] : '';</code>
<hit count="9" name="&lt;unnamed&gt;"/>
</line>
<line>
<code/>
</line>
<line hits="2">
<code>  PathSegment getPathSegment() {</code>
<hit count="2" name="&lt;unnamed&gt;"/>
</line>
<line hits="3">
<code>    if (current == '/') {</code>
<hit count="3" name="&lt;unnamed&gt;"/>
</line>
<line hits="2">
<code>      _pos++;</code>
<hit count="2" name="&lt;unnamed&gt;"/>
</line>
<line>
<code>    }</code>
</line>
<line hits="3">
<code>    var start = _pos, end = -1;</code>
<hit count="3" name="&lt;unnamed&gt;"/>
</line>
<line hits="3">
<code>    if (current == '"') {</code>
<hit count="3" name="&lt;unnamed&gt;"/>
</line>
<line hits="2">
<code>      start++;</code>
<hit count="2" name="&lt;unnamed&gt;"/>
</line>
<line hits="2">
<code>      _pos++;</code>
<hit count="2" name="&lt;unnamed&gt;"/>
</line>
<line hits="5">
<code>      while (_pos &lt; _chars.length) {</code>
<hit count="5" name="&lt;unnamed&gt;"/>
</line>
<line hits="2">
<code>        if (current == '"') {</code>
<hit count="2" name="&lt;unnamed&gt;"/>
</line>
<line hits="1">
<code>          end = _pos;</code>
<hit count="1" name="&lt;unnamed&gt;"/>
</line>
<line hits="3">
<code>          _pos++;</code>
<hit count="3" name="&lt;unnamed&gt;"/>
</line>
<line hits="1">
<code>          break;</code>
<hit count="1" name="&lt;unnamed&gt;"/>
</line>
<line>
<code>        }</code>
</line>
<line hits="3">
<code>        _pos++;</code>
<hit count="3" name="&lt;unnamed&gt;"/>
</line>
<line>
<code>      }</code>
</line>
<line>
<code>    } else {</code>
</line>
<line hits="5">
<code>      while (_pos &lt; _chars.length) {</code>
<hit count="5" name="&lt;unnamed&gt;"/>
</line>
<line hits="3">
<code>        if (const {'/', '['}.contains(current)) {</code>
<hit count="3" name="&lt;unnamed&gt;"/>
</line>
<line hits="2">
<code>          end = _pos;</code>
<hit count="2" name="&lt;unnamed&gt;"/>
</line>
<line hits="1">
<code>          break;</code>
<hit count="1" name="&lt;unnamed&gt;"/>
</line>
<line>
<code>        }</code>
</line>
<line hits="2">
<code>        _pos++;</code>
<hit count="2" name="&lt;unnamed&gt;"/>
</line>
<line>
<code>      }</code>
</line>
<line>
<code>    }</code>
</line>
<line hits="2">
<code>    if (end &lt; 0) {</code>
<hit count="2" name="&lt;unnamed&gt;"/>
</line>
<line hits="1">
<code>      end = _pos;</code>
<hit count="1" name="&lt;unnamed&gt;"/>
</line>
<line>
<code>    }</code>
</line>
<line hits="6">
<code>    return PathSegment(_chars.sublist(start, end).join().trim());</code>
<hit count="6" name="&lt;unnamed&gt;"/>
</line>
<line hits="1">
<code>  }</code>
<hit count="1" name="&lt;unnamed&gt;"/>
</line>
<line>
<code/>
</line>
<line hits="2">
<code>  ArrayIndex getArrayIndex() {</code>
<hit count="2" name="&lt;unnamed&gt;"/>
</line>
<line hits="2">
<code>    _pos++;</code>
<hit count="2" name="&lt;unnamed&gt;"/>
</line>
<line hits="2">
<code>    var start = _pos, end = -1;</code>
<hit count="2" name="&lt;unnamed&gt;"/>
</line>
<line hits="5">
<code>    while (_pos &lt; _chars.length) {</code>
<hit count="5" name="&lt;unnamed&gt;"/>
</line>
<line hits="2">
<code>      if (current == ']') {</code>
<hit count="2" name="&lt;unnamed&gt;"/>
</line>
<line hits="1">
<code>        end = _pos;</code>
<hit count="1" name="&lt;unnamed&gt;"/>
</line>
<line hits="3">
<code>        _pos++;</code>
<hit count="3" name="&lt;unnamed&gt;"/>
</line>
<line hits="1">
<code>        break;</code>
<hit count="1" name="&lt;unnamed&gt;"/>
</line>
<line>
<code>      }</code>
</line>
<line hits="3">
<code>      _pos++;</code>
<hit count="3" name="&lt;unnamed&gt;"/>
</line>
<line>
<code>    }</code>
</line>
<line hits="2">
<code>    if (end &lt; 0) {</code>
<hit count="2" name="&lt;unnamed&gt;"/>
</line>
<line hits="0">
<code>      throw InvalidTokenException('Missing token: "]".');</code>
</line>
<line>
<code>    }</code>
</line>
<line hits="5">
<code>    final idx = int.tryParse(_chars.sublist(start, end).join());</code>
<hit count="5" name="&lt;unnamed&gt;"/>
</line>
<line hits="1">
<code>    if (idx == null) {</code>
<hit count="1" name="&lt;unnamed&gt;"/>
</line>
<line hits="0">
<code>      throw InvalidTokenException('Integer value expected in array accessor.');</code>
</line>
<line>
<code>    }</code>
</line>
<line hits="2">
<code>    return ArrayIndex(idx);</code>
<hit count="2" name="&lt;unnamed&gt;"/>
</line>
<line hits="1">
<code>  }</code>
<hit count="1" name="&lt;unnamed&gt;"/>
</line>
<line>
<code>}</code>
</line>
</lines>
<config branch-coverage="true" description-file="false" function-coverage="true" genhtml_hi_limit="90" genhtml_med_limit="75" legend="false" no-sort="false" no-source="false"/>
<base href="../"/>
<base href="../"/>
</coverage>
