<?xml version="1.0" encoding="UTF-8" standalone="no"?>
<?xml-stylesheet type="text/xsl" href="../jgenhtml.xsl"?><coverage branch-rate="NaN" branches-covered="0" branches-valid="0" complexity="0" date="2023-05-13" filename="_path_component.dart" function-rate="NaN" functions-covered="0" functions-valid="0" line-rate="0.8181818" lines-covered="18" lines-valid="22" package="/partition" testname="lcov.info" version="1.5">
<lines>
<line>
<code>abstract class PathComponent {</code>
</line>
<line>
<code>  dynamic extract(dynamic json);</code>
</line>
<line>
<code>}</code>
</line>
<line>
<code/>
</line>
<line>
<code>class PathSegment extends PathComponent {</code>
</line>
<line hits="2">
<code>  PathSegment(this.segment);</code>
<hit count="2" name="&lt;unnamed&gt;"/>
</line>
<line>
<code/>
</line>
<line>
<code>  final String segment;</code>
</line>
<line>
<code/>
</line>
<line hits="1">
<code>  @override</code>
<hit count="1" name="&lt;unnamed&gt;"/>
</line>
<line hits="3">
<code>  dynamic extract(dynamic json) =&gt; (json as Map)[segment];</code>
<hit count="3" name="&lt;unnamed&gt;"/>
</line>
<line>
<code/>
</line>
<line hits="0">
<code>  @override</code>
</line>
<line hits="0">
<code>  int get hashCode =&gt; segment.hashCode;</code>
</line>
<line>
<code/>
</line>
<line hits="1">
<code>  @override</code>
<hit count="1" name="&lt;unnamed&gt;"/>
</line>
<line hits="1">
<code>  bool operator ==(dynamic other) =&gt;</code>
<hit count="1" name="&lt;unnamed&gt;"/>
</line>
<line hits="5">
<code>      (other is PathSegment) &amp;&amp; segment == other.segment;</code>
<hit count="5" name="&lt;unnamed&gt;"/>
</line>
<line>
<code>}</code>
</line>
<line>
<code/>
</line>
<line>
<code>class ArrayIndex extends PathComponent {</code>
</line>
<line hits="2">
<code>  ArrayIndex(this.index);</code>
<hit count="2" name="&lt;unnamed&gt;"/>
</line>
<line>
<code/>
</line>
<line>
<code>  final int index;</code>
</line>
<line>
<code/>
</line>
<line hits="1">
<code>  @override</code>
<hit count="1" name="&lt;unnamed&gt;"/>
</line>
<line hits="3">
<code>  dynamic extract(dynamic json) =&gt; (json as List)[index];</code>
<hit count="3" name="&lt;unnamed&gt;"/>
</line>
<line>
<code/>
</line>
<line hits="0">
<code>  @override</code>
</line>
<line hits="0">
<code>  int get hashCode =&gt; index;</code>
</line>
<line>
<code/>
</line>
<line hits="1">
<code>  @override</code>
<hit count="1" name="&lt;unnamed&gt;"/>
</line>
<line hits="1">
<code>  bool operator ==(dynamic other) =&gt;</code>
<hit count="1" name="&lt;unnamed&gt;"/>
</line>
<line hits="5">
<code>      (other is ArrayIndex) &amp;&amp; index == other.index;</code>
<hit count="5" name="&lt;unnamed&gt;"/>
</line>
<line>
<code>}</code>
</line>
<line>
<code/>
</line>
<line>
<code>extension JsonExtractExt on List&lt;PathComponent&gt; {</code>
</line>
<line hits="2">
<code>  dynamic extract(dynamic json) {</code>
<hit count="2" name="&lt;unnamed&gt;"/>
</line>
<line hits="1">
<code>    var cur = json;</code>
<hit count="1" name="&lt;unnamed&gt;"/>
</line>
<line hits="4">
<code>    for (var i = 0; i &lt; length; i++) {</code>
<hit count="4" name="&lt;unnamed&gt;"/>
</line>
<line hits="3">
<code>      cur = this[i].extract(cur);</code>
<hit count="3" name="&lt;unnamed&gt;"/>
</line>
<line>
<code>    }</code>
</line>
<line hits="1">
<code>    return cur;</code>
<hit count="1" name="&lt;unnamed&gt;"/>
</line>
<line hits="1">
<code>  }</code>
<hit count="1" name="&lt;unnamed&gt;"/>
</line>
<line>
<code>}</code>
</line>
</lines>
<config branch-coverage="true" description-file="false" function-coverage="true" genhtml_hi_limit="90" genhtml_med_limit="75" legend="false" no-sort="false" no-source="false"/>
<base href="../"/>
<base href="../"/>
</coverage>
