<?xml version="1.0" encoding="UTF-8" standalone="no"?>
<?xml-stylesheet type="text/xsl" href="../jgenhtml.xsl"?><coverage branch-rate="NaN" branches-covered="0" branches-valid="0" complexity="0" date="2023-05-13" filename="partition_key.dart" function-rate="NaN" functions-covered="0" functions-valid="0" line-rate="1.0" lines-covered="33" lines-valid="33" package="/partition" testname="lcov.info" version="1.5">
<lines>
<line>
<code>import 'dart:convert';</code>
</line>
<line>
<code/>
</line>
<line>
<code>import '../_internal/_http_header.dart';</code>
</line>
<line>
<code/>
</line>
<line>
<code>/// Class representing a partition key.</code>
</line>
<line>
<code>class PartitionKey {</code>
</line>
<line hits="3">
<code>  const PartitionKey._(this.values);</code>
<hit count="3" name="&lt;unnamed&gt;"/>
</line>
<line>
<code/>
</line>
<line>
<code>  final List&lt;dynamic&gt; values;</code>
</line>
<line>
<code/>
</line>
<line>
<code>  /// Partition key with a single property (`Hash`).</code>
</line>
<line hits="5">
<code>  PartitionKey(dynamic value) : this._(List.unmodifiable([value]));</code>
<hit count="5" name="&lt;unnamed&gt;"/>
</line>
<line>
<code/>
</line>
<line>
<code>  /// Creates a partition key for multiple keys (`MultiHash`).</code>
</line>
<line hits="2">
<code>  PartitionKey.hierarchical(List&lt;dynamic&gt; values)</code>
<hit count="2" name="&lt;unnamed&gt;"/>
</line>
<line hits="3">
<code>      : this._(List.unmodifiable(values));</code>
<hit count="3" name="&lt;unnamed&gt;"/>
</line>
<line>
<code/>
</line>
<line>
<code>  /// Used for cross-partition queries.</code>
</line>
<line>
<code>  static const all = PartitionKey._([]);</code>
</line>
<line>
<code/>
</line>
<line>
<code>  /// The HTTP header representing the target partition.</code>
</line>
<line hits="2">
<code>  Map&lt;String, String&gt; get header =&gt; (this == all)</code>
<hit count="2" name="&lt;unnamed&gt;"/>
</line>
<line hits="1">
<code>      ? HttpHeader.enableCrossPartition</code>
<hit count="1" name="&lt;unnamed&gt;"/>
</line>
<line hits="4">
<code>      : {HttpHeader.msDocumentDbPartitionKey: jsonEncode(values)};</code>
<hit count="4" name="&lt;unnamed&gt;"/>
</line>
<line>
<code/>
</line>
<line hits="1">
<code>  @override</code>
<hit count="1" name="&lt;unnamed&gt;"/>
</line>
<line hits="1">
<code>  int get hashCode =&gt;</code>
<hit count="1" name="&lt;unnamed&gt;"/>
</line>
<line hits="5">
<code>      (values.length * 31) ^</code>
<hit count="5" name="&lt;unnamed&gt;"/>
</line>
<line hits="6">
<code>      (values.isEmpty ? 0xFFFFFFFF : values.first.hashCode);</code>
<hit count="6" name="&lt;unnamed&gt;"/>
</line>
<line>
<code/>
</line>
<line hits="1">
<code>  @override</code>
<hit count="1" name="&lt;unnamed&gt;"/>
</line>
<line hits="1">
<code>  bool operator ==(dynamic other) =&gt;</code>
<hit count="1" name="&lt;unnamed&gt;"/>
</line>
<line hits="5">
<code>      (other is PartitionKey) &amp;&amp; _areListsEqual(values, other.values);</code>
<hit count="5" name="&lt;unnamed&gt;"/>
</line>
<line>
<code/>
</line>
<line hits="2">
<code>  static bool _areListsEqual(List a, List b) {</code>
<hit count="2" name="&lt;unnamed&gt;"/>
</line>
<line hits="4">
<code>    if (a.length != b.length) {</code>
<hit count="4" name="&lt;unnamed&gt;"/>
</line>
<line hits="1">
<code>      return false;</code>
<hit count="1" name="&lt;unnamed&gt;"/>
</line>
<line>
<code>    }</code>
</line>
<line hits="4">
<code>    for (var i = 0; i &lt; a.length; i++) {</code>
<hit count="4" name="&lt;unnamed&gt;"/>
</line>
<line hits="4">
<code>      if (!_areEqual(a[i], b[i])) {</code>
<hit count="4" name="&lt;unnamed&gt;"/>
</line>
<line hits="1">
<code>        return false;</code>
<hit count="1" name="&lt;unnamed&gt;"/>
</line>
<line>
<code>      }</code>
</line>
<line>
<code>    }</code>
</line>
<line hits="1">
<code>    return true;</code>
<hit count="1" name="&lt;unnamed&gt;"/>
</line>
<line hits="1">
<code>  }</code>
<hit count="1" name="&lt;unnamed&gt;"/>
</line>
<line>
<code/>
</line>
<line hits="2">
<code>  static bool _areEqual(dynamic a, dynamic b) {</code>
<hit count="2" name="&lt;unnamed&gt;"/>
</line>
<line hits="3">
<code>    if (a is num &amp;&amp; b is num) {</code>
<hit count="3" name="&lt;unnamed&gt;"/>
</line>
<line hits="3">
<code>      return a.compareTo(b) == 0;</code>
<hit count="3" name="&lt;unnamed&gt;"/>
</line>
<line hits="3">
<code>    } else if (a is String &amp;&amp; b is String) {</code>
<hit count="3" name="&lt;unnamed&gt;"/>
</line>
<line hits="3">
<code>      return a.compareTo(b) == 0;</code>
<hit count="3" name="&lt;unnamed&gt;"/>
</line>
<line hits="3">
<code>    } else if (a is bool &amp;&amp; b is bool) {</code>
<hit count="3" name="&lt;unnamed&gt;"/>
</line>
<line hits="2">
<code>      return a == b;</code>
<hit count="2" name="&lt;unnamed&gt;"/>
</line>
<line hits="3">
<code>    } else if (a is List &amp;&amp; b is List) {</code>
<hit count="3" name="&lt;unnamed&gt;"/>
</line>
<line hits="2">
<code>      return _areListsEqual(a, b);</code>
<hit count="2" name="&lt;unnamed&gt;"/>
</line>
<line>
<code>    } else {</code>
</line>
<line hits="1">
<code>      return false;</code>
<hit count="1" name="&lt;unnamed&gt;"/>
</line>
<line>
<code>    }</code>
</line>
<line hits="1">
<code>  }</code>
<hit count="1" name="&lt;unnamed&gt;"/>
</line>
<line>
<code>}</code>
</line>
</lines>
<config branch-coverage="true" description-file="false" function-coverage="true" genhtml_hi_limit="90" genhtml_med_limit="75" legend="false" no-sort="false" no-source="false"/>
<base href="../"/>
<base href="../"/>
</coverage>
