<?xml version="1.0" encoding="UTF-8" standalone="no"?>
<?xml-stylesheet type="text/xsl" href="../../jgenhtml.xsl"?><coverage branch-rate="NaN" branches-covered="0" branches-valid="0" complexity="0" date="2023-01-07" filename="bounding_box.dart" function-rate="NaN" functions-covered="0" functions-valid="0" line-rate="0.0" lines-covered="0" lines-valid="7" package="/src/indexing" testname="lcov.info" version="1.5">
<lines>
<line>
<code>/// Class representing a bounding box for spatial indexing.</code>
</line>
<line>
<code>class BoundingBox {</code>
</line>
<line hits="0">
<code>  BoundingBox(this.xmin, this.ymin, this.xmax, this.ymax);</code>
</line>
<line>
<code/>
</line>
<line>
<code>  final double xmin;</code>
</line>
<line>
<code>  final double ymin;</code>
</line>
<line>
<code>  final double xmax;</code>
</line>
<line>
<code>  final double ymax;</code>
</line>
<line>
<code/>
</line>
<line hits="0">
<code>  Map&lt;String, dynamic&gt; toJson() =&gt; {</code>
</line>
<line hits="0">
<code>        'xmin': xmin,</code>
</line>
<line hits="0">
<code>        'ymin': ymin,</code>
</line>
<line hits="0">
<code>        'xmax': xmax,</code>
</line>
<line hits="0">
<code>        'ymax': ymax,</code>
</line>
<line hits="0">
<code>      };</code>
</line>
<line>
<code>}</code>
</line>
</lines>
<config branch-coverage="true" description-file="false" function-coverage="true" genhtml_hi_limit="90" genhtml_med_limit="75" legend="false" no-sort="false" no-source="false"/>
<base href="../../"/>
<base href="../../"/>
</coverage>
