<?xml version="1.0" encoding="UTF-8" standalone="no"?>
<?xml-stylesheet type="text/xsl" href="../../jgenhtml.xsl"?><coverage branch-rate="NaN" branches-covered="0" branches-valid="0" complexity="0" date="2025-01-06" filename="bounding_box.dart" function-rate="NaN" functions-covered="0" functions-valid="0" line-rate="1.0" lines-covered="8" lines-valid="8" package="src/indexing" testname="lcov.info" version="1.6">
<lines>
<line number="1">
<code>/// Class representing a bounding box for spatial indexing.</code>
</line>
<line number="2">
<code>class BoundingBox {</code>
</line>
<line hits="1" number="3">
<code>  BoundingBox(this.xmin, this.ymin, this.xmax, this.ymax);</code>
<hit count="1" name="&lt;unnamed&gt;"/>
</line>
<line number="4">
<code/>
</line>
<line number="5">
<code>  /// The [xmin] coordinate of this instance.</code>
</line>
<line number="6">
<code>  final num xmin;</code>
</line>
<line number="7">
<code/>
</line>
<line number="8">
<code>  /// The [ymin] coordinate of this instance.</code>
</line>
<line number="9">
<code>  final num ymin;</code>
</line>
<line number="10">
<code/>
</line>
<line number="11">
<code>  /// The [xmax] coordinate of this instance.</code>
</line>
<line number="12">
<code>  final num xmax;</code>
</line>
<line number="13">
<code/>
</line>
<line number="14">
<code>  /// The [ymax] coordinate of this instance.</code>
</line>
<line number="15">
<code>  final num ymax;</code>
</line>
<line number="16">
<code/>
</line>
<line number="17">
<code>  /// Serializes this instance to a JSON object.</code>
</line>
<line hits="2" number="18">
<code>  Map&lt;String, dynamic&gt; toJson() =&gt; {</code>
<hit count="2" name="&lt;unnamed&gt;"/>
</line>
<line hits="1" number="19">
<code>        'xmin': xmin,</code>
<hit count="1" name="&lt;unnamed&gt;"/>
</line>
<line hits="1" number="20">
<code>        'ymin': ymin,</code>
<hit count="1" name="&lt;unnamed&gt;"/>
</line>
<line hits="1" number="21">
<code>        'xmax': xmax,</code>
<hit count="1" name="&lt;unnamed&gt;"/>
</line>
<line hits="1" number="22">
<code>        'ymax': ymax,</code>
<hit count="1" name="&lt;unnamed&gt;"/>
</line>
<line number="23">
<code>      };</code>
</line>
<line number="24">
<code/>
</line>
<line number="25">
<code>  /// Deserializes data from JSON object [json] into a new [BoundingBox] instance.</code>
</line>
<line hits="1" number="26">
<code>  static BoundingBox fromJson(Map json) =&gt;</code>
<hit count="1" name="&lt;unnamed&gt;"/>
</line>
<line hits="5" number="27">
<code>      BoundingBox(json['xmin'], json['ymin'], json['xmax'], json['ymax']);</code>
<hit count="5" name="&lt;unnamed&gt;"/>
</line>
<line number="28">
<code>}</code>
</line>
</lines>
<config branch-coverage="true" description-file="false" function-coverage="true" genhtml_hi_limit="90" genhtml_med_limit="75" legend="false" no-sort="false" no-source="false" show-details="false"/>
<base href="../../"/>
<base href="../../"/>
</coverage>
