<?xml version="1.0" encoding="UTF-8" standalone="no"?>
<?xml-stylesheet type="text/xsl" href="../../jgenhtml.xsl"?><coverage branch-rate="NaN" branches-covered="0" branches-valid="0" complexity="0" date="2025-01-06" filename="geospatial_config.dart" function-rate="NaN" functions-covered="0" functions-valid="0" line-rate="1.0" lines-covered="5" lines-valid="5" package="src/indexing" testname="lcov.info" version="1.6">
<lines>
<line number="1">
<code>import 'indexing_policy.dart';</code>
</line>
<line number="2">
<code/>
</line>
<line number="3">
<code>/// Constants for geo spatial config.</code>
</line>
<line number="4">
<code>class GeospatialConfig {</code>
</line>
<line hits="1" number="5">
<code>  const GeospatialConfig._(this.name);</code>
<hit count="1" name="&lt;unnamed&gt;"/>
</line>
<line number="6">
<code/>
</line>
<line number="7">
<code>  /// The [name] of this instance.</code>
</line>
<line number="8">
<code>  final String name;</code>
</line>
<line number="9">
<code/>
</line>
<line number="10">
<code>  /// Geometry type.</code>
</line>
<line number="11">
<code>  static const geometry = GeospatialConfig._('Geometry');</code>
</line>
<line number="12">
<code/>
</line>
<line number="13">
<code>  /// Geography type.</code>
</line>
<line number="14">
<code>  static const geography = GeospatialConfig._('Geography');</code>
</line>
<line number="15">
<code/>
</line>
<line number="16">
<code>  /// Find proper geospatial config for the [indexingPolicy] if provided. `null`</code>
</line>
<line number="17">
<code>  /// if [indexingPolicy] or [IndexingPolicy.spatialIndexes] is `null`.</code>
</line>
<line hits="1" number="18">
<code>  static GeospatialConfig? forPolicy(IndexingPolicy? indexingPolicy) {</code>
<hit count="1" name="&lt;unnamed&gt;"/>
</line>
<line hits="1" number="19">
<code>    final spatialIndexes = indexingPolicy?.spatialIndexes;</code>
<hit count="1" name="&lt;unnamed&gt;"/>
</line>
<line number="20">
<code>    if (spatialIndexes == null) return null;</code>
</line>
<line hits="3" number="21">
<code>    if (spatialIndexes.any((index) =&gt; index.boundingBox != null)) {</code>
<hit count="3" name="&lt;unnamed&gt;"/>
</line>
<line number="22">
<code>      return GeospatialConfig.geometry;</code>
</line>
<line number="23">
<code>    } else {</code>
</line>
<line number="24">
<code>      return GeospatialConfig.geography;</code>
</line>
<line number="25">
<code>    }</code>
</line>
<line number="26">
<code>  }</code>
</line>
<line number="27">
<code/>
</line>
<line number="28">
<code>  /// Serializes this instance to a JSON object.</code>
</line>
<line hits="3" number="29">
<code>  Map&lt;String, dynamic&gt; toJson() =&gt; {'type': name};</code>
<hit count="3" name="&lt;unnamed&gt;"/>
</line>
<line number="30">
<code>}</code>
</line>
</lines>
<config branch-coverage="true" description-file="false" function-coverage="true" genhtml_hi_limit="90" genhtml_med_limit="75" legend="false" no-sort="false" no-source="false" show-details="false"/>
<base href="../../"/>
<base href="../../"/>
</coverage>
