<?xml version="1.0" encoding="UTF-8" standalone="no"?>
<?xml-stylesheet type="text/xsl" href="../../jgenhtml.xsl"?><coverage branch-rate="NaN" branches-covered="0" branches-valid="0" complexity="0" date="2022-12-08" filename="index_order.dart" function-rate="NaN" functions-covered="0" functions-valid="0" line-rate="1.0" lines-covered="1" lines-valid="1" package="/src/indexing" testname="lcov.info" version="1.5">
<lines>
<line>
<code>/// Constants for index ordering.</code>
</line>
<line>
<code>class IndexOrder {</code>
</line>
<line hits="1">
<code>  const IndexOrder._(this.name);</code>
<hit count="1" name="&lt;unnamed&gt;"/>
</line>
<line>
<code/>
</line>
<line>
<code>  final String name;</code>
</line>
<line>
<code/>
</line>
<line>
<code>  /// Ascending order.</code>
</line>
<line>
<code>  static const ascending = IndexOrder._('ascending');</code>
</line>
<line>
<code/>
</line>
<line>
<code>  /// Descending order.</code>
</line>
<line>
<code>  static const descending = IndexOrder._('descending');</code>
</line>
<line>
<code>}</code>
</line>
</lines>
<config branch-coverage="true" description-file="false" function-coverage="true" genhtml_hi_limit="90" genhtml_med_limit="75" legend="false" no-sort="false" no-source="false"/>
<base href="../../"/>
<base href="../../"/>
</coverage>
