<?xml version="1.0" encoding="UTF-8" standalone="no"?>
<?xml-stylesheet type="text/xsl" href="../../jgenhtml.xsl"?><coverage branch-rate="NaN" branches-covered="0" branches-valid="0" complexity="0" date="2023-01-07" filename="index_path.dart" function-rate="NaN" functions-covered="0" functions-valid="0" line-rate="0.0" lines-covered="0" lines-valid="5" package="/src/indexing" testname="lcov.info" version="1.5">
<lines>
<line>
<code>import 'index_order.dart';</code>
</line>
<line>
<code/>
</line>
<line>
<code>/// Class representing an index.</code>
</line>
<line>
<code>class IndexPath {</code>
</line>
<line hits="0">
<code>  IndexPath(this.path, {this.order});</code>
</line>
<line>
<code/>
</line>
<line>
<code>  /// JSON path to the field/nodes.</code>
</line>
<line>
<code>  final String path;</code>
</line>
<line>
<code/>
</line>
<line>
<code>  /// Index order, see constants from [IndexOrder].</code>
</line>
<line>
<code>  final IndexOrder? order;</code>
</line>
<line>
<code/>
</line>
<line hits="0">
<code>  Map&lt;String, dynamic&gt; toJson() =&gt; {</code>
</line>
<line hits="0">
<code>        'path': path,</code>
</line>
<line hits="0">
<code>        if (order != null) 'order': order!.name,</code>
</line>
<line hits="0">
<code>      };</code>
</line>
<line>
<code>}</code>
</line>
</lines>
<config branch-coverage="true" description-file="false" function-coverage="true" genhtml_hi_limit="90" genhtml_med_limit="75" legend="false" no-sort="false" no-source="false"/>
<base href="../../"/>
<base href="../../"/>
</coverage>
