<?xml version="1.0" encoding="UTF-8" standalone="no"?>
<?xml-stylesheet type="text/xsl" href="../../jgenhtml.xsl"?><coverage branch-rate="NaN" branches-covered="0" branches-valid="0" complexity="0" date="2025-01-06" filename="index_path.dart" function-rate="NaN" functions-covered="0" functions-valid="0" line-rate="1.0" lines-covered="6" lines-valid="6" package="src/indexing" testname="lcov.info" version="1.6">
<lines>
<line number="1">
<code>import 'index_order.dart';</code>
</line>
<line number="2">
<code/>
</line>
<line number="3">
<code>/// Class representing an index.</code>
</line>
<line number="4">
<code>class IndexPath {</code>
</line>
<line hits="1" number="5">
<code>  IndexPath(this.path, {this.order});</code>
<hit count="1" name="&lt;unnamed&gt;"/>
</line>
<line number="6">
<code/>
</line>
<line number="7">
<code>  /// JSON path to the field/nodes.</code>
</line>
<line number="8">
<code>  final String path;</code>
</line>
<line number="9">
<code/>
</line>
<line number="10">
<code>  /// Index order, see constants from [IndexOrder].</code>
</line>
<line number="11">
<code>  final IndexOrder? order;</code>
</line>
<line number="12">
<code/>
</line>
<line number="13">
<code>  /// Serializes this instance to a JSON object.</code>
</line>
<line hits="2" number="14">
<code>  Map&lt;String, dynamic&gt; toJson() =&gt; {</code>
<hit count="2" name="&lt;unnamed&gt;"/>
</line>
<line hits="2" number="15">
<code>        'path': path,</code>
<hit count="2" name="&lt;unnamed&gt;"/>
</line>
<line hits="4" number="16">
<code>        if (order != null) 'order': order!.name,</code>
<hit count="4" name="&lt;unnamed&gt;"/>
</line>
<line number="17">
<code>      };</code>
</line>
<line number="18">
<code/>
</line>
<line number="19">
<code>  /// Deserializes data from JSON object [json] into a new [IndexPath] instance.</code>
</line>
<line hits="1" number="20">
<code>  static IndexPath fromJson(Map json) =&gt;</code>
<hit count="1" name="&lt;unnamed&gt;"/>
</line>
<line hits="4" number="21">
<code>      IndexPath(json['path'], order: IndexOrder.tryParse(json['order']));</code>
<hit count="4" name="&lt;unnamed&gt;"/>
</line>
<line number="22">
<code>}</code>
</line>
</lines>
<config branch-coverage="true" description-file="false" function-coverage="true" genhtml_hi_limit="90" genhtml_med_limit="75" legend="false" no-sort="false" no-source="false" show-details="false"/>
<base href="../../"/>
<base href="../../"/>
</coverage>
