<?xml version="1.0" encoding="UTF-8" standalone="no"?>
<?xml-stylesheet type="text/xsl" href="../../jgenhtml.xsl"?><coverage branch-rate="NaN" branches-covered="0" branches-valid="0" complexity="0" date="2025-01-06" filename="indexing_mode.dart" function-rate="NaN" functions-covered="0" functions-valid="0" line-rate="1.0" lines-covered="3" lines-valid="3" package="src/indexing" testname="lcov.info" version="1.6">
<lines>
<line number="1">
<code>import '../_internal/_linq_extensions.dart';</code>
</line>
<line number="2">
<code/>
</line>
<line number="3">
<code>/// Constants for indexing modes.</code>
</line>
<line number="4">
<code>class IndexingMode {</code>
</line>
<line hits="1" number="5">
<code>  const IndexingMode._(this.name);</code>
<hit count="1" name="&lt;unnamed&gt;"/>
</line>
<line number="6">
<code/>
</line>
<line number="7">
<code>  final String name;</code>
</line>
<line number="8">
<code/>
</line>
<line number="9">
<code>  /// Consistent mode.</code>
</line>
<line number="10">
<code>  static const consistent = IndexingMode._('consistent');</code>
</line>
<line number="11">
<code/>
</line>
<line number="12">
<code>  /// Lazy mode. Lazy indexing is not supported in serverless mode, and new</code>
</line>
<line number="13">
<code>  /// containers cannot select lazy indexing unless an exemption was granted</code>
</line>
<line number="14">
<code>  /// by Microsoft.</code>
</line>
<line number="15">
<code>  @Deprecated(</code>
</line>
<line number="16">
<code>      'Lazy indexing is not supported in serverless mode, and new containers cannot select lazy indexing unless an exemption was granted by Microsoft')</code>
</line>
<line number="17">
<code>  static const lazy = IndexingMode._('lazy');</code>
</line>
<line number="18">
<code/>
</line>
<line number="19">
<code>  /// No indexing.</code>
</line>
<line number="20">
<code>  static const none = IndexingMode._('none');</code>
</line>
<line number="21">
<code/>
</line>
<line number="22">
<code>  // ignore: deprecated_member_use_from_same_package</code>
</line>
<line number="23">
<code>  static const _modes = [consistent, lazy, none];</code>
</line>
<line number="24">
<code/>
</line>
<line number="25">
<code>  /// Returns the [IndexingMode] constant corresponding to the specified [mode].</code>
</line>
<line hits="1" number="26">
<code>  static IndexingMode? tryParse(dynamic mode) =&gt;</code>
<hit count="1" name="&lt;unnamed&gt;"/>
</line>
<line hits="4" number="27">
<code>      _modes.firstOrDefault((m) =&gt; m.name == mode);</code>
<hit count="4" name="&lt;unnamed&gt;"/>
</line>
<line number="28">
<code>}</code>
</line>
</lines>
<config branch-coverage="true" description-file="false" function-coverage="true" genhtml_hi_limit="90" genhtml_med_limit="75" legend="false" no-sort="false" no-source="false" show-details="false"/>
<base href="../../"/>
<base href="../../"/>
</coverage>
