<?xml version="1.0" encoding="UTF-8" standalone="no"?>
<?xml-stylesheet type="text/xsl" href="../../jgenhtml.xsl"?><coverage branch-rate="NaN" branches-covered="0" branches-valid="0" complexity="0" date="2023-01-07" filename="spatial_index_path.dart" function-rate="NaN" functions-covered="0" functions-valid="0" line-rate="0.14285715" lines-covered="1" lines-valid="7" package="/src/indexing" testname="lcov.info" version="1.5">
<lines>
<line>
<code>import 'bounding_box.dart';</code>
</line>
<line>
<code>import 'data_type.dart';</code>
</line>
<line>
<code/>
</line>
<line>
<code>/// Class representing a spatial index.</code>
</line>
<line>
<code>class SpatialIndexPath {</code>
</line>
<line hits="0">
<code>  SpatialIndexPath(this.path, {Iterable&lt;DataType&gt;? types, this.boundingBox})</code>
</line>
<line hits="0">
<code>      : types = (types == null) ? null : List&lt;DataType&gt;.unmodifiable(types);</code>
</line>
<line>
<code/>
</line>
<line>
<code>  /// JSON path to the field.</code>
</line>
<line>
<code>  final String path;</code>
</line>
<line>
<code/>
</line>
<line>
<code>  /// Data types covered by the index.</code>
</line>
<line>
<code>  final List&lt;DataType&gt;? types;</code>
</line>
<line>
<code/>
</line>
<line>
<code>  /// Bounding box (geometry only).</code>
</line>
<line>
<code>  final BoundingBox? boundingBox;</code>
</line>
<line>
<code/>
</line>
<line hits="0">
<code>  Map&lt;String, dynamic&gt; toJson() =&gt; {</code>
</line>
<line hits="0">
<code>        'path': path,</code>
</line>
<line hits="1">
<code>        'types': (types ?? DataType.spatial).map((t) =&gt; t.name).toList(),</code>
<hit count="1" name="&lt;unnamed&gt;"/>
</line>
<line hits="0">
<code>        if (boundingBox != null) 'boundingBox': boundingBox!.toJson(),</code>
</line>
<line hits="0">
<code>      };</code>
</line>
<line>
<code>}</code>
</line>
</lines>
<config branch-coverage="true" description-file="false" function-coverage="true" genhtml_hi_limit="90" genhtml_med_limit="75" legend="false" no-sort="false" no-source="false"/>
<base href="../../"/>
<base href="../../"/>
</coverage>
