<?xml version="1.0" encoding="UTF-8" standalone="no"?>
<?xml-stylesheet type="text/xsl" href="../jgenhtml.xsl"?><coverage branch-rate="NaN" branches-covered="0" branches-valid="0" complexity="0" date="2023-05-13" filename="http_status_codes.dart" function-rate="NaN" functions-covered="0" functions-valid="0" line-rate="1.0" lines-covered="1" lines-valid="1" package="/client" testname="lcov.info" version="1.5">
<lines>
<line>
<code>/// Constants for HTTP status codes.</code>
</line>
<line>
<code>abstract class HttpStatusCode {</code>
</line>
<line>
<code>  static const ok = 200;</code>
</line>
<line>
<code>  static const created = 201;</code>
</line>
<line>
<code>  static const noContent = 204;</code>
</line>
<line>
<code>  static const notModified = 304;</code>
</line>
<line>
<code>  static const badRequest = 400;</code>
</line>
<line>
<code>  static const unauthorized = 401;</code>
</line>
<line>
<code>  static const forbidden = 403;</code>
</line>
<line>
<code>  static const notFound = 404;</code>
</line>
<line>
<code>  static const conflict = 409;</code>
</line>
<line>
<code>  static const preconditionFailure = 412;</code>
</line>
<line>
<code>  static const failedDependency = 424;</code>
</line>
<line>
<code>  static const tooManyRequests = 429;</code>
</line>
<line>
<code>  static const serverError = 500;</code>
</line>
<line>
<code>  static const serviceUnavailable = 503;</code>
</line>
<line>
<code/>
</line>
<line>
<code>  /// Returns `true` if [code] is in the range 200-299, `false` otherwise.</code>
</line>
<line hits="3">
<code>  static bool isSuccess(int code) =&gt; 200 &lt;= code &amp;&amp; code &lt; 300;</code>
<hit count="3" name="&lt;unnamed&gt;"/>
</line>
<line>
<code>}</code>
</line>
</lines>
<config branch-coverage="true" description-file="false" function-coverage="true" genhtml_hi_limit="90" genhtml_med_limit="75" legend="false" no-sort="false" no-source="false"/>
<base href="../"/>
<base href="../"/>
</coverage>
