<?xml version="1.0" encoding="UTF-8" standalone="no"?>
<?xml-stylesheet type="text/xsl" href="../jgenhtml.xsl"?><coverage branch-rate="NaN" branches-covered="0" branches-valid="0" complexity="0" date="2023-03-04" filename="index" function-rate="NaN" functions-covered="0" functions-valid="0" line-rate="0.8811881" lines-covered="267" lines-valid="303" package="/client" testname="lcov.info" version="1.5">
<sources>
<source branches-hit="0" branches-valid="0" filename="_retry_if_vm.dart" functions-hit="0" functions-valid="0" lines-hit="6" lines-valid="6" prefix="/a/azure_cosmosdb/azure_cosmosdb/lib/src">
<testCase branch-hit="0" function-hit="0" line-hit="6" name="&lt;unnamed&gt;"/>
</source>
<source branches-hit="0" branches-valid="0" filename="_context.dart" functions-hit="0" functions-valid="0" lines-hit="41" lines-valid="43" prefix="/a/azure_cosmosdb/azure_cosmosdb/lib/src">
<testCase branch-hit="0" function-hit="0" line-hit="41" name="&lt;unnamed&gt;"/>
</source>
<source branches-hit="0" branches-valid="0" filename="_debug_http_overrides_vm.dart" functions-hit="0" functions-valid="0" lines-hit="6" lines-valid="9" prefix="/a/azure_cosmosdb/azure_cosmosdb/lib/src">
<testCase branch-hit="0" function-hit="0" line-hit="6" name="&lt;unnamed&gt;"/>
</source>
<source branches-hit="0" branches-valid="0" filename="debug_http_client.dart" functions-hit="0" functions-valid="0" lines-hit="63" lines-valid="77" prefix="/a/azure_cosmosdb/azure_cosmosdb/lib/src">
<testCase branch-hit="0" function-hit="0" line-hit="63" name="&lt;unnamed&gt;"/>
</source>
<source branches-hit="0" branches-valid="0" filename="_client.dart" functions-hit="0" functions-valid="0" lines-hit="145" lines-valid="162" prefix="/a/azure_cosmosdb/azure_cosmosdb/lib/src">
<testCase branch-hit="0" function-hit="0" line-hit="145" name="&lt;unnamed&gt;"/>
</source>
<source branches-hit="0" branches-valid="0" filename="features.dart" functions-hit="0" functions-valid="0" lines-hit="3" lines-valid="3" prefix="/a/azure_cosmosdb/azure_cosmosdb/lib/src">
<testCase branch-hit="0" function-hit="0" line-hit="3" name="&lt;unnamed&gt;"/>
</source>
<source branches-hit="0" branches-valid="0" filename="_retry_if_web.dart" functions-hit="0" functions-valid="0" lines-hit="2" lines-valid="2" prefix="/a/azure_cosmosdb/azure_cosmosdb/lib/src">
<testCase branch-hit="0" function-hit="0" line-hit="2" name="&lt;unnamed&gt;"/>
</source>
<source branches-hit="0" branches-valid="0" filename="http_status_codes.dart" functions-hit="0" functions-valid="0" lines-hit="1" lines-valid="1" prefix="/a/azure_cosmosdb/azure_cosmosdb/lib/src">
<testCase branch-hit="0" function-hit="0" line-hit="1" name="&lt;unnamed&gt;"/>
</source>
</sources>
<config branch-coverage="true" description-file="false" function-coverage="true" genhtml_hi_limit="90" genhtml_med_limit="75" legend="false" no-sort="false" no-source="false"/>
<base href="../"/>
<base href="../"/>
</coverage>
