<?xml version="1.0" encoding="UTF-8" standalone="no"?>
<?xml-stylesheet type="text/xsl" href="../jgenhtml.xsl"?><coverage branch-rate="NaN" branches-covered="0" branches-valid="0" complexity="0" date="2024-02-26" filename="index" function-rate="NaN" functions-covered="0" functions-valid="0" line-rate="0.94382024" lines-covered="168" lines-valid="178" package="/spatial" testname="lcov.info" version="1.5">
<sources>
<source branches-hit="0" branches-valid="0" filename="point.dart" functions-hit="0" functions-valid="0" lines-hit="31" lines-valid="34" prefix="/a/azure_cosmosdb/azure_cosmosdb/lib/src">
<testCase branch-hit="0" function-hit="0" line-hit="31" name="&lt;unnamed&gt;"/>
</source>
<source branches-hit="0" branches-valid="0" filename="distance_calculator_haversine.dart" functions-hit="0" functions-valid="0" lines-hit="14" lines-valid="14" prefix="/a/azure_cosmosdb/azure_cosmosdb/lib/src">
<testCase branch-hit="0" function-hit="0" line-hit="14" name="&lt;unnamed&gt;"/>
</source>
<source branches-hit="0" branches-valid="0" filename="polygon.dart" functions-hit="0" functions-valid="0" lines-hit="35" lines-valid="35" prefix="/a/azure_cosmosdb/azure_cosmosdb/lib/src">
<testCase branch-hit="0" function-hit="0" line-hit="35" name="&lt;unnamed&gt;"/>
</source>
<source branches-hit="0" branches-valid="0" filename="multi_polygon.dart" functions-hit="0" functions-valid="0" lines-hit="18" lines-valid="21" prefix="/a/azure_cosmosdb/azure_cosmosdb/lib/src">
<testCase branch-hit="0" function-hit="0" line-hit="18" name="&lt;unnamed&gt;"/>
</source>
<source branches-hit="0" branches-valid="0" filename="distance_calculator_2d.dart" functions-hit="0" functions-valid="0" lines-hit="10" lines-valid="10" prefix="/a/azure_cosmosdb/azure_cosmosdb/lib/src">
<testCase branch-hit="0" function-hit="0" line-hit="10" name="&lt;unnamed&gt;"/>
</source>
<source branches-hit="0" branches-valid="0" filename="distance_calculator.dart" functions-hit="0" functions-valid="0" lines-hit="11" lines-valid="11" prefix="/a/azure_cosmosdb/azure_cosmosdb/lib/src">
<testCase branch-hit="0" function-hit="0" line-hit="11" name="&lt;unnamed&gt;"/>
</source>
<source branches-hit="0" branches-valid="0" filename="line_string.dart" functions-hit="0" functions-valid="0" lines-hit="22" lines-valid="22" prefix="/a/azure_cosmosdb/azure_cosmosdb/lib/src">
<testCase branch-hit="0" function-hit="0" line-hit="22" name="&lt;unnamed&gt;"/>
</source>
<source branches-hit="0" branches-valid="0" filename="distance_calculator_3d.dart" functions-hit="0" functions-valid="0" lines-hit="11" lines-valid="11" prefix="/a/azure_cosmosdb/azure_cosmosdb/lib/src">
<testCase branch-hit="0" function-hit="0" line-hit="11" name="&lt;unnamed&gt;"/>
</source>
<source branches-hit="0" branches-valid="0" filename="shape.dart" functions-hit="0" functions-valid="0" lines-hit="16" lines-valid="20" prefix="/a/azure_cosmosdb/azure_cosmosdb/lib/src">
<testCase branch-hit="0" function-hit="0" line-hit="16" name="&lt;unnamed&gt;"/>
</source>
</sources>
<config branch-coverage="true" description-file="false" function-coverage="true" genhtml_hi_limit="90" genhtml_med_limit="75" legend="false" no-sort="false" no-source="false"/>
<base href="../"/>
<base href="../"/>
</coverage>
