<?xml version="1.0" encoding="UTF-8" standalone="no"?>
<?xml-stylesheet type="text/xsl" href="../../jgenhtml.xsl"?><coverage branch-rate="NaN" branches-covered="0" branches-valid="0" complexity="0" date="2025-01-06" filename="index" function-rate="NaN" functions-covered="0" functions-valid="0" line-rate="0.86341465" lines-covered="177" lines-valid="205" package="src/partition" testname="lcov.info" version="1.6">
<sources>
<source branches-hit="0" branches-valid="0" filename="_partition_key_hash_v2.dart" functions-hit="0" functions-valid="0" lines-hit="48" lines-valid="65" prefix="/_Projects/github/azure_cosmosdb/lib/">
<testCase branches-hit="0" functions-hit="0" lines-hit="48" name="&lt;unnamed&gt;"/>
</source>
<source branches-hit="0" branches-valid="0" filename="_path_component.dart" functions-hit="0" functions-valid="0" lines-hit="13" lines-valid="17" prefix="/_Projects/github/azure_cosmosdb/lib/">
<testCase branches-hit="0" functions-hit="0" lines-hit="13" name="&lt;unnamed&gt;"/>
</source>
<source branches-hit="0" branches-valid="0" filename="partition_key_spec.dart" functions-hit="0" functions-valid="0" lines-hit="38" lines-valid="40" prefix="/_Projects/github/azure_cosmosdb/lib/">
<testCase branches-hit="0" functions-hit="0" lines-hit="38" name="&lt;unnamed&gt;"/>
</source>
<source branches-hit="0" branches-valid="0" filename="_path_parser_state.dart" functions-hit="0" functions-valid="0" lines-hit="33" lines-valid="35" prefix="/_Projects/github/azure_cosmosdb/lib/">
<testCase branches-hit="0" functions-hit="0" lines-hit="33" name="&lt;unnamed&gt;"/>
</source>
<source branches-hit="0" branches-valid="0" filename="partition_key_range.dart" functions-hit="0" functions-valid="0" lines-hit="12" lines-valid="13" prefix="/_Projects/github/azure_cosmosdb/lib/">
<testCase branches-hit="0" functions-hit="0" lines-hit="12" name="&lt;unnamed&gt;"/>
</source>
<source branches-hit="0" branches-valid="0" filename="_path_parser.dart" functions-hit="0" functions-valid="0" lines-hit="9" lines-valid="11" prefix="/_Projects/github/azure_cosmosdb/lib/">
<testCase branches-hit="0" functions-hit="0" lines-hit="9" name="&lt;unnamed&gt;"/>
</source>
<source branches-hit="0" branches-valid="0" filename="partition_key.dart" functions-hit="0" functions-valid="0" lines-hit="24" lines-valid="24" prefix="/_Projects/github/azure_cosmosdb/lib/">
<testCase branches-hit="0" functions-hit="0" lines-hit="24" name="&lt;unnamed&gt;"/>
</source>
</sources>
<config branch-coverage="true" description-file="false" function-coverage="true" genhtml_hi_limit="90" genhtml_med_limit="75" legend="false" no-sort="false" no-source="false" show-details="false"/>
<base href="../../"/>
<base href="../../"/>
</coverage>
