<?xml version="1.0" encoding="UTF-8" standalone="no"?>
<?xml-stylesheet type="text/xsl" href="../../jgenhtml.xsl"?><coverage branch-rate="NaN" branches-covered="0" branches-valid="0" complexity="0" date="2023-01-07" filename="partition_key.dart" function-rate="NaN" functions-covered="0" functions-valid="0" line-rate="1.0" lines-covered="6" lines-valid="6" package="/src/partition" testname="lcov.info" version="1.5">
<lines>
<line>
<code>import 'dart:convert';</code>
</line>
<line>
<code/>
</line>
<line>
<code>import '../_internal/_http_header.dart';</code>
</line>
<line>
<code/>
</line>
<line>
<code>/// Class representing a partition key.</code>
</line>
<line>
<code>class PartitionKey {</code>
</line>
<line hits="2">
<code>  const PartitionKey._(this.values);</code>
<hit count="2" name="&lt;unnamed&gt;"/>
</line>
<line>
<code/>
</line>
<line>
<code>  final List&lt;dynamic&gt; values;</code>
</line>
<line>
<code/>
</line>
<line>
<code>  /// Partition key with a single property.</code>
</line>
<line hits="5">
<code>  PartitionKey(String value) : this._(List.unmodifiable([value]));</code>
<hit count="5" name="&lt;unnamed&gt;"/>
</line>
<line>
<code/>
</line>
<line>
<code>  /// Creates a partition key for multiple keys.</code>
</line>
<line hits="4">
<code>  PartitionKey.multi(List&lt;dynamic&gt; values) : this._(List.unmodifiable(values));</code>
<hit count="4" name="&lt;unnamed&gt;"/>
</line>
<line>
<code/>
</line>
<line>
<code>  /// Used for cross-partition queries.</code>
</line>
<line>
<code>  static const all = PartitionKey._([]);</code>
</line>
<line>
<code/>
</line>
<line>
<code>  /// The HTTP header representing the target partition.</code>
</line>
<line hits="3">
<code>  Map&lt;String, String&gt; get header =&gt; (this == all)</code>
<hit count="3" name="&lt;unnamed&gt;"/>
</line>
<line hits="1">
<code>      ? HttpHeader.enableCrossPartition</code>
<hit count="1" name="&lt;unnamed&gt;"/>
</line>
<line hits="4">
<code>      : {HttpHeader.msDocumentDbPartitionKey: jsonEncode(values)};</code>
<hit count="4" name="&lt;unnamed&gt;"/>
</line>
<line>
<code>}</code>
</line>
</lines>
<config branch-coverage="true" description-file="false" function-coverage="true" genhtml_hi_limit="90" genhtml_med_limit="75" legend="false" no-sort="false" no-source="false"/>
<base href="../../"/>
<base href="../../"/>
</coverage>
