<?xml version="1.0" encoding="UTF-8" standalone="no"?>
<?xml-stylesheet type="text/xsl" href="../../jgenhtml.xsl"?><coverage branch-rate="NaN" branches-covered="0" branches-valid="0" complexity="0" date="2023-01-11" filename="partition_key_range.dart" function-rate="NaN" functions-covered="0" functions-valid="0" line-rate="0.88235295" lines-covered="15" lines-valid="17" package="/src/partition" testname="lcov.info" version="1.5">
<lines>
<line>
<code>import '../base_document.dart';</code>
</line>
<line>
<code>import '_partition_key_hash_v2.dart';</code>
</line>
<line>
<code>import 'partition_key.dart';</code>
</line>
<line>
<code/>
</line>
<line>
<code>/// Class representing a partition key range.</code>
</line>
<line>
<code>class PartitionKeyRange extends BaseDocumentWithEtag {</code>
</line>
<line hits="2">
<code>  PartitionKeyRange(this.id, this.minInclusive, this.maxExclusive);</code>
<hit count="2" name="&lt;unnamed&gt;"/>
</line>
<line>
<code/>
</line>
<line>
<code>  @override</code>
</line>
<line>
<code>  final String id;</code>
</line>
<line>
<code/>
</line>
<line>
<code>  final String minInclusive;</code>
</line>
<line>
<code>  final String maxExclusive;</code>
</line>
<line>
<code/>
</line>
<line hits="0">
<code>  @override</code>
</line>
<line hits="0">
<code>  dynamic toJson() =&gt; null;</code>
</line>
<line>
<code/>
</line>
<line hits="1">
<code>  bool contains(PartitionKeyHashV2 hash) =&gt;</code>
<hit count="1" name="&lt;unnamed&gt;"/>
</line>
<line hits="5">
<code>      minInclusive.compareTo(hash.hex) &lt;= 0 &amp;&amp;</code>
<hit count="5" name="&lt;unnamed&gt;"/>
</line>
<line hits="5">
<code>      0 &lt; maxExclusive.compareTo(hash.hex);</code>
<hit count="5" name="&lt;unnamed&gt;"/>
</line>
<line>
<code/>
</line>
<line hits="2">
<code>  static PartitionKeyRange fromJson(dynamic json) {</code>
<hit count="2" name="&lt;unnamed&gt;"/>
</line>
<line hits="1">
<code>    final pkRange = PartitionKeyRange(</code>
<hit count="1" name="&lt;unnamed&gt;"/>
</line>
<line hits="4">
<code>        json['id'], json['minInclusive'], json['maxExclusive']);</code>
<hit count="4" name="&lt;unnamed&gt;"/>
</line>
<line hits="2">
<code>    pkRange.setEtag(json);</code>
<hit count="2" name="&lt;unnamed&gt;"/>
</line>
<line hits="1">
<code>    return pkRange;</code>
<hit count="1" name="&lt;unnamed&gt;"/>
</line>
<line hits="1">
<code>  }</code>
<hit count="1" name="&lt;unnamed&gt;"/>
</line>
<line>
<code>}</code>
</line>
<line>
<code/>
</line>
<line>
<code>extension PartitionKeyRangeExt on Iterable&lt;PartitionKeyRange&gt; {</code>
</line>
<line hits="2">
<code>  PartitionKeyRange? findFor(PartitionKey pk) {</code>
<hit count="2" name="&lt;unnamed&gt;"/>
</line>
<line hits="3">
<code>    final hash = PartitionKeyHashV2.multi(pk.values);</code>
<hit count="3" name="&lt;unnamed&gt;"/>
</line>
<line hits="2">
<code>    return cast&lt;PartitionKeyRange?&gt;()</code>
<hit count="2" name="&lt;unnamed&gt;"/>
</line>
<line hits="4">
<code>        .singleWhere((r) =&gt; r!.contains(hash), orElse: () =&gt; null);</code>
<hit count="4" name="&lt;unnamed&gt;"/>
</line>
<line hits="1">
<code>  }</code>
<hit count="1" name="&lt;unnamed&gt;"/>
</line>
<line>
<code>}</code>
</line>
</lines>
<config branch-coverage="true" description-file="false" function-coverage="true" genhtml_hi_limit="90" genhtml_med_limit="75" legend="false" no-sort="false" no-source="false"/>
<base href="../../"/>
<base href="../../"/>
</coverage>
