<?xml version="1.0" encoding="UTF-8" standalone="no"?>
<?xml-stylesheet type="text/xsl" href="../../jgenhtml.xsl"?><coverage branch-rate="NaN" branches-covered="0" branches-valid="0" complexity="0" date="2023-01-04" filename="index" function-rate="NaN" functions-covered="0" functions-valid="0" line-rate="0.0" lines-covered="0" lines-valid="19" package="/src/queries" testname="lcov.info" version="1.5">
<sources>
<source branches-hit="0" branches-valid="0" filename="query.dart" functions-hit="0" functions-valid="0" lines-hit="0" lines-valid="16" prefix="/a/azure_cosmosdb/azure_cosmosdb/lib"/>
<source branches-hit="0" branches-valid="0" filename="paging.dart" functions-hit="0" functions-valid="0" lines-hit="0" lines-valid="3" prefix="/a/azure_cosmosdb/azure_cosmosdb/lib"/>
</sources>
<config branch-coverage="true" description-file="false" function-coverage="true" genhtml_hi_limit="90" genhtml_med_limit="75" legend="false" no-sort="false" no-source="false"/>
<base href="../../"/>
<base href="../../"/>
</coverage>
