<?xml version="1.0" encoding="UTF-8" standalone="no"?>
<?xml-stylesheet type="text/xsl" href="../../jgenhtml.xsl"?><coverage branch-rate="NaN" branches-covered="0" branches-valid="0" complexity="0" date="2025-01-06" filename="paging.dart" function-rate="NaN" functions-covered="0" functions-valid="0" line-rate="1.0" lines-covered="3" lines-valid="3" package="src/queries" testname="lcov.info" version="1.6">
<lines>
<line number="1">
<code>import 'package:meta/meta.dart';</code>
</line>
<line number="2">
<code/>
</line>
<line number="3">
<code>/// Class used for pagination.</code>
</line>
<line number="4">
<code>class Paging {</code>
</line>
<line hits="2" number="5">
<code>  Paging(int? maxCount) : maxCount = maxCount ?? -1;</code>
<hit count="2" name="&lt;unnamed&gt;"/>
</line>
<line number="6">
<code/>
</line>
<line number="7">
<code>  /// Maximum items per page.</code>
</line>
<line number="8">
<code>  final int maxCount;</code>
</line>
<line number="9">
<code/>
</line>
<line number="10">
<code>  /// Continuation token provided by CosmosDB.</code>
</line>
<line hits="2" number="11">
<code>  String get continuation =&gt; _continuation;</code>
<hit count="2" name="&lt;unnamed&gt;"/>
</line>
<line number="12">
<code>  String _continuation = '';</code>
</line>
<line number="13">
<code>}</code>
</line>
<line number="14">
<code/>
</line>
<line number="15">
<code>// internal use</code>
</line>
<line number="16">
<code>@internal</code>
</line>
<line number="17">
<code>extension ContinuationInternalExt on Paging {</code>
</line>
<line hits="2" number="18">
<code>  void setContinuation(String value) =&gt; _continuation = value;</code>
<hit count="2" name="&lt;unnamed&gt;"/>
</line>
<line number="19">
<code>}</code>
</line>
</lines>
<config branch-coverage="true" description-file="false" function-coverage="true" genhtml_hi_limit="90" genhtml_med_limit="75" legend="false" no-sort="false" no-source="false" show-details="false"/>
<base href="../../"/>
<base href="../../"/>
</coverage>
