<?xml version="1.0" encoding="UTF-8" standalone="no"?>
<?xml-stylesheet type="text/xsl" href="../../jgenhtml.xsl"?><coverage branch-rate="NaN" branches-covered="0" branches-valid="0" complexity="0" date="2022-12-17" filename="paging.dart" function-rate="NaN" functions-covered="0" functions-valid="0" line-rate="1.0" lines-covered="3" lines-valid="3" package="/src/queries" testname="lcov.info" version="1.5">
<lines>
<line>
<code>/// Class used for pagination.</code>
</line>
<line>
<code>class Paging {</code>
</line>
<line hits="2">
<code>  Paging(int? maxCount) : maxCount = maxCount ?? -1;</code>
<hit count="2" name="&lt;unnamed&gt;"/>
</line>
<line>
<code/>
</line>
<line>
<code>  /// Maximum items per page.</code>
</line>
<line>
<code>  final int maxCount;</code>
</line>
<line>
<code/>
</line>
<line>
<code>  /// Continuation token provided by CosmosDB.</code>
</line>
<line hits="3">
<code>  String get continuation =&gt; _continuation;</code>
<hit count="3" name="&lt;unnamed&gt;"/>
</line>
<line>
<code>  String _continuation = '';</code>
</line>
<line>
<code>}</code>
</line>
<line>
<code/>
</line>
<line>
<code>// internal use</code>
</line>
<line>
<code>extension ContinuationExt on Paging {</code>
</line>
<line hits="2">
<code>  void setContinuation(String value) =&gt; _continuation = value;</code>
<hit count="2" name="&lt;unnamed&gt;"/>
</line>
<line>
<code>}</code>
</line>
</lines>
<config branch-coverage="true" description-file="false" function-coverage="true" genhtml_hi_limit="90" genhtml_med_limit="75" legend="false" no-sort="false" no-source="false"/>
<base href="../../"/>
<base href="../../"/>
</coverage>
