<?xml version="1.0" encoding="UTF-8" standalone="no"?>
<?xml-stylesheet type="text/xsl" href="../../jgenhtml.xsl"?><coverage branch-rate="NaN" branches-covered="0" branches-valid="0" complexity="0" date="2025-01-06" filename="query.dart" function-rate="NaN" functions-covered="0" functions-valid="0" line-rate="0.9375" lines-covered="15" lines-valid="16" package="src/queries" testname="lcov.info" version="1.6">
<lines>
<line number="1">
<code>import '../base_document.dart';</code>
</line>
<line number="2">
<code>import '../partition/partition_key.dart';</code>
</line>
<line number="3">
<code>import 'paging.dart';</code>
</line>
<line number="4">
<code/>
</line>
<line number="5">
<code>/// Class representing CosmosDB SQL query.</code>
</line>
<line number="6">
<code>class Query extends Paging implements SpecialDocument {</code>
</line>
<line number="7">
<code>  /// Builds a new CosmosDB SQL query with [command] and [params].</code>
</line>
<line hits="1" number="8">
<code>  Query(this.command,</code>
<hit count="1" name="&lt;unnamed&gt;"/>
</line>
<line number="9">
<code>      {int? maxCount, PartitionKey? partitionKey, Map&lt;String, dynamic&gt;? params})</code>
</line>
<line number="10">
<code>      : _partitionKey = partitionKey,</code>
</line>
<line hits="1" number="11">
<code>        _params = (params == null) ? null : {...params},</code>
<hit count="1" name="&lt;unnamed&gt;"/>
</line>
<line hits="1" number="12">
<code>        super(maxCount);</code>
<hit count="1" name="&lt;unnamed&gt;"/>
</line>
<line number="13">
<code/>
</line>
<line hits="0" number="14">
<code>  @override</code>
</line>
<line number="15">
<code>  String get id =&gt; '';</code>
</line>
<line number="16">
<code/>
</line>
<line number="17">
<code>  /// The query's SQL [command].</code>
</line>
<line number="18">
<code>  final String command;</code>
</line>
<line number="19">
<code/>
</line>
<line number="20">
<code>  late final Map&lt;String, dynamic&gt;? _params;</code>
</line>
<line number="21">
<code/>
</line>
<line number="22">
<code>  /// The partition where the query should be executed; by default, the query</code>
</line>
<line number="23">
<code>  /// will be executed against all partitions.</code>
</line>
<line hits="2" number="24">
<code>  PartitionKey get partitionKey =&gt; _partitionKey ?? PartitionKey.all;</code>
<hit count="2" name="&lt;unnamed&gt;"/>
</line>
<line number="25">
<code>  PartitionKey? _partitionKey;</code>
</line>
<line number="26">
<code/>
</line>
<line number="27">
<code>  /// Force the query to execute in all partitions.</code>
</line>
<line hits="2" number="28">
<code>  void crossPartition() =&gt; _partitionKey = null;</code>
<hit count="2" name="&lt;unnamed&gt;"/>
</line>
<line number="29">
<code/>
</line>
<line number="30">
<code>  /// Restrict the query to the partition identified by [partitionKey].</code>
</line>
<line hits="2" number="31">
<code>  void onPartition(PartitionKey partitionKey) =&gt; _partitionKey = partitionKey;</code>
<hit count="2" name="&lt;unnamed&gt;"/>
</line>
<line number="32">
<code/>
</line>
<line number="33">
<code>  /// Registers a paramater/value to the query.</code>
</line>
<line hits="1" number="34">
<code>  void withParam(String name, dynamic value) =&gt;</code>
<hit count="1" name="&lt;unnamed&gt;"/>
</line>
<line hits="2" number="35">
<code>      (_params ??= &lt;String, dynamic&gt;{})[name] = value;</code>
<hit count="2" name="&lt;unnamed&gt;"/>
</line>
<line number="36">
<code/>
</line>
<line hits="1" number="37">
<code>  @override</code>
<hit count="1" name="&lt;unnamed&gt;"/>
</line>
<line hits="1" number="38">
<code>  Map&lt;String, dynamic&gt; toJson() =&gt; {</code>
<hit count="1" name="&lt;unnamed&gt;"/>
</line>
<line hits="2" number="39">
<code>        'query': command,</code>
<hit count="2" name="&lt;unnamed&gt;"/>
</line>
<line hits="1" number="40">
<code>        if (_params != null)</code>
<hit count="1" name="&lt;unnamed&gt;"/>
</line>
<line hits="3" number="41">
<code>          'parameters': _params!.entries</code>
<hit count="3" name="&lt;unnamed&gt;"/>
</line>
<line hits="5" number="42">
<code>              .map((e) =&gt; {'name': e.key, 'value': e.value})</code>
<hit count="5" name="&lt;unnamed&gt;"/>
</line>
<line hits="1" number="43">
<code>              .toList()</code>
<hit count="1" name="&lt;unnamed&gt;"/>
</line>
<line number="44">
<code>      };</code>
</line>
<line number="45">
<code>}</code>
</line>
</lines>
<config branch-coverage="true" description-file="false" function-coverage="true" genhtml_hi_limit="90" genhtml_med_limit="75" legend="false" no-sort="false" no-source="false" show-details="false"/>
<base href="../../"/>
<base href="../../"/>
</coverage>
