<?xml version="1.0" encoding="UTF-8" standalone="no"?>
<?xml-stylesheet type="text/xsl" href="../../jgenhtml.xsl"?><coverage branch-rate="NaN" branches-covered="0" branches-valid="0" complexity="0" date="2022-12-08" filename="_authorization.dart" function-rate="NaN" functions-covered="0" functions-valid="0" line-rate="1.0" lines-covered="12" lines-valid="12" package="/src/_internal" testname="lcov.info" version="1.5">
<lines>
<line>
<code>import 'dart:convert';</code>
</line>
<line>
<code/>
</line>
<line>
<code>import 'package:crypto/crypto.dart' as crypto;</code>
</line>
<line>
<code/>
</line>
<line>
<code>import '../_internal/_http_status_codes.dart';</code>
</line>
<line>
<code>import '../cosmos_db_exceptions.dart';</code>
</line>
<line>
<code>import '_imf_fixdate.dart';</code>
</line>
<line>
<code/>
</line>
<line>
<code>class Authorization {</code>
</line>
<line hits="1">
<code>  Authorization.fromKey(</code>
<hit count="1" name="&lt;unnamed&gt;"/>
</line>
<line>
<code>      crypto.Hmac? key, String method, String type, String resId) {</code>
</line>
<line>
<code>    if (key == null) {</code>
</line>
<line hits="2">
<code>      throw CosmosDbException(</code>
<hit count="2" name="&lt;unnamed&gt;"/>
</line>
<line>
<code>        HttpStatusCode.unauthorized,</code>
</line>
<line>
<code>        'Missing master key',</code>
</line>
<line>
<code>      );</code>
</line>
<line>
<code>    }</code>
</line>
<line hits="4">
<code>    date = DateTime.now().toImfFixedString();</code>
<hit count="4" name="&lt;unnamed&gt;"/>
</line>
<line hits="4">
<code>    final payload = '$method\n$type\n$resId\n${date.toLowerCase()}\n\n';</code>
<hit count="4" name="&lt;unnamed&gt;"/>
</line>
<line hits="5">
<code>    final signature = base64Encode(key.convert(utf8.encode(payload)).bytes);</code>
<hit count="5" name="&lt;unnamed&gt;"/>
</line>
<line hits="3">
<code>    token = Uri.encodeComponent('type=master&amp;ver=1.0&amp;sig=$signature');</code>
<hit count="3" name="&lt;unnamed&gt;"/>
</line>
<line>
<code>  }</code>
</line>
<line>
<code/>
</line>
<line hits="2">
<code>  Authorization.fromToken(String token) {</code>
<hit count="2" name="&lt;unnamed&gt;"/>
</line>
<line hits="4">
<code>    date = DateTime.now().toImfFixedString();</code>
<hit count="4" name="&lt;unnamed&gt;"/>
</line>
<line hits="2">
<code>    this.token = Uri.encodeComponent(token);</code>
<hit count="2" name="&lt;unnamed&gt;"/>
</line>
<line hits="1">
<code>  }</code>
<hit count="1" name="&lt;unnamed&gt;"/>
</line>
<line>
<code/>
</line>
<line hits="1">
<code>  late final String date;</code>
<hit count="1" name="&lt;unnamed&gt;"/>
</line>
<line hits="1">
<code>  late final String token;</code>
<hit count="1" name="&lt;unnamed&gt;"/>
</line>
<line>
<code>}</code>
</line>
</lines>
<config branch-coverage="true" description-file="false" function-coverage="true" genhtml_hi_limit="90" genhtml_med_limit="75" legend="false" no-sort="false" no-source="false"/>
<base href="../../"/>
<base href="../../"/>
</coverage>
