<?xml version="1.0" encoding="UTF-8" standalone="no"?>
<?xml-stylesheet type="text/xsl" href="../../jgenhtml.xsl"?><coverage branch-rate="NaN" branches-covered="0" branches-valid="0" complexity="0" date="2025-01-06" filename="_http_call.dart" function-rate="NaN" functions-covered="0" functions-valid="0" line-rate="1.0" lines-covered="16" lines-valid="16" package="src/_internal" testname="lcov.info" version="1.6">
<lines>
<line number="1">
<code>import 'package:http/http.dart' as http;</code>
</line>
<line number="2">
<code/>
</line>
<line number="3">
<code>import '../authorizations/cosmos_db_authorization.dart';</code>
</line>
<line number="4">
<code>import '_http_header.dart';</code>
</line>
<line number="5">
<code>import '_http_methods.dart';</code>
</line>
<line number="6">
<code/>
</line>
<line number="7">
<code>class HttpCall {</code>
</line>
<line hits="1" number="8">
<code>  const HttpCall(this.method, this.uri, this.version);</code>
<hit count="1" name="&lt;unnamed&gt;"/>
</line>
<line number="9">
<code/>
</line>
<line hits="1" number="10">
<code>  const HttpCall.get(String uri, String version)</code>
<hit count="1" name="&lt;unnamed&gt;"/>
</line>
<line hits="1" number="11">
<code>      : this(HttpMethod.get, uri, version);</code>
<hit count="1" name="&lt;unnamed&gt;"/>
</line>
<line hits="1" number="12">
<code>  const HttpCall.post(String uri, String version)</code>
<hit count="1" name="&lt;unnamed&gt;"/>
</line>
<line hits="1" number="13">
<code>      : this(HttpMethod.post, uri, version);</code>
<hit count="1" name="&lt;unnamed&gt;"/>
</line>
<line hits="1" number="14">
<code>  const HttpCall.put(String uri, String version)</code>
<hit count="1" name="&lt;unnamed&gt;"/>
</line>
<line hits="1" number="15">
<code>      : this(HttpMethod.put, uri, version);</code>
<hit count="1" name="&lt;unnamed&gt;"/>
</line>
<line hits="1" number="16">
<code>  const HttpCall.patch(String uri, String version)</code>
<hit count="1" name="&lt;unnamed&gt;"/>
</line>
<line hits="1" number="17">
<code>      : this(HttpMethod.patch, uri, version);</code>
<hit count="1" name="&lt;unnamed&gt;"/>
</line>
<line hits="1" number="18">
<code>  const HttpCall.delete(String uri, String version)</code>
<hit count="1" name="&lt;unnamed&gt;"/>
</line>
<line hits="1" number="19">
<code>      : this(HttpMethod.delete, uri, version);</code>
<hit count="1" name="&lt;unnamed&gt;"/>
</line>
<line number="20">
<code/>
</line>
<line number="21">
<code>  final HttpMethod method;</code>
</line>
<line number="22">
<code>  final String uri;</code>
</line>
<line number="23">
<code/>
</line>
<line number="24">
<code>  final String version;</code>
</line>
<line number="25">
<code/>
</line>
<line hits="1" number="26">
<code>  http.Request getRequest(String root, CosmosDbAuthorization authorization) {</code>
<hit count="1" name="&lt;unnamed&gt;"/>
</line>
<line hits="6" number="27">
<code>    final request = http.Request(method.name, Uri.parse(root + uri));</code>
<hit count="6" name="&lt;unnamed&gt;"/>
</line>
<line hits="3" number="28">
<code>    request.headers[HttpHeader.authorization] = authorization.token;</code>
<hit count="3" name="&lt;unnamed&gt;"/>
</line>
<line hits="3" number="29">
<code>    request.headers[HttpHeader.msDate] = authorization.date;</code>
<hit count="3" name="&lt;unnamed&gt;"/>
</line>
<line hits="3" number="30">
<code>    request.headers[HttpHeader.msVersion] = version;</code>
<hit count="3" name="&lt;unnamed&gt;"/>
</line>
<line number="31">
<code>    return request;</code>
</line>
<line number="32">
<code>  }</code>
</line>
<line number="33">
<code>}</code>
</line>
</lines>
<config branch-coverage="true" description-file="false" function-coverage="true" genhtml_hi_limit="90" genhtml_med_limit="75" legend="false" no-sort="false" no-source="false" show-details="false"/>
<base href="../../"/>
<base href="../../"/>
</coverage>
