<?xml version="1.0" encoding="UTF-8" standalone="no"?>
<?xml-stylesheet type="text/xsl" href="../../jgenhtml.xsl"?><coverage branch-rate="NaN" branches-covered="0" branches-valid="0" complexity="0" date="2025-01-06" filename="_http_methods.dart" function-rate="NaN" functions-covered="0" functions-valid="0" line-rate="1.0" lines-covered="1" lines-valid="1" package="src/_internal" testname="lcov.info" version="1.6">
<lines>
<line number="1">
<code>class HttpMethod {</code>
</line>
<line hits="1" number="2">
<code>  const HttpMethod._(this.name, this.isReadOnly);</code>
<hit count="1" name="&lt;unnamed&gt;"/>
</line>
<line number="3">
<code/>
</line>
<line number="4">
<code>  final String name;</code>
</line>
<line number="5">
<code>  final bool isReadOnly;</code>
</line>
<line number="6">
<code/>
</line>
<line number="7">
<code>  static const get = HttpMethod._('GET', true);</code>
</line>
<line number="8">
<code>  static const post = HttpMethod._('POST', false);</code>
</line>
<line number="9">
<code>  static const put = HttpMethod._('PUT', false);</code>
</line>
<line number="10">
<code>  static const patch = HttpMethod._('PATCH', false);</code>
</line>
<line number="11">
<code>  static const delete = HttpMethod._('DELETE', false);</code>
</line>
<line number="12">
<code>}</code>
</line>
</lines>
<config branch-coverage="true" description-file="false" function-coverage="true" genhtml_hi_limit="90" genhtml_med_limit="75" legend="false" no-sort="false" no-source="false" show-details="false"/>
<base href="../../"/>
<base href="../../"/>
</coverage>
