<?xml version="1.0" encoding="UTF-8" standalone="no"?>
<?xml-stylesheet type="text/xsl" href="../../jgenhtml.xsl"?><coverage branch-rate="NaN" branches-covered="0" branches-valid="0" complexity="0" date="2025-01-06" filename="_imf_fixdate.dart" function-rate="NaN" functions-covered="0" functions-valid="0" line-rate="1.0" lines-covered="9" lines-valid="9" package="src/_internal" testname="lcov.info" version="1.6">
<lines>
<line number="1">
<code>import 'package:meta/meta.dart';</code>
</line>
<line number="2">
<code/>
</line>
<line number="3">
<code>const _days = [</code>
</line>
<line number="4">
<code>  'Mon',</code>
</line>
<line number="5">
<code>  'Tue',</code>
</line>
<line number="6">
<code>  'Wed',</code>
</line>
<line number="7">
<code>  'Thu',</code>
</line>
<line number="8">
<code>  'Fri',</code>
</line>
<line number="9">
<code>  'Sat',</code>
</line>
<line number="10">
<code>  'Sun',</code>
</line>
<line number="11">
<code>];</code>
</line>
<line number="12">
<code>const _months = [</code>
</line>
<line number="13">
<code>  'Jan',</code>
</line>
<line number="14">
<code>  'Feb',</code>
</line>
<line number="15">
<code>  'Mar',</code>
</line>
<line number="16">
<code>  'Apr',</code>
</line>
<line number="17">
<code>  'May',</code>
</line>
<line number="18">
<code>  'Jun',</code>
</line>
<line number="19">
<code>  'Jul',</code>
</line>
<line number="20">
<code>  'Aug',</code>
</line>
<line number="21">
<code>  'Sep',</code>
</line>
<line number="22">
<code>  'Oct',</code>
</line>
<line number="23">
<code>  'Nov',</code>
</line>
<line number="24">
<code>  'Dec'</code>
</line>
<line number="25">
<code>];</code>
</line>
<line number="26">
<code/>
</line>
<line number="27">
<code>@internal</code>
</line>
<line number="28">
<code>extension DateTimeFormatExt on DateTime {</code>
</line>
<line number="29">
<code>  // ignore: non_constant_identifier_names</code>
</line>
<line hits="1" number="30">
<code>  static String _00(int n) =&gt;</code>
<hit count="1" name="&lt;unnamed&gt;"/>
</line>
<line hits="4" number="31">
<code>      (n &lt; 10) ? n.toString().padLeft(2, '0') : n.toString();</code>
<hit count="4" name="&lt;unnamed&gt;"/>
</line>
<line number="32">
<code/>
</line>
<line hits="8" number="33">
<code>  String toTimeString() =&gt; '${_00(hour)}:${_00(minute)}:${_00(second)}';</code>
<hit count="8" name="&lt;unnamed&gt;"/>
</line>
<line number="34">
<code/>
</line>
<line hits="1" number="35">
<code>  String toImfFixedString() {</code>
<hit count="1" name="&lt;unnamed&gt;"/>
</line>
<line hits="2" number="36">
<code>    final date = isUtc ? this : toUtc();</code>
<hit count="2" name="&lt;unnamed&gt;"/>
</line>
<line hits="3" number="37">
<code>    final dayStr = _days[date.weekday - 1];</code>
<hit count="3" name="&lt;unnamed&gt;"/>
</line>
<line hits="3" number="38">
<code>    final monthStr = _months[date.month - 1];</code>
<hit count="3" name="&lt;unnamed&gt;"/>
</line>
<line hits="1" number="39">
<code>    final timeStr = date.toTimeString();</code>
<hit count="1" name="&lt;unnamed&gt;"/>
</line>
<line hits="4" number="40">
<code>    return '$dayStr, ${_00(date.day)} $monthStr ${date.year} $timeStr GMT';</code>
<hit count="4" name="&lt;unnamed&gt;"/>
</line>
<line number="41">
<code>  }</code>
</line>
<line number="42">
<code>}</code>
</line>
</lines>
<config branch-coverage="true" description-file="false" function-coverage="true" genhtml_hi_limit="90" genhtml_med_limit="75" legend="false" no-sort="false" no-source="false" show-details="false"/>
<base href="../../"/>
<base href="../../"/>
</coverage>
