<?xml version="1.0" encoding="UTF-8" standalone="no"?>
<?xml-stylesheet type="text/xsl" href="../../jgenhtml.xsl"?><coverage branch-rate="NaN" branches-covered="0" branches-valid="0" complexity="0" date="2025-01-06" filename="index" function-rate="NaN" functions-covered="0" functions-valid="0" line-rate="1.0" lines-covered="46" lines-valid="46" package="src/_internal" testname="lcov.info" version="1.6">
<sources>
<source branches-hit="0" branches-valid="0" filename="_http_methods.dart" functions-hit="0" functions-valid="0" lines-hit="1" lines-valid="1" prefix="/_Projects/github/azure_cosmosdb/lib/">
<testCase branches-hit="0" functions-hit="0" lines-hit="1" name="&lt;unnamed&gt;"/>
</source>
<source branches-hit="0" branches-valid="0" filename="_imf_fixdate.dart" functions-hit="0" functions-valid="0" lines-hit="9" lines-valid="9" prefix="/_Projects/github/azure_cosmosdb/lib/">
<testCase branches-hit="0" functions-hit="0" lines-hit="9" name="&lt;unnamed&gt;"/>
</source>
<source branches-hit="0" branches-valid="0" filename="_linq_extensions.dart" functions-hit="0" functions-valid="0" lines-hit="20" lines-valid="20" prefix="/_Projects/github/azure_cosmosdb/lib/">
<testCase branches-hit="0" functions-hit="0" lines-hit="20" name="&lt;unnamed&gt;"/>
</source>
<source branches-hit="0" branches-valid="0" filename="_http_call.dart" functions-hit="0" functions-valid="0" lines-hit="16" lines-valid="16" prefix="/_Projects/github/azure_cosmosdb/lib/">
<testCase branches-hit="0" functions-hit="0" lines-hit="16" name="&lt;unnamed&gt;"/>
</source>
</sources>
<config branch-coverage="true" description-file="false" function-coverage="true" genhtml_hi_limit="90" genhtml_med_limit="75" legend="false" no-sort="false" no-source="false" show-details="false"/>
<base href="../../"/>
<base href="../../"/>
</coverage>
