<?xml version="1.0" encoding="UTF-8" standalone="no"?>
<?xml-stylesheet type="text/xsl" href="../jgenhtml.xsl"?><coverage branch-rate="NaN" branches-covered="0" branches-valid="0" complexity="0" date="2024-01-21" filename="patch_operation_type.dart" function-rate="NaN" functions-covered="0" functions-valid="0" line-rate="1.0" lines-covered="1" lines-valid="1" package="/patch" testname="lcov.info" version="1.5">
<lines>
<line>
<code>/// Constants for patch operations.</code>
</line>
<line>
<code>class PatchOperationType {</code>
</line>
<line hits="1">
<code>  const PatchOperationType._(this.name);</code>
<hit count="1" name="&lt;unnamed&gt;"/>
</line>
<line>
<code/>
</line>
<line>
<code>  /// The patch operation's [name].</code>
</line>
<line>
<code>  final String name;</code>
</line>
<line>
<code/>
</line>
<line>
<code>  /// Constant for "add" operation.</code>
</line>
<line>
<code>  static const add = PatchOperationType._('add');</code>
</line>
<line>
<code/>
</line>
<line>
<code>  /// Constant for "set" operation.</code>
</line>
<line>
<code>  static const set = PatchOperationType._('set');</code>
</line>
<line>
<code/>
</line>
<line>
<code>  /// Constant for "replace" operation.</code>
</line>
<line>
<code>  static const replace = PatchOperationType._('replace');</code>
</line>
<line>
<code/>
</line>
<line>
<code>  /// Constant for "remove" operation.</code>
</line>
<line>
<code>  static const remove = PatchOperationType._('remove');</code>
</line>
<line>
<code/>
</line>
<line>
<code>  /// Constant for "incr" operation.</code>
</line>
<line>
<code>  static const incr = PatchOperationType._('incr');</code>
</line>
<line>
<code>}</code>
</line>
</lines>
<config branch-coverage="true" description-file="false" function-coverage="true" genhtml_hi_limit="90" genhtml_med_limit="75" legend="false" no-sort="false" no-source="false"/>
<base href="../"/>
<base href="../"/>
</coverage>
