<?xml version="1.0" encoding="UTF-8" standalone="no"?>
<?xml-stylesheet type="text/xsl" href="../../jgenhtml.xsl"?><coverage branch-rate="NaN" branches-covered="0" branches-valid="0" complexity="0" date="2022-12-05" filename="_context.dart" function-rate="NaN" functions-covered="0" functions-valid="0" line-rate="0.9459459" lines-covered="35" lines-valid="37" package="/src/client" testname="lcov.info" version="1.5">
<lines>
<line>
<code>import '../base_document.dart';</code>
</line>
<line>
<code>import '../indexing/partition.dart';</code>
</line>
<line>
<code>import '../permissions/cosmos_db_permission.dart';</code>
</line>
<line>
<code>import '../queries/paging.dart';</code>
</line>
<line>
<code>import '../queries/query.dart';</code>
</line>
<line>
<code>import '../cosmos_db_server.dart';</code>
</line>
<line>
<code/>
</line>
<line>
<code>class Context {</code>
</line>
<line hits="2">
<code>  Context({</code>
<hit count="2" name="&lt;unnamed&gt;"/>
</line>
<line>
<code>    required this.type,</code>
</line>
<line>
<code>    this.resId,</code>
</line>
<line>
<code>    Map&lt;String, String&gt;? headers,</code>
</line>
<line>
<code>    this.throwOnNotFound = true,</code>
</line>
<line>
<code>    this.paging,</code>
</line>
<line>
<code>    this.partition,</code>
</line>
<line>
<code>    this.token,</code>
</line>
<line>
<code>    this.onForbidden,</code>
</line>
<line>
<code>    this.builder,</code>
</line>
<line>
<code>  }) {</code>
</line>
<line hits="1">
<code>    if (headers != null) {</code>
<hit count="1" name="&lt;unnamed&gt;"/>
</line>
<line hits="3">
<code>      _headers ??= {};</code>
<hit count="3" name="&lt;unnamed&gt;"/>
</line>
<line hits="3">
<code>      _headers!.addAll(headers);</code>
<hit count="3" name="&lt;unnamed&gt;"/>
</line>
<line>
<code>    }</code>
</line>
<line hits="1">
<code>  }</code>
<hit count="1" name="&lt;unnamed&gt;"/>
</line>
<line>
<code/>
</line>
<line>
<code>  final String type;</code>
</line>
<line>
<code>  final String? resId;</code>
</line>
<line>
<code>  final bool throwOnNotFound;</code>
</line>
<line>
<code>  final Paging? paging;</code>
</line>
<line>
<code>  final CosmosDbPartition? partition;</code>
</line>
<line>
<code>  final String? token;</code>
</line>
<line>
<code>  final FutureCallback&lt;CosmosDbPermission?&gt;? onForbidden;</code>
</line>
<line>
<code>  final DocumentBuilder? builder;</code>
</line>
<line>
<code/>
</line>
<line hits="1">
<code>  Map&lt;String, String&gt;? _headers;</code>
<hit count="1" name="&lt;unnamed&gt;"/>
</line>
<line>
<code/>
</line>
<line hits="2">
<code>  void addHeader(String name, String value) {</code>
<hit count="2" name="&lt;unnamed&gt;"/>
</line>
<line hits="3">
<code>    _headers ??= {};</code>
<hit count="3" name="&lt;unnamed&gt;"/>
</line>
<line hits="3">
<code>    _headers![name] = value;</code>
<hit count="3" name="&lt;unnamed&gt;"/>
</line>
<line hits="1">
<code>  }</code>
<hit count="1" name="&lt;unnamed&gt;"/>
</line>
<line>
<code/>
</line>
<line hits="1">
<code>  Context copyWith({Query? query, Map&lt;String, String&gt;? headers}) {</code>
<hit count="1" name="&lt;unnamed&gt;"/>
</line>
<line hits="2">
<code>    final copy = Context(</code>
<hit count="2" name="&lt;unnamed&gt;"/>
</line>
<line hits="2">
<code>        type: type,</code>
<hit count="2" name="&lt;unnamed&gt;"/>
</line>
<line hits="2">
<code>        resId: resId,</code>
<hit count="2" name="&lt;unnamed&gt;"/>
</line>
<line hits="2">
<code>        paging: paging ?? query,</code>
<hit count="2" name="&lt;unnamed&gt;"/>
</line>
<line hits="3">
<code>        partition: partition ?? query?.partition,</code>
<hit count="3" name="&lt;unnamed&gt;"/>
</line>
<line hits="2">
<code>        token: token,</code>
<hit count="2" name="&lt;unnamed&gt;"/>
</line>
<line hits="2">
<code>        onForbidden: onForbidden);</code>
<hit count="2" name="&lt;unnamed&gt;"/>
</line>
<line hits="2">
<code>    if (_headers != null) {</code>
<hit count="2" name="&lt;unnamed&gt;"/>
</line>
<line hits="0">
<code>      copy._headers ??= {};</code>
</line>
<line hits="0">
<code>      copy._headers!.addAll(_headers!);</code>
</line>
<line>
<code>    }</code>
</line>
<line hits="1">
<code>    if (headers != null) {</code>
<hit count="1" name="&lt;unnamed&gt;"/>
</line>
<line hits="3">
<code>      copy._headers ??= {};</code>
<hit count="3" name="&lt;unnamed&gt;"/>
</line>
<line hits="3">
<code>      copy._headers!.addAll(headers);</code>
<hit count="3" name="&lt;unnamed&gt;"/>
</line>
<line>
<code>    }</code>
</line>
<line>
<code>    return copy;</code>
</line>
<line>
<code>  }</code>
</line>
<line>
<code/>
</line>
<line hits="1">
<code>  Map&lt;String, String&gt; getHeaders() {</code>
<hit count="1" name="&lt;unnamed&gt;"/>
</line>
<line hits="2">
<code>    final headers = &lt;String, String&gt;{};</code>
<hit count="2" name="&lt;unnamed&gt;"/>
</line>
<line hits="2">
<code>    if (_headers != null) {</code>
<hit count="2" name="&lt;unnamed&gt;"/>
</line>
<line hits="3">
<code>      headers.addAll(_headers!);</code>
<hit count="3" name="&lt;unnamed&gt;"/>
</line>
<line>
<code>    }</code>
</line>
<line hits="3">
<code>    final partitionHeader = partition?.header;</code>
<hit count="3" name="&lt;unnamed&gt;"/>
</line>
<line hits="1">
<code>    if (partitionHeader != null) {</code>
<hit count="1" name="&lt;unnamed&gt;"/>
</line>
<line hits="4">
<code>      headers[partitionHeader.key] = partitionHeader.value;</code>
<hit count="4" name="&lt;unnamed&gt;"/>
</line>
<line>
<code>    }</code>
</line>
<line hits="4">
<code>    final maxCount = (paging?.maxCount ?? -1);</code>
<hit count="4" name="&lt;unnamed&gt;"/>
</line>
<line hits="2">
<code>    if (maxCount &gt; 0) {</code>
<hit count="2" name="&lt;unnamed&gt;"/>
</line>
<line hits="3">
<code>      headers['x-ms-max-item-count'] = maxCount.toString();</code>
<hit count="3" name="&lt;unnamed&gt;"/>
</line>
<line>
<code>    }</code>
</line>
<line hits="3">
<code>    final continuation = paging?.continuation ?? '';</code>
<hit count="3" name="&lt;unnamed&gt;"/>
</line>
<line hits="1">
<code>    if (continuation.isNotEmpty) {</code>
<hit count="1" name="&lt;unnamed&gt;"/>
</line>
<line hits="2">
<code>      headers['x-ms-continuation'] = continuation;</code>
<hit count="2" name="&lt;unnamed&gt;"/>
</line>
<line>
<code>    }</code>
</line>
<line>
<code>    return headers;</code>
</line>
<line>
<code>  }</code>
</line>
<line>
<code>}</code>
</line>
</lines>
<config branch-coverage="true" description-file="false" function-coverage="true" genhtml_hi_limit="90" genhtml_med_limit="75" legend="false" no-sort="false" no-source="false"/>
<base href="../../"/>
<base href="../../"/>
</coverage>
