<?xml version="1.0" encoding="UTF-8" standalone="no"?>
<?xml-stylesheet type="text/xsl" href="../../jgenhtml.xsl"?><coverage branch-rate="NaN" branches-covered="0" branches-valid="0" complexity="0" date="2025-01-06" filename="_debug_http_overrides_vm.dart" function-rate="NaN" functions-covered="0" functions-valid="0" line-rate="1.0" lines-covered="9" lines-valid="9" package="src/client" testname="lcov.info" version="1.6">
<lines>
<line number="1">
<code>import 'dart:developer';</code>
</line>
<line number="2">
<code>import 'dart:io';</code>
</line>
<line number="3">
<code/>
</line>
<line number="4">
<code>class LocalhostHttpOverrides extends HttpOverrides {</code>
</line>
<line hits="1" number="5">
<code>  @override</code>
<hit count="1" name="&lt;unnamed&gt;"/>
</line>
<line number="6">
<code>  HttpClient createHttpClient(SecurityContext? context) {</code>
</line>
<line hits="1" number="7">
<code>    final client = super.createHttpClient(context);</code>
<hit count="1" name="&lt;unnamed&gt;"/>
</line>
<line hits="2" number="8">
<code>    client.badCertificateCallback = handleBadCertificate;</code>
<hit count="2" name="&lt;unnamed&gt;"/>
</line>
<line number="9">
<code>    return client;</code>
</line>
<line number="10">
<code>  }</code>
</line>
<line number="11">
<code/>
</line>
<line hits="1" number="12">
<code>  bool handleBadCertificate(X509Certificate cert, String host, int port) {</code>
<hit count="1" name="&lt;unnamed&gt;"/>
</line>
<line number="13">
<code>    final ok =</code>
</line>
<line hits="2" number="14">
<code>        host.toLowerCase().contains('localhost') || host.contains('127.0.0.1');</code>
<hit count="2" name="&lt;unnamed&gt;"/>
</line>
<line hits="2" number="15">
<code>    log('Bad certificate from $host: ${ok ? 'bypass security' : 'enforce security'}');</code>
<hit count="2" name="&lt;unnamed&gt;"/>
</line>
<line number="16">
<code>    return ok;</code>
</line>
<line number="17">
<code>  }</code>
</line>
<line number="18">
<code>}</code>
</line>
<line number="19">
<code/>
</line>
<line number="20">
<code>var _installed = false;</code>
</line>
<line number="21">
<code/>
</line>
<line hits="1" number="22">
<code>void allowSelfSignedCertificates() {</code>
<hit count="1" name="&lt;unnamed&gt;"/>
</line>
<line number="23">
<code>  if (!_installed) {</code>
</line>
<line hits="1" number="24">
<code>    _installed == true;</code>
<hit count="1" name="&lt;unnamed&gt;"/>
</line>
<line hits="2" number="25">
<code>    HttpOverrides.global = LocalhostHttpOverrides();</code>
<hit count="2" name="&lt;unnamed&gt;"/>
</line>
<line number="26">
<code>  }</code>
</line>
<line number="27">
<code>}</code>
</line>
</lines>
<config branch-coverage="true" description-file="false" function-coverage="true" genhtml_hi_limit="90" genhtml_med_limit="75" legend="false" no-sort="false" no-source="false" show-details="false"/>
<base href="../../"/>
<base href="../../"/>
</coverage>
