<?xml version="1.0" encoding="UTF-8" standalone="no"?>
<?xml-stylesheet type="text/xsl" href="../../jgenhtml.xsl"?><coverage branch-rate="NaN" branches-covered="0" branches-valid="0" complexity="0" date="2022-12-04" filename="_retry_if_vm.dart" function-rate="NaN" functions-covered="0" functions-valid="0" line-rate="1.0" lines-covered="5" lines-valid="5" package="/src/client" testname="lcov.info" version="1.5">
<lines>
<line>
<code>import 'dart:async';</code>
</line>
<line>
<code>import 'dart:developer';</code>
</line>
<line>
<code>import 'dart:io';</code>
</line>
<line>
<code/>
</line>
<line>
<code>import 'package:http/http.dart';</code>
</line>
<line>
<code/>
</line>
<line>
<code>import 'debug_http_client.dart';</code>
</line>
<line>
<code/>
</line>
<line hits="1">
<code>bool retryIf(Client http, Exception e) {</code>
<hit count="1" name="&lt;unnamed&gt;"/>
</line>
<line hits="1">
<code>  if (http is DebugHttpClient) {</code>
<hit count="1" name="&lt;unnamed&gt;"/>
</line>
<line hits="2">
<code>    log('!!! received exception $e');</code>
<hit count="2" name="&lt;unnamed&gt;"/>
</line>
<line>
<code>  }</code>
</line>
<line>
<code>  final retry =</code>
</line>
<line hits="3">
<code>      e is SocketException || e is TimeoutException || e is ClientException;</code>
<hit count="3" name="&lt;unnamed&gt;"/>
</line>
<line>
<code>  if (retry) {</code>
</line>
<line hits="3">
<code>    log('retrying on error ${e.runtimeType}...');</code>
<hit count="3" name="&lt;unnamed&gt;"/>
</line>
<line>
<code>  }</code>
</line>
<line>
<code>  return retry;</code>
</line>
<line>
<code>}</code>
</line>
</lines>
<config branch-coverage="true" description-file="false" function-coverage="true" genhtml_hi_limit="90" genhtml_med_limit="75" legend="false" no-sort="false" no-source="false"/>
<base href="../../"/>
<base href="../../"/>
</coverage>
