<?xml version="1.0" encoding="UTF-8" standalone="no"?>
<?xml-stylesheet type="text/xsl" href="../../jgenhtml.xsl"?><coverage branch-rate="NaN" branches-covered="0" branches-valid="0" complexity="0" date="2025-01-06" filename="http_status_codes.dart" function-rate="NaN" functions-covered="0" functions-valid="0" line-rate="1.0" lines-covered="1" lines-valid="1" package="src/client" testname="lcov.info" version="1.6">
<lines>
<line number="1">
<code>/// Constants for HTTP status codes.</code>
</line>
<line number="2">
<code>abstract class HttpStatusCode {</code>
</line>
<line number="3">
<code>  static const ok = 200;</code>
</line>
<line number="4">
<code>  static const created = 201;</code>
</line>
<line number="5">
<code>  static const noContent = 204;</code>
</line>
<line number="6">
<code>  static const notModified = 304;</code>
</line>
<line number="7">
<code>  static const badRequest = 400;</code>
</line>
<line number="8">
<code>  static const unauthorized = 401;</code>
</line>
<line number="9">
<code>  static const forbidden = 403;</code>
</line>
<line number="10">
<code>  static const notFound = 404;</code>
</line>
<line number="11">
<code>  static const conflict = 409;</code>
</line>
<line number="12">
<code>  static const preconditionFailure = 412;</code>
</line>
<line number="13">
<code>  static const failedDependency = 424;</code>
</line>
<line number="14">
<code>  static const tooManyRequests = 429;</code>
</line>
<line number="15">
<code>  static const invalidToken = 498;</code>
</line>
<line number="16">
<code>  static const serverError = 500;</code>
</line>
<line number="17">
<code>  static const serviceUnavailable = 503;</code>
</line>
<line number="18">
<code/>
</line>
<line number="19">
<code>  /// Returns `true` if [code] is in the range 200-299, `false` otherwise.</code>
</line>
<line hits="3" number="20">
<code>  static bool isSuccess(int code) =&gt; 200 &lt;= code &amp;&amp; code &lt; 300;</code>
<hit count="3" name="&lt;unnamed&gt;"/>
</line>
<line number="21">
<code>}</code>
</line>
</lines>
<config branch-coverage="true" description-file="false" function-coverage="true" genhtml_hi_limit="90" genhtml_med_limit="75" legend="false" no-sort="false" no-source="false" show-details="false"/>
<base href="../../"/>
<base href="../../"/>
</coverage>
