<?xml version="1.0" encoding="UTF-8" standalone="no"?>
<?xml-stylesheet type="text/xsl" href="../../jgenhtml.xsl"?><coverage branch-rate="NaN" branches-covered="0" branches-valid="0" complexity="0" date="2023-01-07" filename="patch.dart" function-rate="NaN" functions-covered="0" functions-valid="0" line-rate="0.01754386" lines-covered="1" lines-valid="57" package="/src/patch" testname="lcov.info" version="1.5">
<lines>
<line>
<code>import '../base_document.dart';</code>
</line>
<line>
<code>import 'tokenizer.dart';</code>
</line>
<line>
<code>import 'patch_operation.dart';</code>
</line>
<line>
<code/>
</line>
<line>
<code>class Patch extends SpecialDocument {</code>
</line>
<line>
<code>  String? _condition;</code>
</line>
<line hits="0">
<code>  final _ops = &lt;PatchOperation&gt;[];</code>
</line>
<line hits="0">
<code>  Map&lt;String, dynamic&gt;? _parameters;</code>
</line>
<line>
<code/>
</line>
<line hits="0">
<code>  void setCondition(String condition) =&gt; _condition = condition;</code>
</line>
<line>
<code/>
</line>
<line hits="0">
<code>  void withParam(String name, dynamic value) =&gt;</code>
</line>
<line hits="0">
<code>      (_parameters ??= {})[name] = value;</code>
</line>
<line>
<code/>
</line>
<line hits="0">
<code>  String _getCondition() {</code>
</line>
<line hits="0">
<code>    var cond = _condition!;</code>
</line>
<line hits="0">
<code>    if (_parameters != null) {</code>
</line>
<line hits="0">
<code>      final parser = Tokenizer(cond);</code>
</line>
<line hits="0">
<code>      final parts = &lt;String&gt;[];</code>
</line>
<line>
<code>      var needSpace = false;</code>
</line>
<line hits="0">
<code>      for (var token in parser.getTokens(_parameters)) {</code>
</line>
<line hits="0">
<code>        switch (token.type) {</code>
</line>
<line hits="0">
<code>          case Token.parameterValue:</code>
</line>
<line hits="0">
<code>          case Token.identifier:</code>
</line>
<line hits="0">
<code>            if (needSpace) {</code>
</line>
<line hits="0">
<code>              parts.add(' ');</code>
</line>
<line>
<code>            }</code>
</line>
<line hits="0">
<code>            parts.add(token.text);</code>
</line>
<line hits="0">
<code>            needSpace = true;</code>
</line>
<line hits="0">
<code>            break;</code>
</line>
<line hits="0">
<code>          case Token.number:</code>
</line>
<line hits="0">
<code>          case Token.string:</code>
</line>
<line hits="0">
<code>            if (needSpace) {</code>
</line>
<line hits="0">
<code>              parts.add(' ');</code>
</line>
<line>
<code>            }</code>
</line>
<line hits="0">
<code>            parts.add(token.text);</code>
</line>
<line>
<code>            needSpace = true;</code>
</line>
<line hits="0">
<code>            break;</code>
</line>
<line hits="0">
<code>          case Token.separator:</code>
</line>
<line hits="0">
<code>            if (token.text == ':') {</code>
</line>
<line hits="0">
<code>              parts.add(' ');</code>
</line>
<line>
<code>            }</code>
</line>
<line hits="0">
<code>            parts.add(token.text);</code>
</line>
<line hits="0">
<code>            needSpace = (token.text == ',' || token.text == ':');</code>
</line>
<line hits="0">
<code>            break;</code>
</line>
<line hits="0">
<code>          case Token.operator:</code>
</line>
<line hits="0">
<code>            needSpace = (token.text != '.');</code>
</line>
<line hits="0">
<code>            if (needSpace) {</code>
</line>
<line hits="0">
<code>              parts.add(' ');</code>
</line>
<line>
<code>            }</code>
</line>
<line hits="0">
<code>            parts.add(token.text);</code>
</line>
<line hits="0">
<code>            break;</code>
</line>
<line>
<code>        }</code>
</line>
<line>
<code>      }</code>
</line>
<line hits="0">
<code>      cond = parts.join();</code>
</line>
<line>
<code>    }</code>
</line>
<line hits="0">
<code>    return cond;</code>
</line>
<line hits="0">
<code>  }</code>
</line>
<line>
<code/>
</line>
<line hits="0">
<code>  void add(String path, dynamic value) =&gt;</code>
</line>
<line hits="0">
<code>      _ops.add(PatchOperation.add(path, value));</code>
</line>
<line>
<code/>
</line>
<line hits="0">
<code>  void set(String path, dynamic value) =&gt;</code>
</line>
<line hits="0">
<code>      _ops.add(PatchOperation.set(path, value));</code>
</line>
<line>
<code/>
</line>
<line hits="0">
<code>  void replace(String path, dynamic value) =&gt;</code>
</line>
<line hits="0">
<code>      _ops.add(PatchOperation.replace(path, value));</code>
</line>
<line>
<code/>
</line>
<line hits="0">
<code>  void increment(String path, [num value = 1]) =&gt;</code>
</line>
<line hits="0">
<code>      _ops.add(PatchOperation.incr(path, value));</code>
</line>
<line>
<code/>
</line>
<line hits="0">
<code>  void decrement(String path, [num value = 1]) =&gt;</code>
</line>
<line hits="0">
<code>      _ops.add(PatchOperation.decr(path, value));</code>
</line>
<line>
<code/>
</line>
<line hits="0">
<code>  void remove(String path) =&gt; _ops.add(PatchOperation.remove(path));</code>
</line>
<line>
<code/>
</line>
<line hits="0">
<code>  @override</code>
</line>
<line>
<code>  String get id =&gt; '';</code>
</line>
<line>
<code/>
</line>
<line hits="0">
<code>  @override</code>
</line>
<line hits="0">
<code>  Map&lt;String, dynamic&gt; toJson() =&gt; {</code>
</line>
<line hits="0">
<code>        if (_condition != null) 'condition': _getCondition(),</code>
</line>
<line hits="1">
<code>        'operations': _ops.map((o) =&gt; o.toJson()).toList(),</code>
<hit count="1" name="&lt;unnamed&gt;"/>
</line>
<line hits="0">
<code>      };</code>
</line>
<line>
<code>}</code>
</line>
</lines>
<config branch-coverage="true" description-file="false" function-coverage="true" genhtml_hi_limit="90" genhtml_med_limit="75" legend="false" no-sort="false" no-source="false"/>
<base href="../../"/>
<base href="../../"/>
</coverage>
