<?xml version="1.0" encoding="UTF-8" standalone="no"?>
<?xml-stylesheet type="text/xsl" href="../../jgenhtml.xsl"?><coverage branch-rate="NaN" branches-covered="0" branches-valid="0" complexity="0" date="2025-01-06" filename="patch_operation_type.dart" function-rate="NaN" functions-covered="0" functions-valid="0" line-rate="1.0" lines-covered="1" lines-valid="1" package="src/patch" testname="lcov.info" version="1.6">
<lines>
<line number="1">
<code>/// Constants for patch operations.</code>
</line>
<line number="2">
<code>class PatchOperationType {</code>
</line>
<line hits="1" number="3">
<code>  const PatchOperationType._(this.name);</code>
<hit count="1" name="&lt;unnamed&gt;"/>
</line>
<line number="4">
<code/>
</line>
<line number="5">
<code>  /// The patch operation's [name].</code>
</line>
<line number="6">
<code>  final String name;</code>
</line>
<line number="7">
<code/>
</line>
<line number="8">
<code>  /// Constant for "add" operation.</code>
</line>
<line number="9">
<code>  static const add = PatchOperationType._('add');</code>
</line>
<line number="10">
<code/>
</line>
<line number="11">
<code>  /// Constant for "set" operation.</code>
</line>
<line number="12">
<code>  static const set = PatchOperationType._('set');</code>
</line>
<line number="13">
<code/>
</line>
<line number="14">
<code>  /// Constant for "replace" operation.</code>
</line>
<line number="15">
<code>  static const replace = PatchOperationType._('replace');</code>
</line>
<line number="16">
<code/>
</line>
<line number="17">
<code>  /// Constant for "remove" operation.</code>
</line>
<line number="18">
<code>  static const remove = PatchOperationType._('remove');</code>
</line>
<line number="19">
<code/>
</line>
<line number="20">
<code>  /// Constant for "incr" operation.</code>
</line>
<line number="21">
<code>  static const incr = PatchOperationType._('incr');</code>
</line>
<line number="22">
<code>}</code>
</line>
</lines>
<config branch-coverage="true" description-file="false" function-coverage="true" genhtml_hi_limit="90" genhtml_med_limit="75" legend="false" no-sort="false" no-source="false" show-details="false"/>
<base href="../../"/>
<base href="../../"/>
</coverage>
