<?xml version="1.0" encoding="UTF-8" standalone="no"?>
<?xml-stylesheet type="text/xsl" href="../jgenhtml.xsl"?><coverage branch-rate="NaN" branches-covered="0" branches-valid="0" complexity="0" date="2024-01-21" filename="bounding_box.dart" function-rate="NaN" functions-covered="0" functions-valid="0" line-rate="1.0" lines-covered="9" lines-valid="9" package="/indexing" testname="lcov.info" version="1.5">
<lines>
<line>
<code>/// Class representing a bounding box for spatial indexing.</code>
</line>
<line>
<code>class BoundingBox {</code>
</line>
<line hits="2">
<code>  BoundingBox(this.xmin, this.ymin, this.xmax, this.ymax);</code>
<hit count="2" name="&lt;unnamed&gt;"/>
</line>
<line>
<code/>
</line>
<line>
<code>  /// The [xmin] coordinate of this instance.</code>
</line>
<line>
<code>  final num xmin;</code>
</line>
<line>
<code/>
</line>
<line>
<code>  /// The [ymin] coordinate of this instance.</code>
</line>
<line>
<code>  final num ymin;</code>
</line>
<line>
<code/>
</line>
<line>
<code>  /// The [xmax] coordinate of this instance.</code>
</line>
<line>
<code>  final num xmax;</code>
</line>
<line>
<code/>
</line>
<line>
<code>  /// The [ymax] coordinate of this instance.</code>
</line>
<line>
<code>  final num ymax;</code>
</line>
<line>
<code/>
</line>
<line>
<code>  /// Serializes this instance to a JSON object.</code>
</line>
<line hits="3">
<code>  Map&lt;String, dynamic&gt; toJson() =&gt; {</code>
<hit count="3" name="&lt;unnamed&gt;"/>
</line>
<line hits="2">
<code>        'xmin': xmin,</code>
<hit count="2" name="&lt;unnamed&gt;"/>
</line>
<line hits="2">
<code>        'ymin': ymin,</code>
<hit count="2" name="&lt;unnamed&gt;"/>
</line>
<line hits="2">
<code>        'xmax': xmax,</code>
<hit count="2" name="&lt;unnamed&gt;"/>
</line>
<line hits="2">
<code>        'ymax': ymax,</code>
<hit count="2" name="&lt;unnamed&gt;"/>
</line>
<line hits="1">
<code>      };</code>
<hit count="1" name="&lt;unnamed&gt;"/>
</line>
<line>
<code/>
</line>
<line>
<code>  /// Deserializes data from JSON object [json] into a new [BoundingBox] instance.</code>
</line>
<line hits="1">
<code>  static BoundingBox fromJson(Map json) =&gt;</code>
<hit count="1" name="&lt;unnamed&gt;"/>
</line>
<line hits="6">
<code>      BoundingBox(json['xmin'], json['ymin'], json['xmax'], json['ymax']);</code>
<hit count="6" name="&lt;unnamed&gt;"/>
</line>
<line>
<code>}</code>
</line>
</lines>
<config branch-coverage="true" description-file="false" function-coverage="true" genhtml_hi_limit="90" genhtml_med_limit="75" legend="false" no-sort="false" no-source="false"/>
<base href="../"/>
<base href="../"/>
</coverage>
