<?xml version="1.0" encoding="UTF-8" standalone="no"?>
<?xml-stylesheet type="text/xsl" href="../jgenhtml.xsl"?><coverage branch-rate="NaN" branches-covered="0" branches-valid="0" complexity="0" date="2023-06-08" filename="indexing_policy.dart" function-rate="NaN" functions-covered="0" functions-valid="0" line-rate="0.9" lines-covered="45" lines-valid="50" package="/indexing" testname="lcov.info" version="1.5">
<lines>
<line>
<code>import 'index_path.dart';</code>
</line>
<line>
<code>import 'indexing_mode.dart';</code>
</line>
<line>
<code>import 'spatial_index_path.dart';</code>
</line>
<line>
<code/>
</line>
<line>
<code>/// Class representing a container's indexing policy.</code>
</line>
<line>
<code>class IndexingPolicy {</code>
</line>
<line hits="2">
<code>  IndexingPolicy(</code>
<hit count="2" name="&lt;unnamed&gt;"/>
</line>
<line hits="1">
<code>      {this.indexingMode = IndexingMode.consistent, this.automatic = true});</code>
<hit count="1" name="&lt;unnamed&gt;"/>
</line>
<line>
<code/>
</line>
<line>
<code>  /// Indexing mode. See constants available in [IndexingMode].</code>
</line>
<line>
<code>  final IndexingMode indexingMode;</code>
</line>
<line>
<code/>
</line>
<line>
<code>  /// Automatic indexing.</code>
</line>
<line>
<code>  final bool automatic;</code>
</line>
<line>
<code/>
</line>
<line>
<code>  /// JSON paths to fields that must be indexed. Must end with `/?` for scalar</code>
</line>
<line>
<code>  /// fields, or `/*` to include all sub-nodes.</code>
</line>
<line hits="1">
<code>  final includedPaths = &lt;IndexPath&gt;[];</code>
<hit count="1" name="&lt;unnamed&gt;"/>
</line>
<line>
<code/>
</line>
<line>
<code>  /// JSON paths to fields that must not be indexed. See also [includedPaths].</code>
</line>
<line hits="1">
<code>  final excludedPaths = &lt;IndexPath&gt;[];</code>
<hit count="1" name="&lt;unnamed&gt;"/>
</line>
<line>
<code/>
</line>
<line>
<code>  /// List of JSON paths for composite indexes. Only scalar values are covered,</code>
</line>
<line>
<code>  /// so these paths should not include the `/?` nor the `/*`suffix.</code>
</line>
<line hits="1">
<code>  final compositeIndexes = &lt;List&lt;IndexPath&gt;&gt;[];</code>
<hit count="1" name="&lt;unnamed&gt;"/>
</line>
<line>
<code/>
</line>
<line>
<code>  /// List of JSON paths for spatial indexing.</code>
</line>
<line hits="1">
<code>  final spatialIndexes = &lt;SpatialIndexPath&gt;[];</code>
<hit count="1" name="&lt;unnamed&gt;"/>
</line>
<line>
<code/>
</line>
<line>
<code>  /// Serializes this instance to a JSON object.</code>
</line>
<line hits="3">
<code>  Map&lt;String, dynamic&gt; toJson() =&gt; {</code>
<hit count="3" name="&lt;unnamed&gt;"/>
</line>
<line hits="4">
<code>        'indexingMode': indexingMode.name,</code>
<hit count="4" name="&lt;unnamed&gt;"/>
</line>
<line hits="3">
<code>        'automatic': automatic,</code>
<hit count="3" name="&lt;unnamed&gt;"/>
</line>
<line hits="3">
<code>        if (includedPaths.isNotEmpty)</code>
<hit count="3" name="&lt;unnamed&gt;"/>
</line>
<line hits="7">
<code>          'includedPaths': includedPaths.map((p) =&gt; p.toJson()).toList(),</code>
<hit count="7" name="&lt;unnamed&gt;"/>
</line>
<line hits="3">
<code>        if (excludedPaths.isNotEmpty)</code>
<hit count="3" name="&lt;unnamed&gt;"/>
</line>
<line hits="1">
<code>          'excludedPaths':</code>
<hit count="1" name="&lt;unnamed&gt;"/>
</line>
<line hits="7">
<code>              excludedPaths.map((p) =&gt; p.toJson()..remove('order')).toList(),</code>
<hit count="7" name="&lt;unnamed&gt;"/>
</line>
<line hits="3">
<code>        if (compositeIndexes.isNotEmpty)</code>
<hit count="3" name="&lt;unnamed&gt;"/>
</line>
<line hits="2">
<code>          'compositeIndexes': compositeIndexes</code>
<hit count="2" name="&lt;unnamed&gt;"/>
</line>
<line hits="4">
<code>              .where((c) =&gt; c.isNotEmpty)</code>
<hit count="4" name="&lt;unnamed&gt;"/>
</line>
<line hits="7">
<code>              .map((c) =&gt; c.map((p) =&gt; p.toJson()).toList())</code>
<hit count="7" name="&lt;unnamed&gt;"/>
</line>
<line hits="1">
<code>              .toList(),</code>
<hit count="1" name="&lt;unnamed&gt;"/>
</line>
<line hits="3">
<code>        if (spatialIndexes.isNotEmpty)</code>
<hit count="3" name="&lt;unnamed&gt;"/>
</line>
<line hits="7">
<code>          'spatialIndexes': spatialIndexes.map((p) =&gt; p.toJson()).toList(),</code>
<hit count="7" name="&lt;unnamed&gt;"/>
</line>
<line hits="1">
<code>      };</code>
<hit count="1" name="&lt;unnamed&gt;"/>
</line>
<line>
<code/>
</line>
<line>
<code>  /// Deserializes data from JSON object [json] into a new [IndexingPolicy] instance.</code>
</line>
<line>
<code>  /// Handles fields `indexingMode`, `includedPaths`, `excludedPaths`, `spatialIndexes`,</code>
</line>
<line>
<code>  /// `compositeIndexes`.</code>
</line>
<line hits="2">
<code>  static IndexingPolicy fromJson(Map json) {</code>
<hit count="2" name="&lt;unnamed&gt;"/>
</line>
<line hits="3">
<code>    final mode = IndexingMode.tryParse(json['indexingMode']);</code>
<hit count="3" name="&lt;unnamed&gt;"/>
</line>
<line hits="2">
<code>    final automatic = json['automatic'] as bool;</code>
<hit count="2" name="&lt;unnamed&gt;"/>
</line>
<line hits="2">
<code>    final policy = IndexingPolicy(indexingMode: mode!, automatic: automatic);</code>
<hit count="2" name="&lt;unnamed&gt;"/>
</line>
<line hits="2">
<code>    var item = json['includedPaths'];</code>
<hit count="2" name="&lt;unnamed&gt;"/>
</line>
<line hits="1">
<code>    if (item != null) {</code>
<hit count="1" name="&lt;unnamed&gt;"/>
</line>
<line hits="3">
<code>      for (Map include in item) {</code>
<hit count="3" name="&lt;unnamed&gt;"/>
</line>
<line hits="4">
<code>        policy.includedPaths.add(IndexPath.fromJson(include));</code>
<hit count="4" name="&lt;unnamed&gt;"/>
</line>
<line>
<code>      }</code>
</line>
<line>
<code>    }</code>
</line>
<line hits="2">
<code>    item = json['excludedPaths'];</code>
<hit count="2" name="&lt;unnamed&gt;"/>
</line>
<line hits="1">
<code>    if (item != null) {</code>
<hit count="1" name="&lt;unnamed&gt;"/>
</line>
<line hits="3">
<code>      for (Map exclude in item) {</code>
<hit count="3" name="&lt;unnamed&gt;"/>
</line>
<line hits="4">
<code>        policy.excludedPaths.add(IndexPath.fromJson(exclude));</code>
<hit count="4" name="&lt;unnamed&gt;"/>
</line>
<line>
<code>      }</code>
</line>
<line>
<code>    }</code>
</line>
<line hits="2">
<code>    item = json['spatialIndexes'];</code>
<hit count="2" name="&lt;unnamed&gt;"/>
</line>
<line hits="1">
<code>    if (item != null) {</code>
<hit count="1" name="&lt;unnamed&gt;"/>
</line>
<line hits="3">
<code>      for (Map spatial in item) {</code>
<hit count="3" name="&lt;unnamed&gt;"/>
</line>
<line hits="4">
<code>        policy.spatialIndexes.add(SpatialIndexPath.fromJson(spatial));</code>
<hit count="4" name="&lt;unnamed&gt;"/>
</line>
<line>
<code>      }</code>
</line>
<line>
<code>    }</code>
</line>
<line hits="2">
<code>    item = json['compositeIndexes'];</code>
<hit count="2" name="&lt;unnamed&gt;"/>
</line>
<line hits="1">
<code>    if (item != null) {</code>
<hit count="1" name="&lt;unnamed&gt;"/>
</line>
<line hits="3">
<code>      for (List composite in item) {</code>
<hit count="3" name="&lt;unnamed&gt;"/>
</line>
<line hits="0">
<code>        try {</code>
</line>
<line hits="2">
<code>          policy.compositeIndexes</code>
<hit count="2" name="&lt;unnamed&gt;"/>
</line>
<line hits="6">
<code>              .add(composite.map((i) =&gt; IndexPath.fromJson(i)).toList());</code>
<hit count="6" name="&lt;unnamed&gt;"/>
</line>
<line hits="0">
<code>        } catch (ex, st) {</code>
</line>
<line hits="0">
<code>          print(ex);</code>
</line>
<line hits="0">
<code>          print(st);</code>
</line>
<line hits="0">
<code>          rethrow;</code>
</line>
<line>
<code>        }</code>
</line>
<line>
<code>      }</code>
</line>
<line>
<code>    }</code>
</line>
<line hits="1">
<code>    return policy;</code>
<hit count="1" name="&lt;unnamed&gt;"/>
</line>
<line hits="1">
<code>  }</code>
<hit count="1" name="&lt;unnamed&gt;"/>
</line>
<line>
<code>}</code>
</line>
</lines>
<config branch-coverage="true" description-file="false" function-coverage="true" genhtml_hi_limit="90" genhtml_med_limit="75" legend="false" no-sort="false" no-source="false"/>
<base href="../"/>
<base href="../"/>
</coverage>
