<?xml version="1.0" encoding="UTF-8" standalone="no"?>
<?xml-stylesheet type="text/xsl" href="../jgenhtml.xsl"?><coverage branch-rate="NaN" branches-covered="0" branches-valid="0" complexity="0" date="2023-01-29" filename="index" function-rate="NaN" functions-covered="0" functions-valid="0" line-rate="0.95" lines-covered="95" lines-valid="100" package="/indexing" testname="lcov.info" version="1.5">
<sources>
<source branches-hit="0" branches-valid="0" filename="indexing_policy.dart" functions-hit="0" functions-valid="0" lines-hit="45" lines-valid="50" prefix="/a/azure_cosmosdb/azure_cosmosdb/lib/src">
<testCase branch-hit="0" function-hit="0" line-hit="45" name="&lt;unnamed&gt;"/>
</source>
<source branches-hit="0" branches-valid="0" filename="index_path.dart" functions-hit="0" functions-valid="0" lines-hit="7" lines-valid="7" prefix="/a/azure_cosmosdb/azure_cosmosdb/lib/src">
<testCase branch-hit="0" function-hit="0" line-hit="7" name="&lt;unnamed&gt;"/>
</source>
<source branches-hit="0" branches-valid="0" filename="geospatial_config.dart" functions-hit="0" functions-valid="0" lines-hit="9" lines-valid="9" prefix="/a/azure_cosmosdb/azure_cosmosdb/lib/src">
<testCase branch-hit="0" function-hit="0" line-hit="9" name="&lt;unnamed&gt;"/>
</source>
<source branches-hit="0" branches-valid="0" filename="indexing_mode.dart" functions-hit="0" functions-valid="0" lines-hit="3" lines-valid="3" prefix="/a/azure_cosmosdb/azure_cosmosdb/lib/src">
<testCase branch-hit="0" function-hit="0" line-hit="3" name="&lt;unnamed&gt;"/>
</source>
<source branches-hit="0" branches-valid="0" filename="spatial_index_path.dart" functions-hit="0" functions-valid="0" lines-hit="16" lines-valid="16" prefix="/a/azure_cosmosdb/azure_cosmosdb/lib/src">
<testCase branch-hit="0" function-hit="0" line-hit="16" name="&lt;unnamed&gt;"/>
</source>
<source branches-hit="0" branches-valid="0" filename="bounding_box.dart" functions-hit="0" functions-valid="0" lines-hit="9" lines-valid="9" prefix="/a/azure_cosmosdb/azure_cosmosdb/lib/src">
<testCase branch-hit="0" function-hit="0" line-hit="9" name="&lt;unnamed&gt;"/>
</source>
<source branches-hit="0" branches-valid="0" filename="data_type.dart" functions-hit="0" functions-valid="0" lines-hit="3" lines-valid="3" prefix="/a/azure_cosmosdb/azure_cosmosdb/lib/src">
<testCase branch-hit="0" function-hit="0" line-hit="3" name="&lt;unnamed&gt;"/>
</source>
<source branches-hit="0" branches-valid="0" filename="index_order.dart" functions-hit="0" functions-valid="0" lines-hit="3" lines-valid="3" prefix="/a/azure_cosmosdb/azure_cosmosdb/lib/src">
<testCase branch-hit="0" function-hit="0" line-hit="3" name="&lt;unnamed&gt;"/>
</source>
</sources>
<config branch-coverage="true" description-file="false" function-coverage="true" genhtml_hi_limit="90" genhtml_med_limit="75" legend="false" no-sort="false" no-source="false"/>
<base href="../"/>
<base href="../"/>
</coverage>
