<?xml version="1.0" encoding="UTF-8" standalone="no"?>
<?xml-stylesheet type="text/xsl" href="../jgenhtml.xsl"?><coverage branch-rate="NaN" branches-covered="0" branches-valid="0" complexity="0" date="2023-10-13" filename="spatial_index_path.dart" function-rate="NaN" functions-covered="0" functions-valid="0" line-rate="1.0" lines-covered="16" lines-valid="16" package="/indexing" testname="lcov.info" version="1.5">
<lines>
<line>
<code>import 'bounding_box.dart';</code>
</line>
<line>
<code>import 'data_type.dart';</code>
</line>
<line>
<code/>
</line>
<line>
<code>/// Class representing a spatial index.</code>
</line>
<line>
<code>class SpatialIndexPath {</code>
</line>
<line hits="2">
<code>  SpatialIndexPath(this.path, {Iterable&lt;DataType&gt;? types, this.boundingBox})</code>
<hit count="2" name="&lt;unnamed&gt;"/>
</line>
<line hits="2">
<code>      : types = (types == null) ? null : List&lt;DataType&gt;.unmodifiable(types);</code>
<hit count="2" name="&lt;unnamed&gt;"/>
</line>
<line>
<code/>
</line>
<line>
<code>  /// JSON path to the field.</code>
</line>
<line>
<code>  final String path;</code>
</line>
<line>
<code/>
</line>
<line>
<code>  /// Data types covered by the index.</code>
</line>
<line>
<code>  final List&lt;DataType&gt;? types;</code>
</line>
<line>
<code/>
</line>
<line>
<code>  /// Bounding box (geometry only).</code>
</line>
<line>
<code>  final BoundingBox? boundingBox;</code>
</line>
<line>
<code/>
</line>
<line>
<code>  /// Serializes this instance to a JSON object.</code>
</line>
<line hits="3">
<code>  Map&lt;String, dynamic&gt; toJson() =&gt; {</code>
<hit count="3" name="&lt;unnamed&gt;"/>
</line>
<line hits="3">
<code>        'path': path,</code>
<hit count="3" name="&lt;unnamed&gt;"/>
</line>
<line hits="7">
<code>        'types': (types ?? DataType.spatial).map((t) =&gt; t.name).toList(),</code>
<hit count="7" name="&lt;unnamed&gt;"/>
</line>
<line hits="5">
<code>        if (boundingBox != null) 'boundingBox': boundingBox!.toJson(),</code>
<hit count="5" name="&lt;unnamed&gt;"/>
</line>
<line hits="1">
<code>      };</code>
<hit count="1" name="&lt;unnamed&gt;"/>
</line>
<line>
<code/>
</line>
<line>
<code>  /// Deserializes data from JSON object [json] into a new [SpatialIndexPath] instance.</code>
</line>
<line>
<code>  /// Handles fields `path`, `types`, `boundingBox`.</code>
</line>
<line hits="2">
<code>  static SpatialIndexPath fromJson(Map json) {</code>
<hit count="2" name="&lt;unnamed&gt;"/>
</line>
<line hits="2">
<code>    final path = json['path'];</code>
<hit count="2" name="&lt;unnamed&gt;"/>
</line>
<line hits="2">
<code>    final types = json['types'] as List?;</code>
<hit count="2" name="&lt;unnamed&gt;"/>
</line>
<line hits="2">
<code>    final bbox = json['boundingBox'];</code>
<hit count="2" name="&lt;unnamed&gt;"/>
</line>
<line hits="2">
<code>    return SpatialIndexPath(</code>
<hit count="2" name="&lt;unnamed&gt;"/>
</line>
<line hits="1">
<code>      path,</code>
<hit count="1" name="&lt;unnamed&gt;"/>
</line>
<line hits="4">
<code>      types: (types == null) ? null : types.map((t) =&gt; DataType.tryParse(t)!),</code>
<hit count="4" name="&lt;unnamed&gt;"/>
</line>
<line hits="2">
<code>      boundingBox: (bbox == null) ? null : BoundingBox.fromJson(bbox),</code>
<hit count="2" name="&lt;unnamed&gt;"/>
</line>
<line>
<code>    );</code>
</line>
<line hits="1">
<code>  }</code>
<hit count="1" name="&lt;unnamed&gt;"/>
</line>
<line>
<code>}</code>
</line>
</lines>
<config branch-coverage="true" description-file="false" function-coverage="true" genhtml_hi_limit="90" genhtml_med_limit="75" legend="false" no-sort="false" no-source="false"/>
<base href="../"/>
<base href="../"/>
</coverage>
