<?xml version="1.0" encoding="UTF-8" standalone="no"?>
<?xml-stylesheet type="text/xsl" href="../jgenhtml.xsl"?><coverage branch-rate="NaN" branches-covered="0" branches-valid="0" complexity="0" date="2023-10-12" filename="batch_response.dart" function-rate="NaN" functions-covered="0" functions-valid="0" line-rate="0.5769231" lines-covered="15" lines-valid="26" package="/batch" testname="lcov.info" version="1.5">
<lines>
<line>
<code>import 'package:meta/meta.dart';</code>
</line>
<line>
<code/>
</line>
<line>
<code>import '../_internal/_linq_extensions.dart';</code>
</line>
<line>
<code>import '../base_document.dart';</code>
</line>
<line>
<code>import '../client/_context.dart';</code>
</line>
<line>
<code>import 'batch_operation.dart';</code>
</line>
<line>
<code>import 'batch_operation_result.dart';</code>
</line>
<line>
<code/>
</line>
<line>
<code>/// Class containing the results of a batch transaction.</code>
</line>
<line hits="1">
<code>class BatchResponse {</code>
<hit count="1" name="&lt;unnamed&gt;"/>
</line>
<line hits="1">
<code>  final _results = &lt;BatchOperationResult&gt;[];</code>
<hit count="1" name="&lt;unnamed&gt;"/>
</line>
<line>
<code/>
</line>
<line>
<code>  /// The number of results in this batch response.</code>
</line>
<line hits="4">
<code>  int get length =&gt; _results.length;</code>
<hit count="4" name="&lt;unnamed&gt;"/>
</line>
<line>
<code/>
</line>
<line>
<code>  /// Provides access to items returned by Cosmos DB in this batch response.</code>
</line>
<line hits="0">
<code>  T? get&lt;T extends BaseDocument&gt;(int index) =&gt; _results[index].item as T?;</code>
</line>
<line>
<code/>
</line>
<line>
<code>  /// Returns `true` if all batch operations succeeded, or if the result list is empty.</code>
</line>
<line hits="8">
<code>  bool get isSuccess =&gt; _results.isEmpty || _results.every((r) =&gt; r.isSuccess);</code>
<hit count="8" name="&lt;unnamed&gt;"/>
</line>
<line>
<code/>
</line>
<line>
<code>  /// Returns all results contained in this batch response.</code>
</line>
<line hits="4">
<code>  Iterable&lt;BatchOperationResult&gt; get results =&gt; _results.asIterable();</code>
<hit count="4" name="&lt;unnamed&gt;"/>
</line>
<line>
<code/>
</line>
<line>
<code>  /// Returns only the results that have failed.</code>
</line>
<line hits="0">
<code>  Iterable&lt;BatchOperationResult&gt; get errors =&gt;</code>
</line>
<line hits="0">
<code>      _results.where((r) =&gt; !r.isSuccess);</code>
</line>
<line>
<code>}</code>
</line>
<line>
<code/>
</line>
<line>
<code>// internal use</code>
</line>
<line>
<code>@internal</code>
</line>
<line>
<code>extension BatchResponseInternalExt on BatchResponse {</code>
</line>
<line hits="1">
<code>  void addAll(Iterable&lt;BatchOperationResult&gt; results) =&gt;</code>
<hit count="1" name="&lt;unnamed&gt;"/>
</line>
<line hits="3">
<code>      _results.addAll(results);</code>
<hit count="3" name="&lt;unnamed&gt;"/>
</line>
<line>
<code/>
</line>
<line hits="4">
<code>  void add(BatchOperationResult result) =&gt; _results.add(result);</code>
<hit count="4" name="&lt;unnamed&gt;"/>
</line>
<line>
<code/>
</line>
<line hits="0">
<code>  void update(BatchResponse newResults) {</code>
</line>
<line hits="0">
<code>    final updated = Map&lt;BatchOperation, BatchOperationResult&gt;.fromEntries(</code>
</line>
<line hits="0">
<code>        newResults._results.map((r) =&gt; MapEntry(r.operation, r)));</code>
</line>
<line hits="0">
<code>    for (var i = 0; i &lt; _results.length; i++) {</code>
</line>
<line hits="0">
<code>      final r = updated[_results[i].operation];</code>
</line>
<line hits="0">
<code>      if (r != null) {</code>
</line>
<line hits="0">
<code>        _results[i] = r;</code>
</line>
<line>
<code>      }</code>
</line>
<line>
<code>    }</code>
</line>
<line hits="0">
<code>  }</code>
</line>
<line>
<code/>
</line>
<line hits="2">
<code>  static BatchResponse build(</code>
<hit count="2" name="&lt;unnamed&gt;"/>
</line>
<line>
<code>      List json, Iterable&lt;BatchOperation&gt; operations, Context context) {</code>
</line>
<line hits="1">
<code>    final resp = BatchResponse();</code>
<hit count="1" name="&lt;unnamed&gt;"/>
</line>
<line>
<code>    var index = 0;</code>
</line>
<line hits="3">
<code>    for (var op in operations) {</code>
<hit count="3" name="&lt;unnamed&gt;"/>
</line>
<line hits="5">
<code>      resp._results.add(op.setResult(json[index], context));</code>
<hit count="5" name="&lt;unnamed&gt;"/>
</line>
<line hits="2">
<code>      index += 1;</code>
<hit count="2" name="&lt;unnamed&gt;"/>
</line>
<line>
<code>    }</code>
</line>
<line hits="1">
<code>    return resp;</code>
<hit count="1" name="&lt;unnamed&gt;"/>
</line>
<line hits="1">
<code>  }</code>
<hit count="1" name="&lt;unnamed&gt;"/>
</line>
<line>
<code>}</code>
</line>
</lines>
<config branch-coverage="true" description-file="false" function-coverage="true" genhtml_hi_limit="90" genhtml_med_limit="75" legend="false" no-sort="false" no-source="false"/>
<base href="../"/>
<base href="../"/>
</coverage>
