<?xml version="1.0" encoding="UTF-8" standalone="no"?>
<?xml-stylesheet type="text/xsl" href="../jgenhtml.xsl"?><coverage branch-rate="NaN" branches-covered="0" branches-valid="0" complexity="0" date="2023-01-24" filename="batch_operation.dart" function-rate="NaN" functions-covered="0" functions-valid="0" line-rate="0.97727275" lines-covered="43" lines-valid="44" package="/batch" testname="lcov.info" version="1.5">
<lines>
<line>
<code>import 'dart:convert';</code>
</line>
<line>
<code/>
</line>
<line>
<code>import 'package:meta/meta.dart';</code>
</line>
<line>
<code/>
</line>
<line>
<code>import '../base_document.dart';</code>
</line>
<line>
<code>import '../client/_context.dart';</code>
</line>
<line>
<code>import '../partition/partition_key.dart';</code>
</line>
<line>
<code>import '../partition/partition_key_spec.dart';</code>
</line>
<line>
<code>import 'batch.dart';</code>
</line>
<line>
<code>import 'batch_operation_result.dart';</code>
</line>
<line>
<code>import 'batch_operation_type.dart';</code>
</line>
<line>
<code>import 'operations/batch_operation_create.dart';</code>
</line>
<line>
<code>import 'operations/batch_operation_read.dart';</code>
</line>
<line>
<code/>
</line>
<line>
<code>/// Base class for batch operations.</code>
</line>
<line>
<code>abstract class BatchOperation {</code>
</line>
<line>
<code>  /// Creates a new batch operation targeting [partitionKey].</code>
</line>
<line hits="1">
<code>  BatchOperation({PartitionKey? partitionKey}) : _partitionKey = partitionKey;</code>
<hit count="1" name="&lt;unnamed&gt;"/>
</line>
<line>
<code/>
</line>
<line>
<code>  final PartitionKey? _partitionKey;</code>
</line>
<line>
<code/>
</line>
<line>
<code>  /// The operation's target [partitionKey].</code>
</line>
<line hits="3">
<code>  PartitionKey? get partitionKey =&gt; _partitionKey;</code>
<hit count="3" name="&lt;unnamed&gt;"/>
</line>
<line>
<code/>
</line>
<line>
<code>  /// The operation's type.</code>
</line>
<line>
<code>  BatchOperationType get type;</code>
</line>
<line>
<code/>
</line>
<line>
<code>  /// Serializes this instance to a JSON object.</code>
</line>
<line hits="3">
<code>  Map&lt;String, dynamic&gt; toJson() =&gt; {</code>
<hit count="3" name="&lt;unnamed&gt;"/>
</line>
<line hits="3">
<code>        'operationType': type.name,</code>
<hit count="3" name="&lt;unnamed&gt;"/>
</line>
<line hits="4">
<code>        'partitionKey': jsonEncode(partitionKey?.values),</code>
<hit count="4" name="&lt;unnamed&gt;"/>
</line>
<line hits="1">
<code>      };</code>
<hit count="1" name="&lt;unnamed&gt;"/>
</line>
<line>
<code/>
</line>
<line hits="1">
<code>  BatchOperationResult? _result;</code>
<hit count="1" name="&lt;unnamed&gt;"/>
</line>
<line>
<code/>
</line>
<line>
<code>  /// The operation's result. This property will be set after calling [Batch.execute]; it</code>
</line>
<line>
<code>  /// returns `null` if the batch has not been executed yet.</code>
</line>
<line hits="3">
<code>  BatchOperationResult? get result =&gt; _result;</code>
<hit count="3" name="&lt;unnamed&gt;"/>
</line>
<line>
<code/>
</line>
<line hits="2">
<code>  BatchOperationResult _setResult(Map res, Context? context) {</code>
<hit count="2" name="&lt;unnamed&gt;"/>
</line>
<line hits="2">
<code>    final statusCode = res['statusCode'];</code>
<hit count="2" name="&lt;unnamed&gt;"/>
</line>
<line hits="2">
<code>    final retryAfterMs = res['retryAfterMilliseconds'];</code>
<hit count="2" name="&lt;unnamed&gt;"/>
</line>
<line hits="2">
<code>    final result = BatchOperationResult.noItem(this, statusCode, retryAfterMs);</code>
<hit count="2" name="&lt;unnamed&gt;"/>
</line>
<line hits="2">
<code>    _result = result;</code>
<hit count="2" name="&lt;unnamed&gt;"/>
</line>
<line hits="1">
<code>    return result;</code>
<hit count="1" name="&lt;unnamed&gt;"/>
</line>
<line hits="1">
<code>  }</code>
<hit count="1" name="&lt;unnamed&gt;"/>
</line>
<line>
<code>}</code>
</line>
<line>
<code/>
</line>
<line>
<code>/// Base class for batch operations on specific document types, e.g. [BatchOperationRead].</code>
</line>
<line>
<code>abstract class BatchOperationOnType&lt;T extends BaseDocument&gt;</code>
</line>
<line>
<code>    extends BatchOperation {</code>
</line>
<line hits="1">
<code>  BatchOperationOnType({PartitionKey? partitionKey})</code>
<hit count="1" name="&lt;unnamed&gt;"/>
</line>
<line hits="1">
<code>      : super(partitionKey: partitionKey);</code>
<hit count="1" name="&lt;unnamed&gt;"/>
</line>
<line>
<code/>
</line>
<line hits="1">
<code>  @override</code>
<hit count="1" name="&lt;unnamed&gt;"/>
</line>
<line hits="2">
<code>  BatchOperationResult&lt;T&gt;? get result =&gt; _result as BatchOperationResult&lt;T&gt;?;</code>
<hit count="2" name="&lt;unnamed&gt;"/>
</line>
<line>
<code/>
</line>
<line hits="1">
<code>  @override</code>
<hit count="1" name="&lt;unnamed&gt;"/>
</line>
<line hits="1">
<code>  BatchOperationResult&lt;T&gt; _setResult(Map res, Context? context) {</code>
<hit count="1" name="&lt;unnamed&gt;"/>
</line>
<line hits="2">
<code>    final statusCode = res['statusCode'];</code>
<hit count="2" name="&lt;unnamed&gt;"/>
</line>
<line hits="2">
<code>    final retryAfterMs = res['retryAfterMilliseconds'];</code>
<hit count="2" name="&lt;unnamed&gt;"/>
</line>
<line hits="2">
<code>    final json = res['resourceBody'];</code>
<hit count="2" name="&lt;unnamed&gt;"/>
</line>
<line>
<code>    T? doc;</code>
</line>
<line>
<code>    if (json != null) {</code>
</line>
<line hits="2">
<code>      final builder = context!.getBuilder&lt;T&gt;();</code>
<hit count="2" name="&lt;unnamed&gt;"/>
</line>
<line hits="2">
<code>      doc = builder(json);</code>
<hit count="2" name="&lt;unnamed&gt;"/>
</line>
<line>
<code>    }</code>
</line>
<line hits="2">
<code>    final result = BatchOperationResult&lt;T&gt;(this, statusCode, retryAfterMs, doc);</code>
<hit count="2" name="&lt;unnamed&gt;"/>
</line>
<line hits="2">
<code>    _result = result;</code>
<hit count="2" name="&lt;unnamed&gt;"/>
</line>
<line hits="1">
<code>    return result;</code>
<hit count="1" name="&lt;unnamed&gt;"/>
</line>
<line hits="1">
<code>  }</code>
<hit count="1" name="&lt;unnamed&gt;"/>
</line>
<line>
<code>}</code>
</line>
<line>
<code/>
</line>
<line>
<code>/// Base class for batch operations on specific items, e.g. [BatchOperationCreate].</code>
</line>
<line>
<code>abstract class BatchOperationOnItem&lt;T extends BaseDocument&gt;</code>
</line>
<line>
<code>    extends BatchOperationOnType&lt;T&gt; {</code>
</line>
<line hits="1">
<code>  BatchOperationOnItem(this.item,</code>
<hit count="1" name="&lt;unnamed&gt;"/>
</line>
<line>
<code>      {PartitionKeySpec? partitionKeySpec, PartitionKey? partitionKey})</code>
</line>
<line>
<code>      : _partitionKeySpec = partitionKeySpec,</code>
</line>
<line hits="1">
<code>        super(partitionKey: partitionKey);</code>
<hit count="1" name="&lt;unnamed&gt;"/>
</line>
<line>
<code/>
</line>
<line>
<code>  /// The operation's target [item].</code>
</line>
<line>
<code>  final T item;</code>
</line>
<line>
<code/>
</line>
<line>
<code>  final PartitionKeySpec? _partitionKeySpec;</code>
</line>
<line>
<code/>
</line>
<line hits="1">
<code>  @override</code>
<hit count="1" name="&lt;unnamed&gt;"/>
</line>
<line hits="1">
<code>  PartitionKey? get partitionKey =&gt;</code>
<hit count="1" name="&lt;unnamed&gt;"/>
</line>
<line hits="5">
<code>      super.partitionKey ?? _partitionKeySpec?.from(item);</code>
<hit count="5" name="&lt;unnamed&gt;"/>
</line>
<line>
<code/>
</line>
<line hits="1">
<code>  @override</code>
<hit count="1" name="&lt;unnamed&gt;"/>
</line>
<line hits="2">
<code>  Map&lt;String, dynamic&gt; toJson() =&gt; super.toJson()</code>
<hit count="2" name="&lt;unnamed&gt;"/>
</line>
<line hits="3">
<code>    ..addAll({</code>
<hit count="3" name="&lt;unnamed&gt;"/>
</line>
<line hits="3">
<code>      'id': item.id,</code>
<hit count="3" name="&lt;unnamed&gt;"/>
</line>
<line hits="3">
<code>      'resourceBody': item.toJson(),</code>
<hit count="3" name="&lt;unnamed&gt;"/>
</line>
<line hits="1">
<code>    });</code>
<hit count="1" name="&lt;unnamed&gt;"/>
</line>
<line>
<code>}</code>
</line>
<line>
<code/>
</line>
<line>
<code>// internal use</code>
</line>
<line>
<code>@internal</code>
</line>
<line>
<code>extension BatchOperationInternalExt on BatchOperation {</code>
</line>
<line hits="1">
<code>  BatchOperationResult setResult(Map res, Context? context) =&gt;</code>
<hit count="1" name="&lt;unnamed&gt;"/>
</line>
<line hits="2">
<code>      _setResult(res, context);</code>
<hit count="2" name="&lt;unnamed&gt;"/>
</line>
<line>
<code/>
</line>
<line hits="0">
<code>  void clearResult() =&gt; _result = null;</code>
</line>
<line>
<code>}</code>
</line>
</lines>
<config branch-coverage="true" description-file="false" function-coverage="true" genhtml_hi_limit="90" genhtml_med_limit="75" legend="false" no-sort="false" no-source="false"/>
<base href="../"/>
<base href="../"/>
</coverage>
