<?xml version="1.0" encoding="UTF-8" standalone="no"?>
<?xml-stylesheet type="text/xsl" href="../jgenhtml.xsl"?><coverage branch-rate="NaN" branches-covered="0" branches-valid="0" complexity="0" date="2023-01-29" filename="index" function-rate="NaN" functions-covered="0" functions-valid="0" line-rate="0.9211823" lines-covered="187" lines-valid="203" package="/batch" testname="lcov.info" version="1.5">
<sources>
<source branches-hit="0" branches-valid="0" filename="batch_operation_type.dart" functions-hit="0" functions-valid="0" lines-hit="1" lines-valid="1" prefix="/a/azure_cosmosdb/azure_cosmosdb/lib/src">
<testCase branch-hit="0" function-hit="0" line-hit="1" name="&lt;unnamed&gt;"/>
</source>
<source branches-hit="0" branches-valid="0" filename="batch.dart" functions-hit="0" functions-valid="0" lines-hit="24" lines-valid="25" prefix="/a/azure_cosmosdb/azure_cosmosdb/lib/src">
<testCase branch-hit="0" function-hit="0" line-hit="24" name="&lt;unnamed&gt;"/>
</source>
<source branches-hit="0" branches-valid="0" filename="batch_response.dart" functions-hit="0" functions-valid="0" lines-hit="15" lines-valid="26" prefix="/a/azure_cosmosdb/azure_cosmosdb/lib/src">
<testCase branch-hit="0" function-hit="0" line-hit="15" name="&lt;unnamed&gt;"/>
</source>
<source branches-hit="0" branches-valid="0" filename="batch_operation_result.dart" functions-hit="0" functions-valid="0" lines-hit="3" lines-valid="3" prefix="/a/azure_cosmosdb/azure_cosmosdb/lib/src">
<testCase branch-hit="0" function-hit="0" line-hit="3" name="&lt;unnamed&gt;"/>
</source>
<source branches-hit="0" branches-valid="0" filename="cross_partition_batch.dart" functions-hit="0" functions-valid="0" lines-hit="41" lines-valid="43" prefix="/a/azure_cosmosdb/azure_cosmosdb/lib/src">
<testCase branch-hit="0" function-hit="0" line-hit="41" name="&lt;unnamed&gt;"/>
</source>
<source branches-hit="0" branches-valid="0" filename="transactional_batch.dart" functions-hit="0" functions-valid="0" lines-hit="60" lines-valid="61" prefix="/a/azure_cosmosdb/azure_cosmosdb/lib/src">
<testCase branch-hit="0" function-hit="0" line-hit="60" name="&lt;unnamed&gt;"/>
</source>
<source branches-hit="0" branches-valid="0" filename="batch_operation.dart" functions-hit="0" functions-valid="0" lines-hit="43" lines-valid="44" prefix="/a/azure_cosmosdb/azure_cosmosdb/lib/src">
<testCase branch-hit="0" function-hit="0" line-hit="43" name="&lt;unnamed&gt;"/>
</source>
</sources>
<config branch-coverage="true" description-file="false" function-coverage="true" genhtml_hi_limit="90" genhtml_med_limit="75" legend="false" no-sort="false" no-source="false"/>
<base href="../"/>
<base href="../"/>
</coverage>
